<?xml version="1.0" encoding="UTF-8" standalone="yes"?>
<ns2:test-suite xmlns:ns2="urn:model.allure.qatools.yandex.ru" start="1417194415164" stop="1417194427728">
    <name>Custom suite</name>
    <test-cases>
        <test-case start="1417194424270" stop="1417194427568" status="broken">
            <name>validTabNameTest[[LabManager_LabManager, LabManager111, OstrTestGroup, QA]]</name>
            <failure>
                <message>InvalidSelectorException: The given selector string(//*[@id='group_journal']/div/div/div[1]) is either invalid or does not result in a WebElement. The following error occurred:
InvalidSelectorError: Unable to locate an element with the xpath expression string(//*[@id='group_journal']/div/div/div[1]) because of the following error:
TypeError: The expression cannot be converted to return the specified type.
For documentation on this error, please visit: http://seleniumhq.org/exceptions/invalid_selector_exception.html
Build info: version: '2.44.0', revision: '76d78cf', time: '2014-10-23 20:02:37'
System info: host: 'EPUAKHAW0346', ip: '169.254.28.255', os.name: 'Windows 8.1', os.arch: 'amd64', os.version: '6.3', java.version: '1.8.0_25'
Driver info: driver.version: unknown
Command duration or timeout: 659 milliseconds
For documentation on this error, please visit: http://seleniumhq.org/exceptions/invalid_selector_exception.html
Build info: version: '2.44.0', revision: '76d78cf323ce037c5f92db6c1bba601c2ac43ad8', time: '2014-10-23 13:11:40'
System info: host: 'EPUAKHAW0346', ip: '169.254.28.255', os.name: 'Windows 8.1', os.arch: 'amd64', os.version: '6.3', java.version: '1.8.0_20'
Driver info: org.openqa.selenium.remote.RemoteWebDriver
Capabilities [{applicationCacheEnabled=true, rotatable=false, handlesAlerts=true, databaseEnabled=true, version=33.1, platform=WINDOWS, nativeEvents=true, acceptSslCerts=true, webdriver.remote.sessionid=0d565010-6c87-4751-83ff-2e9d1baaaff9, webStorageEnabled=true, locationContextEnabled=true, browserName=firefox, takesScreenshot=true, javascriptEnabled=true, cssSelectorsEnabled=true}]
Session ID: 0d565010-6c87-4751-83ff-2e9d1baaaff9</message>
                <stack-trace>org.openqa.selenium.InvalidSelectorException: The given selector string(//*[@id='group_journal']/div/div/div[1]) is either invalid or does not result in a WebElement. The following error occurred:
InvalidSelectorError: Unable to locate an element with the xpath expression string(//*[@id='group_journal']/div/div/div[1]) because of the following error:
TypeError: The expression cannot be converted to return the specified type.
For documentation on this error, please visit: http://seleniumhq.org/exceptions/invalid_selector_exception.html
Build info: version: '2.44.0', revision: '76d78cf', time: '2014-10-23 20:02:37'
System info: host: 'EPUAKHAW0346', ip: '169.254.28.255', os.name: 'Windows 8.1', os.arch: 'amd64', os.version: '6.3', java.version: '1.8.0_25'
Driver info: driver.version: unknown
Command duration or timeout: 659 milliseconds
For documentation on this error, please visit: http://seleniumhq.org/exceptions/invalid_selector_exception.html
Build info: version: '2.44.0', revision: '76d78cf323ce037c5f92db6c1bba601c2ac43ad8', time: '2014-10-23 13:11:40'
System info: host: 'EPUAKHAW0346', ip: '169.254.28.255', os.name: 'Windows 8.1', os.arch: 'amd64', os.version: '6.3', java.version: '1.8.0_20'
Driver info: org.openqa.selenium.remote.RemoteWebDriver
Capabilities [{applicationCacheEnabled=true, rotatable=false, handlesAlerts=true, databaseEnabled=true, version=33.1, platform=WINDOWS, nativeEvents=true, acceptSslCerts=true, webdriver.remote.sessionid=0d565010-6c87-4751-83ff-2e9d1baaaff9, webStorageEnabled=true, locationContextEnabled=true, browserName=firefox, takesScreenshot=true, javascriptEnabled=true, cssSelectorsEnabled=true}]
Session ID: 0d565010-6c87-4751-83ff-2e9d1baaaff9
	at sun.reflect.NativeConstructorAccessorImpl.newInstance0(Native Method)
	at sun.reflect.NativeConstructorAccessorImpl.newInstance(NativeConstructorAccessorImpl.java:62)
	at sun.reflect.DelegatingConstructorAccessorImpl.newInstance(DelegatingConstructorAccessorImpl.java:45)
	at java.lang.reflect.Constructor.newInstance(Constructor.java:408)
	at org.openqa.selenium.remote.ErrorHandler.createThrowable(ErrorHandler.java:204)
	at org.openqa.selenium.remote.ErrorHandler.throwIfResponseFailed(ErrorHandler.java:156)
	at org.openqa.selenium.remote.RemoteWebDriver.execute(RemoteWebDriver.java:599)
	at org.openqa.selenium.remote.RemoteWebDriver.findElements(RemoteWebDriver.java:377)
	at org.openqa.selenium.remote.RemoteWebDriver.findElementsByXPath(RemoteWebDriver.java:453)
	at org.openqa.selenium.By$ByXPath.findElements(By.java:352)
	at org.openqa.selenium.remote.RemoteWebDriver.findElements(RemoteWebDriver.java:340)
	at khppp.application.components.Component.findAll(Component.java:54)
	at khppp.application.components.Component.displayed(Component.java:103)
	at khppp.application.components.GroupsTab.isGroupTabNameDisplayed(GroupsTab.java:24)
	at khppp.application.steps.GroupsTabSteps.isGroupTabDisplayed(GroupsTabSteps.java:29)
	at khppp.tests.GroupsTest.validTabNameTest(GroupsTest.java:57)
	at sun.reflect.NativeMethodAccessorImpl.invoke0(Native Method)
	at sun.reflect.NativeMethodAccessorImpl.invoke(NativeMethodAccessorImpl.java:62)
	at sun.reflect.DelegatingMethodAccessorImpl.invoke(DelegatingMethodAccessorImpl.java:43)
	at java.lang.reflect.Method.invoke(Method.java:483)
	at org.testng.internal.MethodInvocationHelper.invokeMethod(MethodInvocationHelper.java:80)
	at org.testng.internal.Invoker.invokeMethod(Invoker.java:714)
	at org.testng.internal.Invoker.invokeTestMethod(Invoker.java:901)
	at org.testng.internal.Invoker.invokeTestMethods(Invoker.java:1231)
	at org.testng.internal.TestMethodWorker.invokeTestMethods(TestMethodWorker.java:127)
	at org.testng.internal.TestMethodWorker.run(TestMethodWorker.java:111)
	at org.testng.TestRunner.privateRun(TestRunner.java:767)
	at org.testng.TestRunner.run(TestRunner.java:617)
	at org.testng.SuiteRunner.runTest(SuiteRunner.java:334)
	at org.testng.SuiteRunner.runSequentially(SuiteRunner.java:329)
	at org.testng.SuiteRunner.privateRun(SuiteRunner.java:291)
	at org.testng.SuiteRunner.run(SuiteRunner.java:240)
	at org.testng.SuiteRunnerWorker.runSuite(SuiteRunnerWorker.java:52)
	at org.testng.SuiteRunnerWorker.run(SuiteRunnerWorker.java:86)
	at org.testng.TestNG.runSuitesSequentially(TestNG.java:1198)
	at org.testng.TestNG.runSuitesLocally(TestNG.java:1123)
	at org.testng.TestNG.run(TestNG.java:1031)
	at org.testng.remote.RemoteTestNG.run(RemoteTestNG.java:111)
	at org.testng.remote.RemoteTestNG.initAndRun(RemoteTestNG.java:204)
	at org.testng.remote.RemoteTestNG.main(RemoteTestNG.java:175)
	at org.testng.RemoteTestNGStarter.main(RemoteTestNGStarter.java:125)
	at sun.reflect.NativeMethodAccessorImpl.invoke0(Native Method)
	at sun.reflect.NativeMethodAccessorImpl.invoke(NativeMethodAccessorImpl.java:62)
	at sun.reflect.DelegatingMethodAccessorImpl.invoke(DelegatingMethodAccessorImpl.java:43)
	at java.lang.reflect.Method.invoke(Method.java:483)
	at com.intellij.rt.execution.application.AppMain.main(AppMain.java:134)
Caused by: org.openqa.selenium.remote.ScreenshotException: Screen shot has been taken
Build info: version: '2.44.0', revision: '76d78cf323ce037c5f92db6c1bba601c2ac43ad8', time: '2014-10-23 13:11:40'
System info: host: 'EPUAKHAW0346', ip: '169.254.28.255', os.name: 'Windows 8.1', os.arch: 'amd64', os.version: '6.3', java.version: '1.8.0_20'
Driver info: driver.version: RemoteWebDriver
	at org.openqa.selenium.remote.ErrorHandler.throwIfResponseFailed(ErrorHandler.java:136)
	... 40 more
Caused by: org.openqa.selenium.InvalidSelectorException: The given selector string(//*[@id='group_journal']/div/div/div[1]) is either invalid or does not result in a WebElement. The following error occurred:
InvalidSelectorError: Unable to locate an element with the xpath expression string(//*[@id='group_journal']/div/div/div[1]) because of the following error:
TypeError: The expression cannot be converted to return the specified type.
For documentation on this error, please visit: http://seleniumhq.org/exceptions/invalid_selector_exception.html
Build info: version: '2.44.0', revision: '76d78cf', time: '2014-10-23 20:02:37'
System info: host: 'EPUAKHAW0346', ip: '169.254.28.255', os.name: 'Windows 8.1', os.arch: 'amd64', os.version: '6.3', java.version: '1.8.0_25'
Driver info: driver.version: unknown
For documentation on this error, please visit: http://seleniumhq.org/exceptions/invalid_selector_exception.html
Build info: version: '2.44.0', revision: '76d78cf323ce037c5f92db6c1bba601c2ac43ad8', time: '2014-10-23 13:11:40'
System info: host: 'EPUAKHAW0346', ip: '169.254.28.255', os.name: 'Windows 8.1', os.arch: 'amd64', os.version: '6.3', java.version: '1.8.0_20'
Driver info: driver.version: unknown
	at &lt;anonymous class&gt;.FirefoxDriver.annotateInvalidSelectorError_(file:///C:/Users/OLEKSA~1/AppData/Local/Temp/anonymous3079785269635904833webdriver-profile/extensions/fxdriver@googlecode.com/components/driver-component.js:9615:1)
	at &lt;anonymous class&gt;.FirefoxDriver.prototype.findElementsInternal_(file:///C:/Users/OLEKSA~1/AppData/Local/Temp/anonymous3079785269635904833webdriver-profile/extensions/fxdriver@googlecode.com/components/driver-component.js:9673:9)
	at &lt;anonymous class&gt;.FirefoxDriver.prototype.findElements(file:///C:/Users/OLEKSA~1/AppData/Local/Temp/anonymous3079785269635904833webdriver-profile/extensions/fxdriver@googlecode.com/components/driver-component.js:9677:3)
	at &lt;anonymous class&gt;.DelayedCommand.prototype.executeInternal_/h(file:///C:/Users/OLEKSA~1/AppData/Local/Temp/anonymous3079785269635904833webdriver-profile/extensions/fxdriver@googlecode.com/components/command-processor.js:11635:16)
	at &lt;anonymous class&gt;.DelayedCommand.prototype.executeInternal_(file:///C:/Users/OLEKSA~1/AppData/Local/Temp/anonymous3079785269635904833webdriver-profile/extensions/fxdriver@googlecode.com/components/command-processor.js:11640:7)
	at &lt;anonymous class&gt;.DelayedCommand.prototype.execute/&lt;(file:///C:/Users/OLEKSA~1/AppData/Local/Temp/anonymous3079785269635904833webdriver-profile/extensions/fxdriver@googlecode.com/components/command-processor.js:11582:5)
</stack-trace>
            </failure>
            <steps>
                <step start="1417194424609" stop="1417194426422" status="passed">
                    <name>login</name>
                    <title>When I login as LabManager_LabManager and LabManager111</title>
                </step>
                <step start="1417194426422" stop="1417194426851" status="passed">
                    <name>navigateTo</name>
                    <title>When I navigate to Groups</title>
                </step>
            </steps>
            <attachments/>
            <labels>
                <label name="feature" value="Groups"/>
            </labels>
        </test-case>
    </test-cases>
    <labels/>
</ns2:test-suite>
