<?xml version="1.0" encoding="UTF-8" standalone="yes"?>
<ns2:test-suite xmlns:ns2="urn:model.allure.qatools.yandex.ru" start="1418301438137" stop="1418301525469">
    <name>Custom suite</name>
    <test-cases>
        <test-case start="1418301446513" stop="1418301458688" status="passed">
            <name>addEmptyGroup[[LabManager_LabManager, LabManager111, Test20, QA]]</name>
            <steps>
                <step start="1418301446908" stop="1418301448205" status="passed">
                    <name>login</name>
                    <title>When I login as LabManager_LabManager and LabManager111</title>
                    <attachments/>
                    <steps/>
                </step>
                <step start="1418301448206" stop="1418301448624" status="passed">
                    <name>navigateToGroups</name>
                    <title>When I navigate to groups</title>
                    <attachments/>
                    <steps/>
                </step>
            </steps>
            <attachments/>
            <labels>
                <label name="feature" value="Groups"/>
            </labels>
        </test-case>
        <test-case start="1418301459283" stop="1418301471344" status="passed">
            <name>addEmptyGroup[[Admin_Admin, Admin111, Test21, QA]]</name>
            <steps>
                <step start="1418301459583" stop="1418301460597" status="passed">
                    <name>login</name>
                    <title>When I login as Admin_Admin and Admin111</title>
                    <attachments/>
                    <steps/>
                </step>
                <step start="1418301460597" stop="1418301461318" status="passed">
                    <name>navigateToGroups</name>
                    <title>When I navigate to groups</title>
                    <attachments/>
                    <steps/>
                </step>
            </steps>
            <attachments/>
            <labels>
                <label name="feature" value="Groups"/>
            </labels>
        </test-case>
        <test-case start="1418301471874" stop="1418301473753" status="passed">
            <name>addGroupBtnName[[LabManager_LabManager, LabManager111]]</name>
            <steps>
                <step start="1418301472177" stop="1418301473125" status="passed">
                    <name>login</name>
                    <title>When I login as LabManager_LabManager and LabManager111</title>
                    <attachments/>
                    <steps/>
                </step>
                <step start="1418301473125" stop="1418301473696" status="passed">
                    <name>navigateToGroups</name>
                    <title>When I navigate to groups</title>
                    <attachments/>
                    <steps/>
                </step>
            </steps>
            <attachments/>
            <labels>
                <label name="feature" value="Groups"/>
            </labels>
        </test-case>
        <test-case start="1418301474231" stop="1418301476124" status="passed">
            <name>addGroupBtnName[[Admin_Admin, Admin111]]</name>
            <steps>
                <step start="1418301474526" stop="1418301475393" status="passed">
                    <name>login</name>
                    <title>When I login as Admin_Admin and Admin111</title>
                    <attachments/>
                    <steps/>
                </step>
                <step start="1418301475393" stop="1418301476064" status="passed">
                    <name>navigateToGroups</name>
                    <title>When I navigate to groups</title>
                    <attachments/>
                    <steps/>
                </step>
            </steps>
            <attachments/>
            <labels>
                <label name="feature" value="Groups"/>
            </labels>
        </test-case>
        <test-case start="1418301476609" stop="1418301479647" status="passed">
            <name>addGroupWithoutDep[[LabManager_LabManager, LabManager111, OstrTestWithoutDep, Choose department]]</name>
            <steps>
                <step start="1418301476936" stop="1418301477839" status="passed">
                    <name>login</name>
                    <title>When I login as LabManager_LabManager and LabManager111</title>
                    <attachments/>
                    <steps/>
                </step>
                <step start="1418301477839" stop="1418301478588" status="passed">
                    <name>navigateToGroups</name>
                    <title>When I navigate to groups</title>
                    <attachments/>
                    <steps/>
                </step>
                <step start="1418301479026" stop="1418301479607" status="passed">
                    <name>addNewEmptyGroup</name>
                    <title>When I add new group OstrTestWithoutDep,Choose department</title>
                    <attachments/>
                    <steps/>
                </step>
            </steps>
            <attachments/>
            <labels>
                <label name="feature" value="Groups"/>
            </labels>
        </test-case>
        <test-case start="1418301480033" stop="1418301483024" status="passed">
            <name>addGroupWithoutDep[[Admin_Admin, Admin111, OstrTestWithoutDep, Choose department]]</name>
            <steps>
                <step start="1418301480370" stop="1418301481168" status="passed">
                    <name>login</name>
                    <title>When I login as Admin_Admin and Admin111</title>
                    <attachments/>
                    <steps/>
                </step>
                <step start="1418301481168" stop="1418301481863" status="passed">
                    <name>navigateToGroups</name>
                    <title>When I navigate to groups</title>
                    <attachments/>
                    <steps/>
                </step>
                <step start="1418301482367" stop="1418301482980" status="passed">
                    <name>addNewEmptyGroup</name>
                    <title>When I add new group OstrTestWithoutDep,Choose department</title>
                    <attachments/>
                    <steps/>
                </step>
            </steps>
            <attachments/>
            <labels>
                <label name="feature" value="Groups"/>
            </labels>
        </test-case>
        <test-case start="1418301483479" stop="1418301485839" status="broken">
            <name>addGroupWithoutName[[LabManager_LabManager, LabManager111, QA]]</name>
            <failure>
                <message>IndexOutOfBoundsException: Index: 3, Size: 3</message>
                <stack-trace>java.lang.IndexOutOfBoundsException: Index: 3, Size: 3
	at java.util.ArrayList.rangeCheck(ArrayList.java:653)
	at java.util.ArrayList.get(ArrayList.java:429)
	at khppp.tests.GroupsTest.addGroupWithoutName(GroupsTest.java:69)
	at sun.reflect.NativeMethodAccessorImpl.invoke0(Native Method)
	at sun.reflect.NativeMethodAccessorImpl.invoke(NativeMethodAccessorImpl.java:62)
	at sun.reflect.DelegatingMethodAccessorImpl.invoke(DelegatingMethodAccessorImpl.java:43)
	at java.lang.reflect.Method.invoke(Method.java:483)
	at org.testng.internal.MethodInvocationHelper.invokeMethod(MethodInvocationHelper.java:84)
	at org.testng.internal.Invoker.invokeMethod(Invoker.java:714)
	at org.testng.internal.Invoker.invokeTestMethod(Invoker.java:901)
	at org.testng.internal.Invoker.invokeTestMethods(Invoker.java:1231)
	at org.testng.internal.TestMethodWorker.invokeTestMethods(TestMethodWorker.java:127)
	at org.testng.internal.TestMethodWorker.run(TestMethodWorker.java:111)
	at org.testng.TestRunner.privateRun(TestRunner.java:767)
	at org.testng.TestRunner.run(TestRunner.java:617)
	at org.testng.SuiteRunner.runTest(SuiteRunner.java:348)
	at org.testng.SuiteRunner.runSequentially(SuiteRunner.java:343)
	at org.testng.SuiteRunner.privateRun(SuiteRunner.java:305)
	at org.testng.SuiteRunner.run(SuiteRunner.java:254)
	at org.testng.SuiteRunnerWorker.runSuite(SuiteRunnerWorker.java:52)
	at org.testng.SuiteRunnerWorker.run(SuiteRunnerWorker.java:86)
	at org.testng.TestNG.runSuitesSequentially(TestNG.java:1224)
	at org.testng.TestNG.runSuitesLocally(TestNG.java:1149)
	at org.testng.TestNG.run(TestNG.java:1057)
	at org.testng.remote.RemoteTestNG.run(RemoteTestNG.java:111)
	at org.testng.remote.RemoteTestNG.initAndRun(RemoteTestNG.java:204)
	at org.testng.remote.RemoteTestNG.main(RemoteTestNG.java:175)
	at org.testng.RemoteTestNGStarter.main(RemoteTestNGStarter.java:125)
	at sun.reflect.NativeMethodAccessorImpl.invoke0(Native Method)
	at sun.reflect.NativeMethodAccessorImpl.invoke(NativeMethodAccessorImpl.java:62)
	at sun.reflect.DelegatingMethodAccessorImpl.invoke(DelegatingMethodAccessorImpl.java:43)
	at java.lang.reflect.Method.invoke(Method.java:483)
	at com.intellij.rt.execution.application.AppMain.main(AppMain.java:134)
</stack-trace>
            </failure>
            <steps>
                <step start="1418301483831" stop="1418301484709" status="passed">
                    <name>login</name>
                    <title>When I login as LabManager_LabManager and LabManager111</title>
                </step>
                <step start="1418301484709" stop="1418301485385" status="passed">
                    <name>navigateToGroups</name>
                    <title>When I navigate to groups</title>
                </step>
            </steps>
            <attachments/>
            <labels>
                <label name="feature" value="Groups"/>
            </labels>
        </test-case>
        <test-case start="1418301486290" stop="1418301488748" status="broken">
            <name>addGroupWithoutName[[Admin_Admin, Admin111, QA]]</name>
            <failure>
                <message>IndexOutOfBoundsException: Index: 3, Size: 3</message>
                <stack-trace>java.lang.IndexOutOfBoundsException: Index: 3, Size: 3
	at java.util.ArrayList.rangeCheck(ArrayList.java:653)
	at java.util.ArrayList.get(ArrayList.java:429)
	at khppp.tests.GroupsTest.addGroupWithoutName(GroupsTest.java:69)
	at sun.reflect.NativeMethodAccessorImpl.invoke0(Native Method)
	at sun.reflect.NativeMethodAccessorImpl.invoke(NativeMethodAccessorImpl.java:62)
	at sun.reflect.DelegatingMethodAccessorImpl.invoke(DelegatingMethodAccessorImpl.java:43)
	at java.lang.reflect.Method.invoke(Method.java:483)
	at org.testng.internal.MethodInvocationHelper.invokeMethod(MethodInvocationHelper.java:84)
	at org.testng.internal.Invoker.invokeMethod(Invoker.java:714)
	at org.testng.internal.Invoker.invokeTestMethod(Invoker.java:901)
	at org.testng.internal.Invoker.invokeTestMethods(Invoker.java:1231)
	at org.testng.internal.TestMethodWorker.invokeTestMethods(TestMethodWorker.java:127)
	at org.testng.internal.TestMethodWorker.run(TestMethodWorker.java:111)
	at org.testng.TestRunner.privateRun(TestRunner.java:767)
	at org.testng.TestRunner.run(TestRunner.java:617)
	at org.testng.SuiteRunner.runTest(SuiteRunner.java:348)
	at org.testng.SuiteRunner.runSequentially(SuiteRunner.java:343)
	at org.testng.SuiteRunner.privateRun(SuiteRunner.java:305)
	at org.testng.SuiteRunner.run(SuiteRunner.java:254)
	at org.testng.SuiteRunnerWorker.runSuite(SuiteRunnerWorker.java:52)
	at org.testng.SuiteRunnerWorker.run(SuiteRunnerWorker.java:86)
	at org.testng.TestNG.runSuitesSequentially(TestNG.java:1224)
	at org.testng.TestNG.runSuitesLocally(TestNG.java:1149)
	at org.testng.TestNG.run(TestNG.java:1057)
	at org.testng.remote.RemoteTestNG.run(RemoteTestNG.java:111)
	at org.testng.remote.RemoteTestNG.initAndRun(RemoteTestNG.java:204)
	at org.testng.remote.RemoteTestNG.main(RemoteTestNG.java:175)
	at org.testng.RemoteTestNGStarter.main(RemoteTestNGStarter.java:125)
	at sun.reflect.NativeMethodAccessorImpl.invoke0(Native Method)
	at sun.reflect.NativeMethodAccessorImpl.invoke(NativeMethodAccessorImpl.java:62)
	at sun.reflect.DelegatingMethodAccessorImpl.invoke(DelegatingMethodAccessorImpl.java:43)
	at java.lang.reflect.Method.invoke(Method.java:483)
	at com.intellij.rt.execution.application.AppMain.main(AppMain.java:134)
</stack-trace>
            </failure>
            <steps>
                <step start="1418301486597" stop="1418301487449" status="passed">
                    <name>login</name>
                    <title>When I login as Admin_Admin and Admin111</title>
                </step>
                <step start="1418301487449" stop="1418301488264" status="passed">
                    <name>navigateToGroups</name>
                    <title>When I navigate to groups</title>
                </step>
            </steps>
            <attachments/>
            <labels>
                <label name="feature" value="Groups"/>
            </labels>
        </test-case>
        <test-case start="1418301489327" stop="1418301492238" status="passed">
            <name>groupNameFieldFromSpecialSymbol[[LabManager_LabManager, LabManager111, ^&amp;*%, QA]]</name>
            <steps>
                <step start="1418301489670" stop="1418301490467" status="passed">
                    <name>login</name>
                    <title>When I login as LabManager_LabManager and LabManager111</title>
                    <attachments/>
                    <steps/>
                </step>
                <step start="1418301490467" stop="1418301491110" status="passed">
                    <name>navigateToGroups</name>
                    <title>When I navigate to groups</title>
                    <attachments/>
                    <steps/>
                </step>
                <step start="1418301491532" stop="1418301492156" status="passed">
                    <name>addNewEmptyGroup</name>
                    <title>When I add new group ^&amp;*%,QA</title>
                    <attachments/>
                    <steps/>
                </step>
            </steps>
            <attachments/>
            <labels>
                <label name="feature" value="Groups"/>
            </labels>
        </test-case>
        <test-case start="1418301492636" stop="1418301495713" status="passed">
            <name>groupNameFieldFromSpecialSymbol[[Admin_Admin, Admin111, ^&amp;*%, QA]]</name>
            <steps>
                <step start="1418301493000" stop="1418301493807" status="passed">
                    <name>login</name>
                    <title>When I login as Admin_Admin and Admin111</title>
                    <attachments/>
                    <steps/>
                </step>
                <step start="1418301493807" stop="1418301494491" status="passed">
                    <name>navigateToGroups</name>
                    <title>When I navigate to groups</title>
                    <attachments/>
                    <steps/>
                </step>
                <step start="1418301494980" stop="1418301495671" status="passed">
                    <name>addNewEmptyGroup</name>
                    <title>When I add new group ^&amp;*%,QA</title>
                    <attachments/>
                    <steps/>
                </step>
            </steps>
            <attachments/>
            <labels>
                <label name="feature" value="Groups"/>
            </labels>
        </test-case>
        <test-case start="1418301496151" stop="1418301499062" status="passed">
            <name>groupNameFieldOneSymbol[[LabManager_LabManager, LabManager111, G, QA]]</name>
            <steps>
                <step start="1418301496500" stop="1418301497367" status="passed">
                    <name>login</name>
                    <title>When I login as LabManager_LabManager and LabManager111</title>
                    <attachments/>
                    <steps/>
                </step>
                <step start="1418301497367" stop="1418301497955" status="passed">
                    <name>navigateToGroups</name>
                    <title>When I navigate to groups</title>
                    <attachments/>
                    <steps/>
                </step>
                <step start="1418301498364" stop="1418301499020" status="passed">
                    <name>addNewEmptyGroup</name>
                    <title>When I add new group G,QA</title>
                    <attachments/>
                    <steps/>
                </step>
            </steps>
            <attachments/>
            <labels>
                <label name="feature" value="Groups"/>
            </labels>
        </test-case>
        <test-case start="1418301499444" stop="1418301502513" status="passed">
            <name>groupNameFieldOneSymbol[[Admin_Admin, Admin111, G, QA]]</name>
            <steps>
                <step start="1418301499744" stop="1418301500558" status="passed">
                    <name>login</name>
                    <title>When I login as Admin_Admin and Admin111</title>
                    <attachments/>
                    <steps/>
                </step>
                <step start="1418301500558" stop="1418301501259" status="passed">
                    <name>navigateToGroups</name>
                    <title>When I navigate to groups</title>
                    <attachments/>
                    <steps/>
                </step>
                <step start="1418301501765" stop="1418301502472" status="passed">
                    <name>addNewEmptyGroup</name>
                    <title>When I add new group G,QA</title>
                    <attachments/>
                    <steps/>
                </step>
            </steps>
            <attachments/>
            <labels>
                <label name="feature" value="Groups"/>
            </labels>
        </test-case>
        <test-case start="1418301502946" stop="1418301505344" status="passed">
            <name>validAddGroupTabName[[LabManager_LabManager, LabManager111]]</name>
            <steps>
                <step start="1418301503264" stop="1418301504192" status="passed">
                    <name>login</name>
                    <title>When I login as LabManager_LabManager and LabManager111</title>
                    <attachments/>
                    <steps/>
                </step>
                <step start="1418301504192" stop="1418301504827" status="passed">
                    <name>navigateToGroups</name>
                    <title>When I navigate to groups</title>
                    <attachments/>
                    <steps/>
                </step>
            </steps>
            <attachments/>
            <labels>
                <label name="feature" value="Groups"/>
            </labels>
        </test-case>
        <test-case start="1418301505770" stop="1418301508262" status="passed">
            <name>validAddGroupTabName[[Admin_Admin, Admin111]]</name>
            <steps>
                <step start="1418301506095" stop="1418301507012" status="passed">
                    <name>login</name>
                    <title>When I login as Admin_Admin and Admin111</title>
                    <attachments/>
                    <steps/>
                </step>
                <step start="1418301507012" stop="1418301507643" status="passed">
                    <name>navigateToGroups</name>
                    <title>When I navigate to groups</title>
                    <attachments/>
                    <steps/>
                </step>
            </steps>
            <attachments/>
            <labels>
                <label name="feature" value="Groups"/>
            </labels>
        </test-case>
        <test-case start="1418301508715" stop="1418301509835" status="passed">
            <name>validTabName[[LabManager_LabManager, LabManager111]]</name>
            <steps>
                <step start="1418301509038" stop="1418301509777" status="passed">
                    <name>login</name>
                    <title>When I login as LabManager_LabManager and LabManager111</title>
                    <attachments/>
                    <steps/>
                </step>
            </steps>
            <attachments/>
            <labels>
                <label name="feature" value="Groups"/>
            </labels>
        </test-case>
        <test-case start="1418301510217" stop="1418301511506" status="passed">
            <name>validTabName[[Admin_Admin, Admin111]]</name>
            <steps>
                <step start="1418301510547" stop="1418301511450" status="passed">
                    <name>login</name>
                    <title>When I login as Admin_Admin and Admin111</title>
                    <attachments/>
                    <steps/>
                </step>
            </steps>
            <attachments/>
            <labels>
                <label name="feature" value="Groups"/>
            </labels>
        </test-case>
        <test-case start="1418301511892" stop="1418301513094" status="passed">
            <name>validTabName[[Mentor_Mentor, Mentor111]]</name>
            <steps>
                <step start="1418301512226" stop="1418301513040" status="passed">
                    <name>login</name>
                    <title>When I login as Mentor_Mentor and Mentor111</title>
                    <attachments/>
                    <steps/>
                </step>
            </steps>
            <attachments/>
            <labels>
                <label name="feature" value="Groups"/>
            </labels>
        </test-case>
        <test-case start="1418301513507" stop="1418301515931" status="passed">
            <name>verifyButtonsDisplayed[[LabManager_LabManager, LabManager111]]</name>
            <steps>
                <step start="1418301513843" stop="1418301514785" status="passed">
                    <name>login</name>
                    <title>When I login as LabManager_LabManager and LabManager111</title>
                    <attachments/>
                    <steps/>
                </step>
                <step start="1418301514785" stop="1418301515385" status="passed">
                    <name>navigateToGroups</name>
                    <title>When I navigate to groups</title>
                    <attachments/>
                    <steps/>
                </step>
            </steps>
            <attachments/>
            <labels>
                <label name="feature" value="Groups"/>
            </labels>
        </test-case>
        <test-case start="1418301516353" stop="1418301518742" status="passed">
            <name>verifyButtonsDisplayed[[Admin_Admin, Admin111]]</name>
            <steps>
                <step start="1418301516684" stop="1418301517576" status="passed">
                    <name>login</name>
                    <title>When I login as Admin_Admin and Admin111</title>
                    <attachments/>
                    <steps/>
                </step>
                <step start="1418301517576" stop="1418301518169" status="passed">
                    <name>navigateToGroups</name>
                    <title>When I navigate to groups</title>
                    <attachments/>
                    <steps/>
                </step>
            </steps>
            <attachments/>
            <labels>
                <label name="feature" value="Groups"/>
            </labels>
        </test-case>
        <test-case start="1418301519217" stop="1418301521888" status="passed">
            <name>verifyLabels[[LabManager_LabManager, LabManager111]]</name>
            <steps>
                <step start="1418301519742" stop="1418301520526" status="passed">
                    <name>login</name>
                    <title>When I login as LabManager_LabManager and LabManager111</title>
                    <attachments/>
                    <steps/>
                </step>
                <step start="1418301520527" stop="1418301521244" status="passed">
                    <name>navigateToGroups</name>
                    <title>When I navigate to groups</title>
                    <attachments/>
                    <steps/>
                </step>
            </steps>
            <attachments/>
            <labels>
                <label name="feature" value="Groups"/>
            </labels>
        </test-case>
        <test-case start="1418301522283" stop="1418301524818" status="passed">
            <name>verifyLabels[[Admin_Admin, Admin111]]</name>
            <steps>
                <step start="1418301522609" stop="1418301523539" status="passed">
                    <name>login</name>
                    <title>When I login as Admin_Admin and Admin111</title>
                    <attachments/>
                    <steps/>
                </step>
                <step start="1418301523539" stop="1418301524224" status="passed">
                    <name>navigateToGroups</name>
                    <title>When I navigate to groups</title>
                    <attachments/>
                    <steps/>
                </step>
            </steps>
            <attachments/>
            <labels>
                <label name="feature" value="Groups"/>
            </labels>
        </test-case>
    </test-cases>
    <labels/>
</ns2:test-suite>
