<?xml version="1.0" encoding="UTF-8" standalone="yes"?>
<ns2:test-suite xmlns:ns2="urn:model.allure.qatools.yandex.ru" start="1418301088935" stop="1418301167070">
    <name>Custom suite</name>
    <test-cases>
        <test-case start="1418301098174" stop="1418301110385" status="passed">
            <name>addEmptyGroup[[LabManager_LabManager, LabManager111, Test20, QA]]</name>
            <steps>
                <step start="1418301098549" stop="1418301099902" status="passed">
                    <name>login</name>
                    <title>When I login as LabManager_LabManager and LabManager111</title>
                    <attachments/>
                    <steps/>
                </step>
                <step start="1418301099903" stop="1418301100326" status="passed">
                    <name>navigateToGroups</name>
                    <title>When I navigate to groups</title>
                    <attachments/>
                    <steps/>
                </step>
            </steps>
            <attachments/>
            <labels>
                <label name="feature" value="Groups"/>
            </labels>
        </test-case>
        <test-case start="1418301110676" stop="1418301122595" status="passed">
            <name>addEmptyGroup[[Admin_Admin, Admin111, Test21, QA]]</name>
            <steps>
                <step start="1418301110851" stop="1418301112028" status="passed">
                    <name>login</name>
                    <title>When I login as Admin_Admin and Admin111</title>
                    <attachments/>
                    <steps/>
                </step>
                <step start="1418301112028" stop="1418301112570" status="passed">
                    <name>navigateToGroups</name>
                    <title>When I navigate to groups</title>
                    <attachments/>
                    <steps/>
                </step>
            </steps>
            <attachments/>
            <labels>
                <label name="feature" value="Groups"/>
            </labels>
        </test-case>
        <test-case start="1418301122962" stop="1418301124609" status="passed">
            <name>addGroupBtnName[[LabManager_LabManager, LabManager111]]</name>
            <steps>
                <step start="1418301123152" stop="1418301123982" status="passed">
                    <name>login</name>
                    <title>When I login as LabManager_LabManager and LabManager111</title>
                    <attachments/>
                    <steps/>
                </step>
                <step start="1418301123982" stop="1418301124523" status="passed">
                    <name>navigateToGroups</name>
                    <title>When I navigate to groups</title>
                    <attachments/>
                    <steps/>
                </step>
            </steps>
            <attachments/>
            <labels>
                <label name="feature" value="Groups"/>
            </labels>
        </test-case>
        <test-case start="1418301124911" stop="1418301126779" status="passed">
            <name>addGroupBtnName[[Admin_Admin, Admin111]]</name>
            <steps>
                <step start="1418301125101" stop="1418301126097" status="passed">
                    <name>login</name>
                    <title>When I login as Admin_Admin and Admin111</title>
                    <attachments/>
                    <steps/>
                </step>
                <step start="1418301126097" stop="1418301126674" status="passed">
                    <name>navigateToGroups</name>
                    <title>When I navigate to groups</title>
                    <attachments/>
                    <steps/>
                </step>
            </steps>
            <attachments/>
            <labels>
                <label name="feature" value="Groups"/>
            </labels>
        </test-case>
        <test-case start="1418301127532" stop="1418301130213" status="passed">
            <name>addGroupWithoutDep[[LabManager_LabManager, LabManager111, OstrTestWithoutDep, Choose department]]</name>
            <steps>
                <step start="1418301127750" stop="1418301128652" status="passed">
                    <name>login</name>
                    <title>When I login as LabManager_LabManager and LabManager111</title>
                    <attachments/>
                    <steps/>
                </step>
                <step start="1418301128652" stop="1418301129217" status="passed">
                    <name>navigateToGroups</name>
                    <title>When I navigate to groups</title>
                    <attachments/>
                    <steps/>
                </step>
                <step start="1418301129557" stop="1418301130167" status="passed">
                    <name>addNewEmptyGroup</name>
                    <title>When I add new group OstrTestWithoutDep,Choose department</title>
                    <attachments/>
                    <steps/>
                </step>
            </steps>
            <attachments/>
            <labels>
                <label name="feature" value="Groups"/>
            </labels>
        </test-case>
        <test-case start="1418301130475" stop="1418301132977" status="passed">
            <name>addGroupWithoutDep[[Admin_Admin, Admin111, OstrTestWithoutDep, Choose department]]</name>
            <steps>
                <step start="1418301130641" stop="1418301131496" status="passed">
                    <name>login</name>
                    <title>When I login as Admin_Admin and Admin111</title>
                    <attachments/>
                    <steps/>
                </step>
                <step start="1418301131497" stop="1418301131984" status="passed">
                    <name>navigateToGroups</name>
                    <title>When I navigate to groups</title>
                    <attachments/>
                    <steps/>
                </step>
                <step start="1418301132290" stop="1418301132933" status="passed">
                    <name>addNewEmptyGroup</name>
                    <title>When I add new group OstrTestWithoutDep,Choose department</title>
                    <attachments/>
                    <steps/>
                </step>
            </steps>
            <attachments/>
            <labels>
                <label name="feature" value="Groups"/>
            </labels>
        </test-case>
        <test-case start="1418301133322" stop="1418301135055" status="broken">
            <name>addGroupWithoutName[[LabManager_LabManager, LabManager111, QA]]</name>
            <failure>
                <message>IndexOutOfBoundsException: Index: 3, Size: 3</message>
                <stack-trace>java.lang.IndexOutOfBoundsException: Index: 3, Size: 3
	at java.util.ArrayList.rangeCheck(ArrayList.java:653)
	at java.util.ArrayList.get(ArrayList.java:429)
	at khppp.tests.GroupsTest.addGroupWithoutName(GroupsTest.java:69)
	at sun.reflect.NativeMethodAccessorImpl.invoke0(Native Method)
	at sun.reflect.NativeMethodAccessorImpl.invoke(NativeMethodAccessorImpl.java:62)
	at sun.reflect.DelegatingMethodAccessorImpl.invoke(DelegatingMethodAccessorImpl.java:43)
	at java.lang.reflect.Method.invoke(Method.java:483)
	at org.testng.internal.MethodInvocationHelper.invokeMethod(MethodInvocationHelper.java:84)
	at org.testng.internal.Invoker.invokeMethod(Invoker.java:714)
	at org.testng.internal.Invoker.invokeTestMethod(Invoker.java:901)
	at org.testng.internal.Invoker.invokeTestMethods(Invoker.java:1231)
	at org.testng.internal.TestMethodWorker.invokeTestMethods(TestMethodWorker.java:127)
	at org.testng.internal.TestMethodWorker.run(TestMethodWorker.java:111)
	at org.testng.TestRunner.privateRun(TestRunner.java:767)
	at org.testng.TestRunner.run(TestRunner.java:617)
	at org.testng.SuiteRunner.runTest(SuiteRunner.java:348)
	at org.testng.SuiteRunner.runSequentially(SuiteRunner.java:343)
	at org.testng.SuiteRunner.privateRun(SuiteRunner.java:305)
	at org.testng.SuiteRunner.run(SuiteRunner.java:254)
	at org.testng.SuiteRunnerWorker.runSuite(SuiteRunnerWorker.java:52)
	at org.testng.SuiteRunnerWorker.run(SuiteRunnerWorker.java:86)
	at org.testng.TestNG.runSuitesSequentially(TestNG.java:1224)
	at org.testng.TestNG.runSuitesLocally(TestNG.java:1149)
	at org.testng.TestNG.run(TestNG.java:1057)
	at org.testng.remote.RemoteTestNG.run(RemoteTestNG.java:111)
	at org.testng.remote.RemoteTestNG.initAndRun(RemoteTestNG.java:204)
	at org.testng.remote.RemoteTestNG.main(RemoteTestNG.java:175)
	at org.testng.RemoteTestNGStarter.main(RemoteTestNGStarter.java:125)
	at sun.reflect.NativeMethodAccessorImpl.invoke0(Native Method)
	at sun.reflect.NativeMethodAccessorImpl.invoke(NativeMethodAccessorImpl.java:62)
	at sun.reflect.DelegatingMethodAccessorImpl.invoke(DelegatingMethodAccessorImpl.java:43)
	at java.lang.reflect.Method.invoke(Method.java:483)
	at com.intellij.rt.execution.application.AppMain.main(AppMain.java:134)
</stack-trace>
            </failure>
            <steps>
                <step start="1418301133603" stop="1418301134393" status="passed">
                    <name>login</name>
                    <title>When I login as LabManager_LabManager and LabManager111</title>
                </step>
                <step start="1418301134393" stop="1418301134777" status="passed">
                    <name>navigateToGroups</name>
                    <title>When I navigate to groups</title>
                </step>
            </steps>
            <attachments/>
            <labels>
                <label name="feature" value="Groups"/>
            </labels>
        </test-case>
        <test-case start="1418301135365" stop="1418301137244" status="broken">
            <name>addGroupWithoutName[[Admin_Admin, Admin111, QA]]</name>
            <failure>
                <message>IndexOutOfBoundsException: Index: 3, Size: 3</message>
                <stack-trace>java.lang.IndexOutOfBoundsException: Index: 3, Size: 3
	at java.util.ArrayList.rangeCheck(ArrayList.java:653)
	at java.util.ArrayList.get(ArrayList.java:429)
	at khppp.tests.GroupsTest.addGroupWithoutName(GroupsTest.java:69)
	at sun.reflect.NativeMethodAccessorImpl.invoke0(Native Method)
	at sun.reflect.NativeMethodAccessorImpl.invoke(NativeMethodAccessorImpl.java:62)
	at sun.reflect.DelegatingMethodAccessorImpl.invoke(DelegatingMethodAccessorImpl.java:43)
	at java.lang.reflect.Method.invoke(Method.java:483)
	at org.testng.internal.MethodInvocationHelper.invokeMethod(MethodInvocationHelper.java:84)
	at org.testng.internal.Invoker.invokeMethod(Invoker.java:714)
	at org.testng.internal.Invoker.invokeTestMethod(Invoker.java:901)
	at org.testng.internal.Invoker.invokeTestMethods(Invoker.java:1231)
	at org.testng.internal.TestMethodWorker.invokeTestMethods(TestMethodWorker.java:127)
	at org.testng.internal.TestMethodWorker.run(TestMethodWorker.java:111)
	at org.testng.TestRunner.privateRun(TestRunner.java:767)
	at org.testng.TestRunner.run(TestRunner.java:617)
	at org.testng.SuiteRunner.runTest(SuiteRunner.java:348)
	at org.testng.SuiteRunner.runSequentially(SuiteRunner.java:343)
	at org.testng.SuiteRunner.privateRun(SuiteRunner.java:305)
	at org.testng.SuiteRunner.run(SuiteRunner.java:254)
	at org.testng.SuiteRunnerWorker.runSuite(SuiteRunnerWorker.java:52)
	at org.testng.SuiteRunnerWorker.run(SuiteRunnerWorker.java:86)
	at org.testng.TestNG.runSuitesSequentially(TestNG.java:1224)
	at org.testng.TestNG.runSuitesLocally(TestNG.java:1149)
	at org.testng.TestNG.run(TestNG.java:1057)
	at org.testng.remote.RemoteTestNG.run(RemoteTestNG.java:111)
	at org.testng.remote.RemoteTestNG.initAndRun(RemoteTestNG.java:204)
	at org.testng.remote.RemoteTestNG.main(RemoteTestNG.java:175)
	at org.testng.RemoteTestNGStarter.main(RemoteTestNGStarter.java:125)
	at sun.reflect.NativeMethodAccessorImpl.invoke0(Native Method)
	at sun.reflect.NativeMethodAccessorImpl.invoke(NativeMethodAccessorImpl.java:62)
	at sun.reflect.DelegatingMethodAccessorImpl.invoke(DelegatingMethodAccessorImpl.java:43)
	at java.lang.reflect.Method.invoke(Method.java:483)
	at com.intellij.rt.execution.application.AppMain.main(AppMain.java:134)
</stack-trace>
            </failure>
            <steps>
                <step start="1418301135545" stop="1418301136493" status="passed">
                    <name>login</name>
                    <title>When I login as Admin_Admin and Admin111</title>
                </step>
                <step start="1418301136493" stop="1418301136962" status="passed">
                    <name>navigateToGroups</name>
                    <title>When I navigate to groups</title>
                </step>
            </steps>
            <attachments/>
            <labels>
                <label name="feature" value="Groups"/>
            </labels>
        </test-case>
        <test-case start="1418301137586" stop="1418301137588" status="canceled">
            <name>exportBtnName</name>
            <failure>
                <message>RuntimeException: java.lang.NullPointerException</message>
                <stack-trace>java.lang.RuntimeException: java.lang.NullPointerException
	at org.testng.internal.MethodInvocationHelper.invokeDataProvider(MethodInvocationHelper.java:161)
	at org.testng.internal.Parameters.handleParameters(Parameters.java:429)
	at org.testng.internal.Invoker.handleParameters(Invoker.java:1383)
	at org.testng.internal.Invoker.createParameters(Invoker.java:1075)
	at org.testng.internal.Invoker.invokeTestMethods(Invoker.java:1180)
	at org.testng.internal.TestMethodWorker.invokeTestMethods(TestMethodWorker.java:127)
	at org.testng.internal.TestMethodWorker.run(TestMethodWorker.java:111)
	at org.testng.TestRunner.privateRun(TestRunner.java:767)
	at org.testng.TestRunner.run(TestRunner.java:617)
	at org.testng.SuiteRunner.runTest(SuiteRunner.java:348)
	at org.testng.SuiteRunner.runSequentially(SuiteRunner.java:343)
	at org.testng.SuiteRunner.privateRun(SuiteRunner.java:305)
	at org.testng.SuiteRunner.run(SuiteRunner.java:254)
	at org.testng.SuiteRunnerWorker.runSuite(SuiteRunnerWorker.java:52)
	at org.testng.SuiteRunnerWorker.run(SuiteRunnerWorker.java:86)
	at org.testng.TestNG.runSuitesSequentially(TestNG.java:1224)
	at org.testng.TestNG.runSuitesLocally(TestNG.java:1149)
	at org.testng.TestNG.run(TestNG.java:1057)
	at org.testng.remote.RemoteTestNG.run(RemoteTestNG.java:111)
	at org.testng.remote.RemoteTestNG.initAndRun(RemoteTestNG.java:204)
	at org.testng.remote.RemoteTestNG.main(RemoteTestNG.java:175)
	at org.testng.RemoteTestNGStarter.main(RemoteTestNGStarter.java:125)
	at sun.reflect.NativeMethodAccessorImpl.invoke0(Native Method)
	at sun.reflect.NativeMethodAccessorImpl.invoke(NativeMethodAccessorImpl.java:62)
	at sun.reflect.DelegatingMethodAccessorImpl.invoke(DelegatingMethodAccessorImpl.java:43)
	at java.lang.reflect.Method.invoke(Method.java:483)
	at com.intellij.rt.execution.application.AppMain.main(AppMain.java:134)
Caused by: java.lang.NullPointerException
	at khppp.excel.utils.ExcelReader.getRowUsed(ExcelReader.java:95)
	at khppp.excel.utils.ExcelReader.getRowContains(ExcelReader.java:81)
	at khppp.core.CoreTest.testData(CoreTest.java:57)
	at khppp.tests.BaseCase.testData(BaseCase.java:54)
	at sun.reflect.NativeMethodAccessorImpl.invoke0(Native Method)
	at sun.reflect.NativeMethodAccessorImpl.invoke(NativeMethodAccessorImpl.java:62)
	at sun.reflect.DelegatingMethodAccessorImpl.invoke(DelegatingMethodAccessorImpl.java:43)
	at java.lang.reflect.Method.invoke(Method.java:483)
	at org.testng.internal.MethodInvocationHelper.invokeMethod(MethodInvocationHelper.java:84)
	at org.testng.internal.MethodInvocationHelper.invokeDataProvider(MethodInvocationHelper.java:135)
	... 26 more
</stack-trace>
            </failure>
            <steps/>
            <attachments/>
            <labels>
                <label name="feature" value="Groups"/>
            </labels>
        </test-case>
        <test-case start="1418301137679" stop="1418301140273" status="passed">
            <name>groupNameFieldFromSpecialSymbol[[LabManager_LabManager, LabManager111, ^&amp;*%, QA]]</name>
            <steps>
                <step start="1418301137870" stop="1418301138623" status="passed">
                    <name>login</name>
                    <title>When I login as LabManager_LabManager and LabManager111</title>
                    <attachments/>
                    <steps/>
                </step>
                <step start="1418301138623" stop="1418301139042" status="passed">
                    <name>navigateToGroups</name>
                    <title>When I navigate to groups</title>
                    <attachments/>
                    <steps/>
                </step>
                <step start="1418301139343" stop="1418301140205" status="passed">
                    <name>addNewEmptyGroup</name>
                    <title>When I add new group ^&amp;*%,QA</title>
                    <attachments/>
                    <steps/>
                </step>
            </steps>
            <attachments/>
            <labels>
                <label name="feature" value="Groups"/>
            </labels>
        </test-case>
        <test-case start="1418301140549" stop="1418301143115" status="passed">
            <name>groupNameFieldFromSpecialSymbol[[Admin_Admin, Admin111, ^&amp;*%, QA]]</name>
            <steps>
                <step start="1418301140721" stop="1418301141497" status="passed">
                    <name>login</name>
                    <title>When I login as Admin_Admin and Admin111</title>
                    <attachments/>
                    <steps/>
                </step>
                <step start="1418301141497" stop="1418301142024" status="passed">
                    <name>navigateToGroups</name>
                    <title>When I navigate to groups</title>
                    <attachments/>
                    <steps/>
                </step>
                <step start="1418301142272" stop="1418301143072" status="passed">
                    <name>addNewEmptyGroup</name>
                    <title>When I add new group ^&amp;*%,QA</title>
                    <attachments/>
                    <steps/>
                </step>
            </steps>
            <attachments/>
            <labels>
                <label name="feature" value="Groups"/>
            </labels>
        </test-case>
        <test-case start="1418301143424" stop="1418301146257" status="passed">
            <name>groupNameFieldOneSymbol[[LabManager_LabManager, LabManager111, G, QA]]</name>
            <steps>
                <step start="1418301143606" stop="1418301144843" status="passed">
                    <name>login</name>
                    <title>When I login as LabManager_LabManager and LabManager111</title>
                    <attachments/>
                    <steps/>
                </step>
                <step start="1418301144844" stop="1418301145273" status="passed">
                    <name>navigateToGroups</name>
                    <title>When I navigate to groups</title>
                    <attachments/>
                    <steps/>
                </step>
                <step start="1418301145610" stop="1418301146215" status="passed">
                    <name>addNewEmptyGroup</name>
                    <title>When I add new group G,QA</title>
                    <attachments/>
                    <steps/>
                </step>
            </steps>
            <attachments/>
            <labels>
                <label name="feature" value="Groups"/>
            </labels>
        </test-case>
        <test-case start="1418301146556" stop="1418301149125" status="passed">
            <name>groupNameFieldOneSymbol[[Admin_Admin, Admin111, G, QA]]</name>
            <steps>
                <step start="1418301146783" stop="1418301147614" status="passed">
                    <name>login</name>
                    <title>When I login as Admin_Admin and Admin111</title>
                    <attachments/>
                    <steps/>
                </step>
                <step start="1418301147614" stop="1418301148087" status="passed">
                    <name>navigateToGroups</name>
                    <title>When I navigate to groups</title>
                    <attachments/>
                    <steps/>
                </step>
                <step start="1418301148324" stop="1418301149070" status="passed">
                    <name>addNewEmptyGroup</name>
                    <title>When I add new group G,QA</title>
                    <attachments/>
                    <steps/>
                </step>
            </steps>
            <attachments/>
            <labels>
                <label name="feature" value="Groups"/>
            </labels>
        </test-case>
        <test-case start="1418301149473" stop="1418301151397" status="passed">
            <name>validAddGroupTabName[[LabManager_LabManager, LabManager111]]</name>
            <steps>
                <step start="1418301149709" stop="1418301150451" status="passed">
                    <name>login</name>
                    <title>When I login as LabManager_LabManager and LabManager111</title>
                    <attachments/>
                    <steps/>
                </step>
                <step start="1418301150451" stop="1418301150987" status="passed">
                    <name>navigateToGroups</name>
                    <title>When I navigate to groups</title>
                    <attachments/>
                    <steps/>
                </step>
            </steps>
            <attachments/>
            <labels>
                <label name="feature" value="Groups"/>
            </labels>
        </test-case>
        <test-case start="1418301151679" stop="1418301153528" status="passed">
            <name>validAddGroupTabName[[Admin_Admin, Admin111]]</name>
            <steps>
                <step start="1418301151861" stop="1418301152584" status="passed">
                    <name>login</name>
                    <title>When I login as Admin_Admin and Admin111</title>
                    <attachments/>
                    <steps/>
                </step>
                <step start="1418301152584" stop="1418301153092" status="passed">
                    <name>navigateToGroups</name>
                    <title>When I navigate to groups</title>
                    <attachments/>
                    <steps/>
                </step>
            </steps>
            <attachments/>
            <labels>
                <label name="feature" value="Groups"/>
            </labels>
        </test-case>
        <test-case start="1418301153845" stop="1418301154856" status="passed">
            <name>validTabName[[LabManager_LabManager, LabManager111]]</name>
            <steps>
                <step start="1418301154035" stop="1418301154784" status="passed">
                    <name>login</name>
                    <title>When I login as LabManager_LabManager and LabManager111</title>
                    <attachments/>
                    <steps/>
                </step>
            </steps>
            <attachments/>
            <labels>
                <label name="feature" value="Groups"/>
            </labels>
        </test-case>
        <test-case start="1418301155102" stop="1418301156480" status="passed">
            <name>validTabName[[Admin_Admin, Admin111]]</name>
            <steps>
                <step start="1418301155433" stop="1418301156417" status="passed">
                    <name>login</name>
                    <title>When I login as Admin_Admin and Admin111</title>
                    <attachments/>
                    <steps/>
                </step>
            </steps>
            <attachments/>
            <labels>
                <label name="feature" value="Groups"/>
            </labels>
        </test-case>
        <test-case start="1418301156795" stop="1418301157784" status="passed">
            <name>validTabName[[Mentor_Mentor, Mentor111]]</name>
            <steps>
                <step start="1418301156968" stop="1418301157718" status="passed">
                    <name>login</name>
                    <title>When I login as Mentor_Mentor and Mentor111</title>
                    <attachments/>
                    <steps/>
                </step>
            </steps>
            <attachments/>
            <labels>
                <label name="feature" value="Groups"/>
            </labels>
        </test-case>
        <test-case start="1418301158083" stop="1418301160105" status="passed">
            <name>verifyButtonsDisplayed[[LabManager_LabManager, LabManager111]]</name>
            <steps>
                <step start="1418301158287" stop="1418301159085" status="passed">
                    <name>login</name>
                    <title>When I login as LabManager_LabManager and LabManager111</title>
                    <attachments/>
                    <steps/>
                </step>
                <step start="1418301159086" stop="1418301159655" status="passed">
                    <name>navigateToGroups</name>
                    <title>When I navigate to groups</title>
                    <attachments/>
                    <steps/>
                </step>
            </steps>
            <attachments/>
            <labels>
                <label name="feature" value="Groups"/>
            </labels>
        </test-case>
        <test-case start="1418301160371" stop="1418301162229" status="passed">
            <name>verifyButtonsDisplayed[[Admin_Admin, Admin111]]</name>
            <steps>
                <step start="1418301160533" stop="1418301161274" status="passed">
                    <name>login</name>
                    <title>When I login as Admin_Admin and Admin111</title>
                    <attachments/>
                    <steps/>
                </step>
                <step start="1418301161274" stop="1418301161737" status="passed">
                    <name>navigateToGroups</name>
                    <title>When I navigate to groups</title>
                    <attachments/>
                    <steps/>
                </step>
            </steps>
            <attachments/>
            <labels>
                <label name="feature" value="Groups"/>
            </labels>
        </test-case>
        <test-case start="1418301162545" stop="1418301162548" status="canceled">
            <name>verifyGroupNameField</name>
            <failure>
                <message>RuntimeException: java.lang.NullPointerException</message>
                <stack-trace>java.lang.RuntimeException: java.lang.NullPointerException
	at org.testng.internal.MethodInvocationHelper.invokeDataProvider(MethodInvocationHelper.java:161)
	at org.testng.internal.Parameters.handleParameters(Parameters.java:429)
	at org.testng.internal.Invoker.handleParameters(Invoker.java:1383)
	at org.testng.internal.Invoker.createParameters(Invoker.java:1075)
	at org.testng.internal.Invoker.invokeTestMethods(Invoker.java:1180)
	at org.testng.internal.TestMethodWorker.invokeTestMethods(TestMethodWorker.java:127)
	at org.testng.internal.TestMethodWorker.run(TestMethodWorker.java:111)
	at org.testng.TestRunner.privateRun(TestRunner.java:767)
	at org.testng.TestRunner.run(TestRunner.java:617)
	at org.testng.SuiteRunner.runTest(SuiteRunner.java:348)
	at org.testng.SuiteRunner.runSequentially(SuiteRunner.java:343)
	at org.testng.SuiteRunner.privateRun(SuiteRunner.java:305)
	at org.testng.SuiteRunner.run(SuiteRunner.java:254)
	at org.testng.SuiteRunnerWorker.runSuite(SuiteRunnerWorker.java:52)
	at org.testng.SuiteRunnerWorker.run(SuiteRunnerWorker.java:86)
	at org.testng.TestNG.runSuitesSequentially(TestNG.java:1224)
	at org.testng.TestNG.runSuitesLocally(TestNG.java:1149)
	at org.testng.TestNG.run(TestNG.java:1057)
	at org.testng.remote.RemoteTestNG.run(RemoteTestNG.java:111)
	at org.testng.remote.RemoteTestNG.initAndRun(RemoteTestNG.java:204)
	at org.testng.remote.RemoteTestNG.main(RemoteTestNG.java:175)
	at org.testng.RemoteTestNGStarter.main(RemoteTestNGStarter.java:125)
	at sun.reflect.NativeMethodAccessorImpl.invoke0(Native Method)
	at sun.reflect.NativeMethodAccessorImpl.invoke(NativeMethodAccessorImpl.java:62)
	at sun.reflect.DelegatingMethodAccessorImpl.invoke(DelegatingMethodAccessorImpl.java:43)
	at java.lang.reflect.Method.invoke(Method.java:483)
	at com.intellij.rt.execution.application.AppMain.main(AppMain.java:134)
Caused by: java.lang.NullPointerException
	at khppp.excel.utils.ExcelReader.getRowUsed(ExcelReader.java:95)
	at khppp.excel.utils.ExcelReader.getRowContains(ExcelReader.java:81)
	at khppp.core.CoreTest.testData(CoreTest.java:57)
	at khppp.tests.BaseCase.testData(BaseCase.java:54)
	at sun.reflect.NativeMethodAccessorImpl.invoke0(Native Method)
	at sun.reflect.NativeMethodAccessorImpl.invoke(NativeMethodAccessorImpl.java:62)
	at sun.reflect.DelegatingMethodAccessorImpl.invoke(DelegatingMethodAccessorImpl.java:43)
	at java.lang.reflect.Method.invoke(Method.java:483)
	at org.testng.internal.MethodInvocationHelper.invokeMethod(MethodInvocationHelper.java:84)
	at org.testng.internal.MethodInvocationHelper.invokeDataProvider(MethodInvocationHelper.java:135)
	... 26 more
</stack-trace>
            </failure>
            <steps/>
            <attachments/>
            <labels>
                <label name="feature" value="Groups"/>
            </labels>
        </test-case>
        <test-case start="1418301162582" stop="1418301164286" status="passed">
            <name>verifyLabels[[LabManager_LabManager, LabManager111]]</name>
            <steps>
                <step start="1418301162742" stop="1418301163483" status="passed">
                    <name>login</name>
                    <title>When I login as LabManager_LabManager and LabManager111</title>
                    <attachments/>
                    <steps/>
                </step>
                <step start="1418301163483" stop="1418301163885" status="passed">
                    <name>navigateToGroups</name>
                    <title>When I navigate to groups</title>
                    <attachments/>
                    <steps/>
                </step>
            </steps>
            <attachments/>
            <labels>
                <label name="feature" value="Groups"/>
            </labels>
        </test-case>
        <test-case start="1418301164559" stop="1418301166507" status="passed">
            <name>verifyLabels[[Admin_Admin, Admin111]]</name>
            <steps>
                <step start="1418301164716" stop="1418301165456" status="passed">
                    <name>login</name>
                    <title>When I login as Admin_Admin and Admin111</title>
                    <attachments/>
                    <steps/>
                </step>
                <step start="1418301165456" stop="1418301165899" status="passed">
                    <name>navigateToGroups</name>
                    <title>When I navigate to groups</title>
                    <attachments/>
                    <steps/>
                </step>
            </steps>
            <attachments/>
            <labels>
                <label name="feature" value="Groups"/>
            </labels>
        </test-case>
    </test-cases>
    <labels/>
</ns2:test-suite>
