<?xml version="1.0" encoding="UTF-8" standalone="yes"?>
<ns2:test-suite xmlns:ns2="urn:model.allure.qatools.yandex.ru" start="1417431823309" stop="1417431850394">
    <name>Custom suite</name>
    <test-cases>
        <test-case start="1417431831864" stop="1417431845502" status="passed">
            <name>addUser[[Admin_Admin, Admin111, sergio, sergio]]</name>
            <steps>
                <step start="1417431832243" stop="1417431833619" status="passed">
                    <name>login</name>
                    <title>When I login as Admin_Admin and Admin111</title>
                    <attachments/>
                    <steps/>
                </step>
                <step start="1417431833619" stop="1417431834091" status="passed">
                    <name>navigateTo</name>
                    <title>When I navigate to Users</title>
                    <attachments/>
                    <steps/>
                </step>
                <step start="1417431834091" stop="1417431835290" status="passed">
                    <name>addNewUser</name>
                    <title>When I add new user sergio,sergio</title>
                    <attachments/>
                    <steps/>
                </step>
            </steps>
            <attachments/>
            <labels/>
        </test-case>
        <test-case start="1417431845906" stop="1417431849858" status="failed">
            <name>users[[Admin_Admin, Admin111, 152.0]]</name>
            <failure>
                <message>AssertionError: 
Expected: &lt;152&gt;
     but: was &lt;22&gt;</message>
                <stack-trace>java.lang.AssertionError: 
Expected: &lt;152&gt;
     but: was &lt;22&gt;
	at org.hamcrest.MatcherAssert.assertThat(MatcherAssert.java:20)
	at org.hamcrest.MatcherAssert.assertThat(MatcherAssert.java:8)
	at khppp.tests.UsersTest.users(UsersTest.java:47)
	at sun.reflect.NativeMethodAccessorImpl.invoke0(Native Method)
	at sun.reflect.NativeMethodAccessorImpl.invoke(NativeMethodAccessorImpl.java:62)
	at sun.reflect.DelegatingMethodAccessorImpl.invoke(DelegatingMethodAccessorImpl.java:43)
	at java.lang.reflect.Method.invoke(Method.java:483)
	at org.testng.internal.MethodInvocationHelper.invokeMethod(MethodInvocationHelper.java:80)
	at org.testng.internal.Invoker.invokeMethod(Invoker.java:714)
	at org.testng.internal.Invoker.invokeTestMethod(Invoker.java:901)
	at org.testng.internal.Invoker.invokeTestMethods(Invoker.java:1231)
	at org.testng.internal.TestMethodWorker.invokeTestMethods(TestMethodWorker.java:127)
	at org.testng.internal.TestMethodWorker.run(TestMethodWorker.java:111)
	at org.testng.TestRunner.privateRun(TestRunner.java:767)
	at org.testng.TestRunner.run(TestRunner.java:617)
	at org.testng.SuiteRunner.runTest(SuiteRunner.java:334)
	at org.testng.SuiteRunner.runSequentially(SuiteRunner.java:329)
	at org.testng.SuiteRunner.privateRun(SuiteRunner.java:291)
	at org.testng.SuiteRunner.run(SuiteRunner.java:240)
	at org.testng.SuiteRunnerWorker.runSuite(SuiteRunnerWorker.java:52)
	at org.testng.SuiteRunnerWorker.run(SuiteRunnerWorker.java:86)
	at org.testng.TestNG.runSuitesSequentially(TestNG.java:1198)
	at org.testng.TestNG.runSuitesLocally(TestNG.java:1123)
	at org.testng.TestNG.run(TestNG.java:1031)
	at org.testng.remote.RemoteTestNG.run(RemoteTestNG.java:111)
	at org.testng.remote.RemoteTestNG.initAndRun(RemoteTestNG.java:204)
	at org.testng.remote.RemoteTestNG.main(RemoteTestNG.java:175)
	at org.testng.RemoteTestNGStarter.main(RemoteTestNGStarter.java:125)
	at sun.reflect.NativeMethodAccessorImpl.invoke0(Native Method)
	at sun.reflect.NativeMethodAccessorImpl.invoke(NativeMethodAccessorImpl.java:62)
	at sun.reflect.DelegatingMethodAccessorImpl.invoke(DelegatingMethodAccessorImpl.java:43)
	at java.lang.reflect.Method.invoke(Method.java:483)
	at com.intellij.rt.execution.application.AppMain.main(AppMain.java:134)
</stack-trace>
            </failure>
            <steps>
                <step start="1417431846159" stop="1417431847156" status="passed">
                    <name>login</name>
                    <title>When I login as Admin_Admin and Admin111</title>
                </step>
                <step start="1417431847156" stop="1417431847621" status="passed">
                    <name>navigateTo</name>
                    <title>When I navigate to Users</title>
                </step>
            </steps>
            <attachments/>
            <labels/>
        </test-case>
    </test-cases>
    <labels/>
</ns2:test-suite>
