<?xml version="1.0" encoding="UTF-8" standalone="yes"?>
<ns2:test-suite xmlns:ns2="urn:model.allure.qatools.yandex.ru" start="1418035083265" stop="1418035179680">
    <name>Custom suite</name>
    <test-cases>
        <test-case start="1418035092315" stop="1418035106968" status="passed">
            <name>addUserCustomEmail[[Admin_Admin, Admin111, Ivan, Ivanov, ivanov@epam.com]]</name>
            <steps>
                <step start="1418035092800" stop="1418035094317" status="passed">
                    <name>login</name>
                    <title>When I login as Admin_Admin and Admin111</title>
                    <attachments/>
                    <steps/>
                </step>
                <step start="1418035094318" stop="1418035094809" status="passed">
                    <name>navigateTo</name>
                    <title>When I navigate to Users</title>
                    <attachments/>
                    <steps/>
                </step>
                <step start="1418035094809" stop="1418035096563" status="passed">
                    <name>addNewUserCustomEmail</name>
                    <title>When I set custom email Ivan, Ivanov</title>
                    <attachments/>
                    <steps/>
                </step>
            </steps>
            <attachments/>
            <labels>
                <label name="feature" value="Users"/>
            </labels>
        </test-case>
        <test-case start="1418035107291" stop="1418035110912" status="passed">
            <name>addUserWithoutName[[Admin_Admin, Admin111, Petro, Petrov, You input first name incorrect.]]</name>
            <steps>
                <step start="1418035107622" stop="1418035108674" status="passed">
                    <name>login</name>
                    <title>When I login as Admin_Admin and Admin111</title>
                    <attachments/>
                    <steps/>
                </step>
                <step start="1418035108674" stop="1418035109147" status="passed">
                    <name>navigateTo</name>
                    <title>When I navigate to Users</title>
                    <attachments/>
                    <steps/>
                </step>
                <step start="1418035109147" stop="1418035110494" status="passed">
                    <name>addNewUser</name>
                    <title>When I add new user  ,Petrov</title>
                    <attachments/>
                    <steps/>
                </step>
                <step start="1418035110494" stop="1418035110745" status="passed">
                    <name>emptyNameFieldMessage</name>
                    <title>Verify empty FirstNameField</title>
                    <attachments/>
                    <steps/>
                </step>
            </steps>
            <attachments/>
            <labels>
                <label name="feature" value="Users"/>
            </labels>
        </test-case>
        <test-case start="1418035111015" stop="1418035114770" status="passed">
            <name>addUserWithoutSurname[[Admin_Admin, Admin111, Petro, Petrov, You input last name incorrect.]]</name>
            <steps>
                <step start="1418035111301" stop="1418035112127" status="passed">
                    <name>login</name>
                    <title>When I login as Admin_Admin and Admin111</title>
                    <attachments/>
                    <steps/>
                </step>
                <step start="1418035112127" stop="1418035112576" status="passed">
                    <name>navigateTo</name>
                    <title>When I navigate to Users</title>
                    <attachments/>
                    <steps/>
                </step>
                <step start="1418035112576" stop="1418035114159" status="passed">
                    <name>addNewUser</name>
                    <title>When I add new user Admin_Admin, </title>
                    <attachments/>
                    <steps/>
                </step>
                <step start="1418035114160" stop="1418035114467" status="passed">
                    <name>emptySurnameFieldMessage</name>
                    <title>Verify empty LastNameField</title>
                    <attachments/>
                    <steps/>
                </step>
            </steps>
            <attachments/>
            <labels>
                <label name="feature" value="Users"/>
            </labels>
        </test-case>
        <test-case start="1418035114848" stop="1418035129037" status="passed">
            <name>adminAddNewUser[[Admin_Admin, Admin111, IvanMentor, IvanovMentor, MENTOR]]</name>
            <steps>
                <step start="1418035115123" stop="1418035116021" status="passed">
                    <name>login</name>
                    <title>When I login as Admin_Admin and Admin111</title>
                    <attachments/>
                    <steps/>
                </step>
                <step start="1418035116021" stop="1418035116515" status="passed">
                    <name>navigateTo</name>
                    <title>When I navigate to Users</title>
                    <attachments/>
                    <steps/>
                </step>
                <step start="1418035116515" stop="1418035118514" status="passed">
                    <name>addUserDifferentRoles</name>
                    <title>When I create users with different roles IvanMentor, IvanovMentor</title>
                    <attachments/>
                    <steps/>
                </step>
            </steps>
            <attachments/>
            <labels>
                <label name="feature" value="Users"/>
            </labels>
        </test-case>
        <test-case start="1418035129040" stop="1418035143048" status="passed">
            <name>adminAddNewUser[[Admin_Admin, Admin111, ILabManager, LabaMan, LAB_MANAGER]]</name>
            <steps>
                <step start="1418035129130" stop="1418035130105" status="passed">
                    <name>login</name>
                    <title>When I login as Admin_Admin and Admin111</title>
                    <attachments/>
                    <steps/>
                </step>
                <step start="1418035130105" stop="1418035130579" status="passed">
                    <name>navigateTo</name>
                    <title>When I navigate to Users</title>
                    <attachments/>
                    <steps/>
                </step>
                <step start="1418035130579" stop="1418035132717" status="passed">
                    <name>addUserDifferentRoles</name>
                    <title>When I create users with different roles ILabManager, LabaMan</title>
                    <attachments/>
                    <steps/>
                </step>
            </steps>
            <attachments/>
            <labels>
                <label name="feature" value="Users"/>
            </labels>
        </test-case>
        <test-case start="1418035143050" stop="1418035146701" status="failed">
            <name>adminAddNewUser[[Admin_Admin, Admin111, Imentee, Imentee, MENTEE]]</name>
            <failure>
                <message>AssertionError: 
Expected: is &lt;true&gt;
     but: was &lt;false&gt;</message>
                <stack-trace>java.lang.AssertionError: 
Expected: is &lt;true&gt;
     but: was &lt;false&gt;
	at org.hamcrest.MatcherAssert.assertThat(MatcherAssert.java:20)
	at org.hamcrest.MatcherAssert.assertThat(MatcherAssert.java:8)
	at khppp.tests.UsersTest.adminAddNewUser(UsersTest.java:68)
	at sun.reflect.NativeMethodAccessorImpl.invoke0(Native Method)
	at sun.reflect.NativeMethodAccessorImpl.invoke(NativeMethodAccessorImpl.java:62)
	at sun.reflect.DelegatingMethodAccessorImpl.invoke(DelegatingMethodAccessorImpl.java:43)
	at java.lang.reflect.Method.invoke(Method.java:483)
	at org.testng.internal.MethodInvocationHelper.invokeMethod(MethodInvocationHelper.java:84)
	at org.testng.internal.Invoker.invokeMethod(Invoker.java:714)
	at org.testng.internal.Invoker.invokeTestMethod(Invoker.java:901)
	at org.testng.internal.Invoker.invokeTestMethods(Invoker.java:1231)
	at org.testng.internal.TestMethodWorker.invokeTestMethods(TestMethodWorker.java:127)
	at org.testng.internal.TestMethodWorker.run(TestMethodWorker.java:111)
	at org.testng.TestRunner.privateRun(TestRunner.java:767)
	at org.testng.TestRunner.run(TestRunner.java:617)
	at org.testng.SuiteRunner.runTest(SuiteRunner.java:348)
	at org.testng.SuiteRunner.runSequentially(SuiteRunner.java:343)
	at org.testng.SuiteRunner.privateRun(SuiteRunner.java:305)
	at org.testng.SuiteRunner.run(SuiteRunner.java:254)
	at org.testng.SuiteRunnerWorker.runSuite(SuiteRunnerWorker.java:52)
	at org.testng.SuiteRunnerWorker.run(SuiteRunnerWorker.java:86)
	at org.testng.TestNG.runSuitesSequentially(TestNG.java:1224)
	at org.testng.TestNG.runSuitesLocally(TestNG.java:1149)
	at org.testng.TestNG.run(TestNG.java:1057)
	at org.testng.remote.RemoteTestNG.run(RemoteTestNG.java:111)
	at org.testng.remote.RemoteTestNG.initAndRun(RemoteTestNG.java:204)
	at org.testng.remote.RemoteTestNG.main(RemoteTestNG.java:175)
	at org.testng.RemoteTestNGStarter.main(RemoteTestNGStarter.java:125)
	at sun.reflect.NativeMethodAccessorImpl.invoke0(Native Method)
	at sun.reflect.NativeMethodAccessorImpl.invoke(NativeMethodAccessorImpl.java:62)
	at sun.reflect.DelegatingMethodAccessorImpl.invoke(DelegatingMethodAccessorImpl.java:43)
	at java.lang.reflect.Method.invoke(Method.java:483)
	at com.intellij.rt.execution.application.AppMain.main(AppMain.java:134)
</stack-trace>
            </failure>
            <steps>
                <step start="1418035143136" stop="1418035144142" status="passed">
                    <name>login</name>
                    <title>When I login as Admin_Admin and Admin111</title>
                </step>
                <step start="1418035144142" stop="1418035144628" status="passed">
                    <name>navigateTo</name>
                    <title>When I navigate to Users</title>
                </step>
                <step start="1418035144628" stop="1418035146124" status="passed">
                    <name>addUserDifferentRoles</name>
                    <title>When I create users with different roles Imentee, Imentee</title>
                </step>
            </steps>
            <attachments/>
            <labels>
                <label name="feature" value="Users"/>
            </labels>
        </test-case>
        <test-case start="1418035146702" stop="1418035179491" status="broken">
            <name>adminAddNewUser[[Admin_Admin, Admin111, IAdmin, IAdmin, ADMIN]]</name>
            <failure>
                <message>TimeoutException: Timed out after 30 seconds waiting for visibility of element located by By.id: exampleInputEmail1
Build info: version: '2.44.0', revision: '76d78cf323ce037c5f92db6c1bba601c2ac43ad8', time: '2014-10-23 13:11:40'
System info: host: 'EPUAKHAW0346', ip: '169.254.28.255', os.name: 'Windows 8.1', os.arch: 'amd64', os.version: '6.3', java.version: '1.8.0_20'
Driver info: org.openqa.selenium.remote.RemoteWebDriver
Capabilities [{applicationCacheEnabled=true, rotatable=false, handlesAlerts=true, databaseEnabled=true, version=33.1, platform=WINDOWS, nativeEvents=true, acceptSslCerts=true, webdriver.remote.sessionid=fa47e5e9-3848-44e6-ab1d-825236c011f4, webStorageEnabled=true, locationContextEnabled=true, browserName=firefox, takesScreenshot=true, javascriptEnabled=true, cssSelectorsEnabled=true}]
Session ID: fa47e5e9-3848-44e6-ab1d-825236c011f4</message>
                <stack-trace>org.openqa.selenium.TimeoutException: Timed out after 30 seconds waiting for visibility of element located by By.id: exampleInputEmail1
Build info: version: '2.44.0', revision: '76d78cf323ce037c5f92db6c1bba601c2ac43ad8', time: '2014-10-23 13:11:40'
System info: host: 'EPUAKHAW0346', ip: '169.254.28.255', os.name: 'Windows 8.1', os.arch: 'amd64', os.version: '6.3', java.version: '1.8.0_20'
Driver info: org.openqa.selenium.remote.RemoteWebDriver
Capabilities [{applicationCacheEnabled=true, rotatable=false, handlesAlerts=true, databaseEnabled=true, version=33.1, platform=WINDOWS, nativeEvents=true, acceptSslCerts=true, webdriver.remote.sessionid=fa47e5e9-3848-44e6-ab1d-825236c011f4, webStorageEnabled=true, locationContextEnabled=true, browserName=firefox, takesScreenshot=true, javascriptEnabled=true, cssSelectorsEnabled=true}]
Session ID: fa47e5e9-3848-44e6-ab1d-825236c011f4
	at org.openqa.selenium.support.ui.WebDriverWait.timeoutException(WebDriverWait.java:79)
	at org.openqa.selenium.support.ui.FluentWait.until(FluentWait.java:228)
	at khppp.application.components.Component.waitFor(Component.java:73)
	at khppp.application.components.Component.waitFor(Component.java:83)
	at khppp.application.components.LoginPage.enterLogin(LoginPage.java:18)
	at khppp.application.steps.LoginSteps.login(LoginSteps.java:22)
	at khppp.tests.BaseCase.login(BaseCase.java:59)
	at khppp.tests.UsersTest.adminAddNewUser(UsersTest.java:65)
	at sun.reflect.NativeMethodAccessorImpl.invoke0(Native Method)
	at sun.reflect.NativeMethodAccessorImpl.invoke(NativeMethodAccessorImpl.java:62)
	at sun.reflect.DelegatingMethodAccessorImpl.invoke(DelegatingMethodAccessorImpl.java:43)
	at java.lang.reflect.Method.invoke(Method.java:483)
	at org.testng.internal.MethodInvocationHelper.invokeMethod(MethodInvocationHelper.java:84)
	at org.testng.internal.Invoker.invokeMethod(Invoker.java:714)
	at org.testng.internal.Invoker.invokeTestMethod(Invoker.java:901)
	at org.testng.internal.Invoker.invokeTestMethods(Invoker.java:1231)
	at org.testng.internal.TestMethodWorker.invokeTestMethods(TestMethodWorker.java:127)
	at org.testng.internal.TestMethodWorker.run(TestMethodWorker.java:111)
	at org.testng.TestRunner.privateRun(TestRunner.java:767)
	at org.testng.TestRunner.run(TestRunner.java:617)
	at org.testng.SuiteRunner.runTest(SuiteRunner.java:348)
	at org.testng.SuiteRunner.runSequentially(SuiteRunner.java:343)
	at org.testng.SuiteRunner.privateRun(SuiteRunner.java:305)
	at org.testng.SuiteRunner.run(SuiteRunner.java:254)
	at org.testng.SuiteRunnerWorker.runSuite(SuiteRunnerWorker.java:52)
	at org.testng.SuiteRunnerWorker.run(SuiteRunnerWorker.java:86)
	at org.testng.TestNG.runSuitesSequentially(TestNG.java:1224)
	at org.testng.TestNG.runSuitesLocally(TestNG.java:1149)
	at org.testng.TestNG.run(TestNG.java:1057)
	at org.testng.remote.RemoteTestNG.run(RemoteTestNG.java:111)
	at org.testng.remote.RemoteTestNG.initAndRun(RemoteTestNG.java:204)
	at org.testng.remote.RemoteTestNG.main(RemoteTestNG.java:175)
	at org.testng.RemoteTestNGStarter.main(RemoteTestNGStarter.java:125)
	at sun.reflect.NativeMethodAccessorImpl.invoke0(Native Method)
	at sun.reflect.NativeMethodAccessorImpl.invoke(NativeMethodAccessorImpl.java:62)
	at sun.reflect.DelegatingMethodAccessorImpl.invoke(DelegatingMethodAccessorImpl.java:43)
	at java.lang.reflect.Method.invoke(Method.java:483)
	at com.intellij.rt.execution.application.AppMain.main(AppMain.java:134)
Caused by: org.openqa.selenium.NoSuchElementException: Unable to locate element: {"method":"id","selector":"exampleInputEmail1"}
For documentation on this error, please visit: http://seleniumhq.org/exceptions/no_such_element.html
Build info: version: '2.44.0', revision: '76d78cf', time: '2014-10-23 20:02:37'
System info: host: 'EPUAKHAW0346', ip: '169.254.28.255', os.name: 'Windows 8.1', os.arch: 'amd64', os.version: '6.3', java.version: '1.8.0_25'
Driver info: driver.version: unknown
Command duration or timeout: 10.45 seconds
For documentation on this error, please visit: http://seleniumhq.org/exceptions/no_such_element.html
Build info: version: '2.44.0', revision: '76d78cf323ce037c5f92db6c1bba601c2ac43ad8', time: '2014-10-23 13:11:40'
System info: host: 'EPUAKHAW0346', ip: '169.254.28.255', os.name: 'Windows 8.1', os.arch: 'amd64', os.version: '6.3', java.version: '1.8.0_20'
Driver info: org.openqa.selenium.remote.RemoteWebDriver
Capabilities [{applicationCacheEnabled=true, rotatable=false, handlesAlerts=true, databaseEnabled=true, version=33.1, platform=WINDOWS, nativeEvents=true, acceptSslCerts=true, webdriver.remote.sessionid=fa47e5e9-3848-44e6-ab1d-825236c011f4, webStorageEnabled=true, locationContextEnabled=true, browserName=firefox, takesScreenshot=true, javascriptEnabled=true, cssSelectorsEnabled=true}]
Session ID: fa47e5e9-3848-44e6-ab1d-825236c011f4
	at sun.reflect.NativeConstructorAccessorImpl.newInstance0(Native Method)
	at sun.reflect.NativeConstructorAccessorImpl.newInstance(NativeConstructorAccessorImpl.java:62)
	at sun.reflect.DelegatingConstructorAccessorImpl.newInstance(DelegatingConstructorAccessorImpl.java:45)
	at java.lang.reflect.Constructor.newInstance(Constructor.java:408)
	at org.openqa.selenium.remote.ErrorHandler.createThrowable(ErrorHandler.java:204)
	at org.openqa.selenium.remote.ErrorHandler.throwIfResponseFailed(ErrorHandler.java:156)
	at org.openqa.selenium.remote.RemoteWebDriver.execute(RemoteWebDriver.java:599)
	at org.openqa.selenium.remote.RemoteWebDriver.findElement(RemoteWebDriver.java:352)
	at org.openqa.selenium.remote.RemoteWebDriver.findElementById(RemoteWebDriver.java:393)
	at org.openqa.selenium.By$ById.findElement(By.java:214)
	at org.openqa.selenium.remote.RemoteWebDriver.findElement(RemoteWebDriver.java:344)
	at org.openqa.selenium.support.ui.ExpectedConditions.findElement(ExpectedConditions.java:730)
	at org.openqa.selenium.support.ui.ExpectedConditions.access$000(ExpectedConditions.java:39)
	at org.openqa.selenium.support.ui.ExpectedConditions$4.apply(ExpectedConditions.java:130)
	at org.openqa.selenium.support.ui.ExpectedConditions$4.apply(ExpectedConditions.java:126)
	at org.openqa.selenium.support.ui.FluentWait.until(FluentWait.java:208)
	... 36 more
Caused by: org.openqa.selenium.remote.ScreenshotException: Screen shot has been taken
Build info: version: '2.44.0', revision: '76d78cf323ce037c5f92db6c1bba601c2ac43ad8', time: '2014-10-23 13:11:40'
System info: host: 'EPUAKHAW0346', ip: '169.254.28.255', os.name: 'Windows 8.1', os.arch: 'amd64', os.version: '6.3', java.version: '1.8.0_20'
Driver info: driver.version: RemoteWebDriver
	at org.openqa.selenium.remote.ErrorHandler.throwIfResponseFailed(ErrorHandler.java:136)
	... 46 more
Caused by: org.openqa.selenium.NoSuchElementException: Unable to locate element: {"method":"id","selector":"exampleInputEmail1"}
For documentation on this error, please visit: http://seleniumhq.org/exceptions/no_such_element.html
Build info: version: '2.44.0', revision: '76d78cf', time: '2014-10-23 20:02:37'
System info: host: 'EPUAKHAW0346', ip: '169.254.28.255', os.name: 'Windows 8.1', os.arch: 'amd64', os.version: '6.3', java.version: '1.8.0_25'
Driver info: driver.version: unknown
For documentation on this error, please visit: http://seleniumhq.org/exceptions/no_such_element.html
Build info: version: '2.44.0', revision: '76d78cf323ce037c5f92db6c1bba601c2ac43ad8', time: '2014-10-23 13:11:40'
System info: host: 'EPUAKHAW0346', ip: '169.254.28.255', os.name: 'Windows 8.1', os.arch: 'amd64', os.version: '6.3', java.version: '1.8.0_20'
Driver info: driver.version: unknown
	at &lt;anonymous class&gt;.FirefoxDriver.prototype.findElementInternal_(file:///C:/Users/OLEKSA~1/AppData/Local/Temp/anonymous514841486784052785webdriver-profile/extensions/fxdriver@googlecode.com/components/driver-component.js:9641:26)
	at &lt;anonymous class&gt;.fxdriver.Timer.prototype.setTimeout/&lt;.notify(file:///C:/Users/OLEKSA~1/AppData/Local/Temp/anonymous514841486784052785webdriver-profile/extensions/fxdriver@googlecode.com/components/driver-component.js:548:5)
</stack-trace>
            </failure>
            <steps>
                <step start="1418035147039" stop="1418035179482" status="broken">
                    <name>login</name>
                    <title>When I login as Admin_Admin and Admin111</title>
                </step>
            </steps>
            <attachments/>
            <labels>
                <label name="feature" value="Users"/>
            </labels>
        </test-case>
    </test-cases>
    <labels/>
</ns2:test-suite>
