<?xml version="1.0" encoding="UTF-8" standalone="yes"?>
<ns2:test-suite xmlns:ns2="urn:model.allure.qatools.yandex.ru" start="1418398953956" stop="1418399010197">
    <name>Custom suite</name>
    <test-cases>
        <test-case start="1418398963351" stop="1418398965469" status="passed">
            <name>preConditions[[LabManager_LabManager, LabManager111]]</name>
            <steps>
                <step start="1418398963897" stop="1418398965464" status="passed">
                    <name>login</name>
                    <title>When I login as LabManager_LabManager and LabManager111</title>
                    <attachments/>
                    <steps/>
                </step>
            </steps>
            <attachments/>
            <labels/>
        </test-case>
        <test-case start="1418398965583" stop="1418398966082" status="passed">
            <name>addGroupBtnName</name>
            <steps>
                <step start="1418398965583" stop="1418398965973" status="passed">
                    <name>navigateToGroups</name>
                    <title>When I navigate to groups</title>
                    <attachments/>
                    <steps/>
                </step>
            </steps>
            <attachments/>
            <labels>
                <label name="feature" value="Groups"/>
            </labels>
        </test-case>
        <test-case start="1418398966089" stop="1418398966852" status="passed">
            <name>validGroupsTableHead</name>
            <steps>
                <step start="1418398966089" stop="1418398966253" status="passed">
                    <name>navigateToGroups</name>
                    <title>When I navigate to groups</title>
                    <attachments/>
                    <steps/>
                </step>
            </steps>
            <attachments/>
            <labels>
                <label name="feature" value="Groups"/>
            </labels>
        </test-case>
        <test-case start="1418398966856" stop="1418398967288" status="passed">
            <name>validTabName</name>
            <steps>
                <step start="1418398966856" stop="1418398967194" status="passed">
                    <name>navigateToGroups</name>
                    <title>When I navigate to groups</title>
                    <attachments/>
                    <steps/>
                </step>
            </steps>
            <attachments/>
            <labels>
                <label name="feature" value="Groups"/>
            </labels>
        </test-case>
        <test-case start="1418398967292" stop="1418398967710" status="passed">
            <name>exportBtnName</name>
            <steps>
                <step start="1418398967293" stop="1418398967639" status="passed">
                    <name>navigateToGroups</name>
                    <title>When I navigate to groups</title>
                    <attachments/>
                    <steps/>
                </step>
            </steps>
            <attachments/>
            <labels>
                <label name="feature" value="Groups"/>
            </labels>
        </test-case>
        <test-case start="1418398967789" stop="1418398979604" status="passed">
            <name>addEmptyGroup[[trololo20, QA]]</name>
            <steps>
                <step start="1418398967789" stop="1418398968078" status="passed">
                    <name>navigateToGroups</name>
                    <title>When I navigate to groups</title>
                    <attachments/>
                    <steps/>
                </step>
                <step start="1418398968078" stop="1418398968370" status="passed">
                    <name>navigateToGroups</name>
                    <title>When I navigate to groups</title>
                    <attachments/>
                    <steps/>
                </step>
                <step start="1418398968629" stop="1418398968999" status="passed">
                    <name>addNewEmptyGroup</name>
                    <title>When I add new group trololo20,QA</title>
                    <attachments/>
                    <steps/>
                </step>
            </steps>
            <attachments/>
            <labels>
                <label name="feature" value="Groups"/>
            </labels>
        </test-case>
        <test-case start="1418398979662" stop="1418398981203" status="passed">
            <name>addGroupWithoutDep[[OstrTestWithoutDep, Choose department]]</name>
            <steps>
                <step start="1418398979663" stop="1418398980006" status="passed">
                    <name>navigateToGroups</name>
                    <title>When I navigate to groups</title>
                    <attachments/>
                    <steps/>
                </step>
                <step start="1418398980006" stop="1418398980326" status="passed">
                    <name>navigateToGroups</name>
                    <title>When I navigate to groups</title>
                    <attachments/>
                    <steps/>
                </step>
                <step start="1418398980556" stop="1418398980833" status="passed">
                    <name>addNewEmptyGroup</name>
                    <title>When I add new group OstrTestWithoutDep,Choose department</title>
                    <attachments/>
                    <steps/>
                </step>
            </steps>
            <attachments/>
            <labels>
                <label name="feature" value="Groups"/>
            </labels>
        </test-case>
        <test-case start="1418398981258" stop="1418398982681" status="passed">
            <name>addGroupWithoutName[[          , QA]]</name>
            <steps>
                <step start="1418398981258" stop="1418398981556" status="passed">
                    <name>navigateToGroups</name>
                    <title>When I navigate to groups</title>
                    <attachments/>
                    <steps/>
                </step>
                <step start="1418398981556" stop="1418398981869" status="passed">
                    <name>navigateToGroups</name>
                    <title>When I navigate to groups</title>
                    <attachments/>
                    <steps/>
                </step>
            </steps>
            <attachments/>
            <labels>
                <label name="feature" value="Groups"/>
            </labels>
        </test-case>
        <test-case start="1418398982724" stop="1418398993451" status="passed">
            <name>groupNameFieldFromSpecialSymbol[[^&amp;*%, QA]]</name>
            <steps>
                <step start="1418398982724" stop="1418398983041" status="passed">
                    <name>navigateToGroups</name>
                    <title>When I navigate to groups</title>
                    <attachments/>
                    <steps/>
                </step>
                <step start="1418398983041" stop="1418398983343" status="passed">
                    <name>navigateToGroups</name>
                    <title>When I navigate to groups</title>
                    <attachments/>
                    <steps/>
                </step>
                <step start="1418398983657" stop="1418398983969" status="passed">
                    <name>addNewEmptyGroup</name>
                    <title>When I add new group ^&amp;*%,QA</title>
                    <attachments/>
                    <steps/>
                </step>
            </steps>
            <attachments/>
            <labels>
                <label name="feature" value="Groups"/>
            </labels>
        </test-case>
        <test-case start="1418398993453" stop="1418398996239" status="passed">
            <name>groupNameFieldFromSpecialSymbol[[^&amp;*%, QA]]</name>
            <steps>
                <step start="1418398993453" stop="1418398993774" status="passed">
                    <name>navigateToGroups</name>
                    <title>When I navigate to groups</title>
                    <attachments/>
                    <steps/>
                </step>
                <step start="1418398993774" stop="1418398994074" status="passed">
                    <name>navigateToGroups</name>
                    <title>When I navigate to groups</title>
                    <attachments/>
                    <steps/>
                </step>
                <step start="1418398994306" stop="1418398994640" status="passed">
                    <name>addNewEmptyGroup</name>
                    <title>When I add new group ^&amp;*%,QA</title>
                    <attachments/>
                    <steps/>
                </step>
            </steps>
            <attachments/>
            <labels>
                <label name="feature" value="Groups"/>
            </labels>
        </test-case>
        <test-case start="1418398996242" stop="1418398997142" status="passed">
            <name>validAddGroupTabName</name>
            <steps>
                <step start="1418398996242" stop="1418398996530" status="passed">
                    <name>navigateToGroups</name>
                    <title>When I navigate to groups</title>
                    <attachments/>
                    <steps/>
                </step>
                <step start="1418398996530" stop="1418398996829" status="passed">
                    <name>navigateToGroups</name>
                    <title>When I navigate to groups</title>
                    <attachments/>
                    <steps/>
                </step>
            </steps>
            <attachments/>
            <labels>
                <label name="feature" value="Groups"/>
            </labels>
        </test-case>
        <test-case start="1418398997144" stop="1418398998173" status="passed">
            <name>verifyLabels</name>
            <steps>
                <step start="1418398997144" stop="1418398997477" status="passed">
                    <name>navigateToGroups</name>
                    <title>When I navigate to groups</title>
                    <attachments/>
                    <steps/>
                </step>
                <step start="1418398997477" stop="1418398997769" status="passed">
                    <name>navigateToGroups</name>
                    <title>When I navigate to groups</title>
                    <attachments/>
                    <steps/>
                </step>
            </steps>
            <attachments/>
            <labels>
                <label name="feature" value="Groups"/>
            </labels>
        </test-case>
        <test-case start="1418398998175" stop="1418398999247" status="passed">
            <name>verifyGroupNameField</name>
            <steps>
                <step start="1418398998175" stop="1418398998596" status="passed">
                    <name>navigateToGroups</name>
                    <title>When I navigate to groups</title>
                    <attachments/>
                    <steps/>
                </step>
                <step start="1418398998596" stop="1418398998928" status="passed">
                    <name>navigateToGroups</name>
                    <title>When I navigate to groups</title>
                    <attachments/>
                    <steps/>
                </step>
            </steps>
            <attachments/>
            <labels>
                <label name="feature" value="Groups"/>
            </labels>
        </test-case>
        <test-case start="1418398999249" stop="1418399000499" status="passed">
            <name>verifyButtonsDisplayed</name>
            <steps>
                <step start="1418398999249" stop="1418398999658" status="passed">
                    <name>navigateToGroups</name>
                    <title>When I navigate to groups</title>
                    <attachments/>
                    <steps/>
                </step>
                <step start="1418398999658" stop="1418399000028" status="passed">
                    <name>navigateToGroups</name>
                    <title>When I navigate to groups</title>
                    <attachments/>
                    <steps/>
                </step>
            </steps>
            <attachments/>
            <labels>
                <label name="feature" value="Groups"/>
            </labels>
        </test-case>
        <test-case start="1418399000623" stop="1418399003973" status="passed">
            <name>groupNameFieldOneSymbol[[G, QA]]</name>
            <steps>
                <step start="1418399000623" stop="1418399001064" status="passed">
                    <name>navigateToGroups</name>
                    <title>When I navigate to groups</title>
                    <attachments/>
                    <steps/>
                </step>
                <step start="1418399001064" stop="1418399001425" status="passed">
                    <name>navigateToGroups</name>
                    <title>When I navigate to groups</title>
                    <attachments/>
                    <steps/>
                </step>
                <step start="1418399001756" stop="1418399002087" status="passed">
                    <name>addNewEmptyGroup</name>
                    <title>When I add new group G,QA</title>
                    <attachments/>
                    <steps/>
                </step>
            </steps>
            <attachments/>
            <labels>
                <label name="feature" value="Groups"/>
            </labels>
        </test-case>
        <test-case start="1418399003975" stop="1418399006992" status="passed">
            <name>groupNameFieldOneSymbol[[G, QA]]</name>
            <steps>
                <step start="1418399003975" stop="1418399004317" status="passed">
                    <name>navigateToGroups</name>
                    <title>When I navigate to groups</title>
                    <attachments/>
                    <steps/>
                </step>
                <step start="1418399004317" stop="1418399004685" status="passed">
                    <name>navigateToGroups</name>
                    <title>When I navigate to groups</title>
                    <attachments/>
                    <steps/>
                </step>
                <step start="1418399005002" stop="1418399005363" status="passed">
                    <name>addNewEmptyGroup</name>
                    <title>When I add new group G,QA</title>
                    <attachments/>
                    <steps/>
                </step>
            </steps>
            <attachments/>
            <labels>
                <label name="feature" value="Groups"/>
            </labels>
        </test-case>
        <test-case start="1418399007038" stop="1418399008582" status="passed">
            <name>creationOfMentee[[LabManager_LabManager, LabManager111, piggyWiggy, piggyWiggy, MENTEE]]</name>
            <steps>
                <step start="1418399007038" stop="1418399007516" status="passed">
                    <name>navigateTo</name>
                    <title>When I navigate to Users</title>
                    <attachments/>
                    <steps/>
                </step>
                <step start="1418399007516" stop="1418399008582" status="passed">
                    <name>addUserDifferentRoles</name>
                    <title>When I create users with different roles piggyWiggy, piggyWiggy</title>
                    <attachments/>
                    <steps/>
                </step>
            </steps>
            <attachments/>
            <labels/>
        </test-case>
        <test-case start="1418399008585" stop="1418399009548" status="passed">
            <name>menteeInAvailableMenteesField</name>
            <steps>
                <step start="1418399008585" stop="1418399008906" status="passed">
                    <name>navigateToGroups</name>
                    <title>When I navigate to groups</title>
                    <attachments/>
                    <steps/>
                </step>
                <step start="1418399008906" stop="1418399009191" status="passed">
                    <name>navigateToGroups</name>
                    <title>When I navigate to groups</title>
                    <attachments/>
                    <steps/>
                </step>
            </steps>
            <attachments/>
            <labels>
                <label name="feature" value="Groups"/>
            </labels>
        </test-case>
        <test-case start="1418399009585" stop="1418399009594" status="canceled">
            <name>displayGroupWithMentee</name>
            <failure>
                <message>RuntimeException: java.lang.NullPointerException</message>
                <stack-trace>java.lang.RuntimeException: java.lang.NullPointerException
	at org.testng.internal.MethodInvocationHelper.invokeDataProvider(MethodInvocationHelper.java:161)
	at org.testng.internal.Parameters.handleParameters(Parameters.java:429)
	at org.testng.internal.Invoker.handleParameters(Invoker.java:1383)
	at org.testng.internal.Invoker.createParameters(Invoker.java:1075)
	at org.testng.internal.Invoker.invokeTestMethods(Invoker.java:1180)
	at org.testng.internal.TestMethodWorker.invokeTestMethods(TestMethodWorker.java:127)
	at org.testng.internal.TestMethodWorker.run(TestMethodWorker.java:111)
	at org.testng.TestRunner.privateRun(TestRunner.java:767)
	at org.testng.TestRunner.run(TestRunner.java:617)
	at org.testng.SuiteRunner.runTest(SuiteRunner.java:348)
	at org.testng.SuiteRunner.runSequentially(SuiteRunner.java:343)
	at org.testng.SuiteRunner.privateRun(SuiteRunner.java:305)
	at org.testng.SuiteRunner.run(SuiteRunner.java:254)
	at org.testng.SuiteRunnerWorker.runSuite(SuiteRunnerWorker.java:52)
	at org.testng.SuiteRunnerWorker.run(SuiteRunnerWorker.java:86)
	at org.testng.TestNG.runSuitesSequentially(TestNG.java:1224)
	at org.testng.TestNG.runSuitesLocally(TestNG.java:1149)
	at org.testng.TestNG.run(TestNG.java:1057)
	at org.testng.remote.RemoteTestNG.run(RemoteTestNG.java:111)
	at org.testng.remote.RemoteTestNG.initAndRun(RemoteTestNG.java:204)
	at org.testng.remote.RemoteTestNG.main(RemoteTestNG.java:175)
	at org.testng.RemoteTestNGStarter.main(RemoteTestNGStarter.java:125)
	at sun.reflect.NativeMethodAccessorImpl.invoke0(Native Method)
	at sun.reflect.NativeMethodAccessorImpl.invoke(NativeMethodAccessorImpl.java:62)
	at sun.reflect.DelegatingMethodAccessorImpl.invoke(DelegatingMethodAccessorImpl.java:43)
	at java.lang.reflect.Method.invoke(Method.java:483)
	at com.intellij.rt.execution.application.AppMain.main(AppMain.java:134)
Caused by: java.lang.NullPointerException
	at khppp.excel.utils.ExcelReader.getRowUsed(ExcelReader.java:96)
	at khppp.excel.utils.ExcelReader.getRowContains(ExcelReader.java:82)
	at khppp.core.CoreTest.testData(CoreTest.java:57)
	at khppp.tests.BaseCase.testData(BaseCase.java:54)
	at sun.reflect.NativeMethodAccessorImpl.invoke0(Native Method)
	at sun.reflect.NativeMethodAccessorImpl.invoke(NativeMethodAccessorImpl.java:62)
	at sun.reflect.DelegatingMethodAccessorImpl.invoke(DelegatingMethodAccessorImpl.java:43)
	at java.lang.reflect.Method.invoke(Method.java:483)
	at org.testng.internal.MethodInvocationHelper.invokeMethod(MethodInvocationHelper.java:84)
	at org.testng.internal.MethodInvocationHelper.invokeDataProvider(MethodInvocationHelper.java:135)
	... 26 more
</stack-trace>
            </failure>
            <steps/>
            <attachments/>
            <labels>
                <label name="feature" value="Groups"/>
            </labels>
        </test-case>
        <test-case start="1418399009642" stop="1418399009642" status="canceled">
            <name>createGroupWithMentee</name>
            <failure>
                <message>RuntimeException: java.lang.NullPointerException</message>
                <stack-trace>java.lang.RuntimeException: java.lang.NullPointerException
	at org.testng.internal.MethodInvocationHelper.invokeDataProvider(MethodInvocationHelper.java:161)
	at org.testng.internal.Parameters.handleParameters(Parameters.java:429)
	at org.testng.internal.Invoker.handleParameters(Invoker.java:1383)
	at org.testng.internal.Invoker.createParameters(Invoker.java:1075)
	at org.testng.internal.Invoker.invokeTestMethods(Invoker.java:1180)
	at org.testng.internal.TestMethodWorker.invokeTestMethods(TestMethodWorker.java:127)
	at org.testng.internal.TestMethodWorker.run(TestMethodWorker.java:111)
	at org.testng.TestRunner.privateRun(TestRunner.java:767)
	at org.testng.TestRunner.run(TestRunner.java:617)
	at org.testng.SuiteRunner.runTest(SuiteRunner.java:348)
	at org.testng.SuiteRunner.runSequentially(SuiteRunner.java:343)
	at org.testng.SuiteRunner.privateRun(SuiteRunner.java:305)
	at org.testng.SuiteRunner.run(SuiteRunner.java:254)
	at org.testng.SuiteRunnerWorker.runSuite(SuiteRunnerWorker.java:52)
	at org.testng.SuiteRunnerWorker.run(SuiteRunnerWorker.java:86)
	at org.testng.TestNG.runSuitesSequentially(TestNG.java:1224)
	at org.testng.TestNG.runSuitesLocally(TestNG.java:1149)
	at org.testng.TestNG.run(TestNG.java:1057)
	at org.testng.remote.RemoteTestNG.run(RemoteTestNG.java:111)
	at org.testng.remote.RemoteTestNG.initAndRun(RemoteTestNG.java:204)
	at org.testng.remote.RemoteTestNG.main(RemoteTestNG.java:175)
	at org.testng.RemoteTestNGStarter.main(RemoteTestNGStarter.java:125)
	at sun.reflect.NativeMethodAccessorImpl.invoke0(Native Method)
	at sun.reflect.NativeMethodAccessorImpl.invoke(NativeMethodAccessorImpl.java:62)
	at sun.reflect.DelegatingMethodAccessorImpl.invoke(DelegatingMethodAccessorImpl.java:43)
	at java.lang.reflect.Method.invoke(Method.java:483)
	at com.intellij.rt.execution.application.AppMain.main(AppMain.java:134)
Caused by: java.lang.NullPointerException
	at khppp.excel.utils.ExcelReader.getRowUsed(ExcelReader.java:96)
	at khppp.excel.utils.ExcelReader.getRowContains(ExcelReader.java:82)
	at khppp.core.CoreTest.testData(CoreTest.java:57)
	at khppp.tests.BaseCase.testData(BaseCase.java:54)
	at sun.reflect.NativeMethodAccessorImpl.invoke0(Native Method)
	at sun.reflect.NativeMethodAccessorImpl.invoke(NativeMethodAccessorImpl.java:62)
	at sun.reflect.DelegatingMethodAccessorImpl.invoke(DelegatingMethodAccessorImpl.java:43)
	at java.lang.reflect.Method.invoke(Method.java:483)
	at org.testng.internal.MethodInvocationHelper.invokeMethod(MethodInvocationHelper.java:84)
	at org.testng.internal.MethodInvocationHelper.invokeDataProvider(MethodInvocationHelper.java:135)
	... 26 more
</stack-trace>
            </failure>
            <steps/>
            <attachments/>
            <labels>
                <label name="feature" value="Groups"/>
            </labels>
        </test-case>
        <test-case start="1418399009643" stop="1418399009644" status="canceled">
            <name>removeMenteeFromGroup</name>
            <failure>
                <message>SkipException: The test was skipped for some reason</message>
                <stack-trace>org.testng.SkipException: The test was skipped for some reason
	at ru.yandex.qatools.allure.testng.AllureTestListener.onTestSkipped(AllureTestListener.java:73)
	at org.testng.internal.Invoker.runTestListeners(Invoker.java:1887)
	at org.testng.internal.Invoker.runTestListeners(Invoker.java:1879)
	at org.testng.internal.Invoker.invokeTestMethods(Invoker.java:1157)
	at org.testng.internal.TestMethodWorker.invokeTestMethods(TestMethodWorker.java:127)
	at org.testng.internal.TestMethodWorker.run(TestMethodWorker.java:111)
	at org.testng.TestRunner.privateRun(TestRunner.java:767)
	at org.testng.TestRunner.run(TestRunner.java:617)
	at org.testng.SuiteRunner.runTest(SuiteRunner.java:348)
	at org.testng.SuiteRunner.runSequentially(SuiteRunner.java:343)
	at org.testng.SuiteRunner.privateRun(SuiteRunner.java:305)
	at org.testng.SuiteRunner.run(SuiteRunner.java:254)
	at org.testng.SuiteRunnerWorker.runSuite(SuiteRunnerWorker.java:52)
	at org.testng.SuiteRunnerWorker.run(SuiteRunnerWorker.java:86)
	at org.testng.TestNG.runSuitesSequentially(TestNG.java:1224)
	at org.testng.TestNG.runSuitesLocally(TestNG.java:1149)
	at org.testng.TestNG.run(TestNG.java:1057)
	at org.testng.remote.RemoteTestNG.run(RemoteTestNG.java:111)
	at org.testng.remote.RemoteTestNG.initAndRun(RemoteTestNG.java:204)
	at org.testng.remote.RemoteTestNG.main(RemoteTestNG.java:175)
	at org.testng.RemoteTestNGStarter.main(RemoteTestNGStarter.java:125)
	at sun.reflect.NativeMethodAccessorImpl.invoke0(Native Method)
	at sun.reflect.NativeMethodAccessorImpl.invoke(NativeMethodAccessorImpl.java:62)
	at sun.reflect.DelegatingMethodAccessorImpl.invoke(DelegatingMethodAccessorImpl.java:43)
	at java.lang.reflect.Method.invoke(Method.java:483)
	at com.intellij.rt.execution.application.AppMain.main(AppMain.java:134)
</stack-trace>
            </failure>
            <steps/>
            <attachments/>
            <labels>
                <label name="feature" value="Groups"/>
            </labels>
        </test-case>
    </test-cases>
    <labels/>
</ns2:test-suite>
