<?xml version="1.0" encoding="UTF-8" standalone="yes"?>
<ns2:test-suite xmlns:ns2="urn:model.allure.qatools.yandex.ru" start="1418035351979" stop="1418035426294">
    <name>Custom suite</name>
    <test-cases>
        <test-case start="1418035360914" stop="1418035397391" status="broken">
            <name>addEmptyGroup[[LabManager_LabManager, LabManager111, Test20, QA]]</name>
            <failure>
                <message>TimeoutException: Timed out after 30 seconds waiting for visibility of element located by By.id: exampleInputEmail1
Build info: version: '2.44.0', revision: '76d78cf323ce037c5f92db6c1bba601c2ac43ad8', time: '2014-10-23 13:11:40'
System info: host: 'EPUAKHAW0346', ip: '169.254.28.255', os.name: 'Windows 8.1', os.arch: 'amd64', os.version: '6.3', java.version: '1.8.0_20'
Driver info: org.openqa.selenium.remote.RemoteWebDriver
Capabilities [{applicationCacheEnabled=true, rotatable=false, handlesAlerts=true, databaseEnabled=true, version=33.1, platform=WINDOWS, nativeEvents=true, acceptSslCerts=true, webdriver.remote.sessionid=6521355e-0433-4452-b3e8-f27252ae4c64, webStorageEnabled=true, locationContextEnabled=true, browserName=firefox, takesScreenshot=true, javascriptEnabled=true, cssSelectorsEnabled=true}]
Session ID: 6521355e-0433-4452-b3e8-f27252ae4c64</message>
                <stack-trace>org.openqa.selenium.TimeoutException: Timed out after 30 seconds waiting for visibility of element located by By.id: exampleInputEmail1
Build info: version: '2.44.0', revision: '76d78cf323ce037c5f92db6c1bba601c2ac43ad8', time: '2014-10-23 13:11:40'
System info: host: 'EPUAKHAW0346', ip: '169.254.28.255', os.name: 'Windows 8.1', os.arch: 'amd64', os.version: '6.3', java.version: '1.8.0_20'
Driver info: org.openqa.selenium.remote.RemoteWebDriver
Capabilities [{applicationCacheEnabled=true, rotatable=false, handlesAlerts=true, databaseEnabled=true, version=33.1, platform=WINDOWS, nativeEvents=true, acceptSslCerts=true, webdriver.remote.sessionid=6521355e-0433-4452-b3e8-f27252ae4c64, webStorageEnabled=true, locationContextEnabled=true, browserName=firefox, takesScreenshot=true, javascriptEnabled=true, cssSelectorsEnabled=true}]
Session ID: 6521355e-0433-4452-b3e8-f27252ae4c64
	at org.openqa.selenium.support.ui.WebDriverWait.timeoutException(WebDriverWait.java:79)
	at org.openqa.selenium.support.ui.FluentWait.until(FluentWait.java:228)
	at khppp.application.components.Component.waitFor(Component.java:73)
	at khppp.application.components.Component.waitFor(Component.java:83)
	at khppp.application.components.LoginPage.enterLogin(LoginPage.java:18)
	at khppp.application.steps.LoginSteps.login(LoginSteps.java:22)
	at khppp.tests.BaseCase.login(BaseCase.java:59)
	at khppp.tests.BaseCase.goToGroupsTab(BaseCase.java:63)
	at khppp.tests.GroupsTest.addEmptyGroup(GroupsTest.java:66)
	at sun.reflect.NativeMethodAccessorImpl.invoke0(Native Method)
	at sun.reflect.NativeMethodAccessorImpl.invoke(NativeMethodAccessorImpl.java:62)
	at sun.reflect.DelegatingMethodAccessorImpl.invoke(DelegatingMethodAccessorImpl.java:43)
	at java.lang.reflect.Method.invoke(Method.java:483)
	at org.testng.internal.MethodInvocationHelper.invokeMethod(MethodInvocationHelper.java:84)
	at org.testng.internal.Invoker.invokeMethod(Invoker.java:714)
	at org.testng.internal.Invoker.invokeTestMethod(Invoker.java:901)
	at org.testng.internal.Invoker.invokeTestMethods(Invoker.java:1231)
	at org.testng.internal.TestMethodWorker.invokeTestMethods(TestMethodWorker.java:127)
	at org.testng.internal.TestMethodWorker.run(TestMethodWorker.java:111)
	at org.testng.TestRunner.privateRun(TestRunner.java:767)
	at org.testng.TestRunner.run(TestRunner.java:617)
	at org.testng.SuiteRunner.runTest(SuiteRunner.java:348)
	at org.testng.SuiteRunner.runSequentially(SuiteRunner.java:343)
	at org.testng.SuiteRunner.privateRun(SuiteRunner.java:305)
	at org.testng.SuiteRunner.run(SuiteRunner.java:254)
	at org.testng.SuiteRunnerWorker.runSuite(SuiteRunnerWorker.java:52)
	at org.testng.SuiteRunnerWorker.run(SuiteRunnerWorker.java:86)
	at org.testng.TestNG.runSuitesSequentially(TestNG.java:1224)
	at org.testng.TestNG.runSuitesLocally(TestNG.java:1149)
	at org.testng.TestNG.run(TestNG.java:1057)
	at org.testng.remote.RemoteTestNG.run(RemoteTestNG.java:111)
	at org.testng.remote.RemoteTestNG.initAndRun(RemoteTestNG.java:204)
	at org.testng.remote.RemoteTestNG.main(RemoteTestNG.java:175)
	at org.testng.RemoteTestNGStarter.main(RemoteTestNGStarter.java:125)
	at sun.reflect.NativeMethodAccessorImpl.invoke0(Native Method)
	at sun.reflect.NativeMethodAccessorImpl.invoke(NativeMethodAccessorImpl.java:62)
	at sun.reflect.DelegatingMethodAccessorImpl.invoke(DelegatingMethodAccessorImpl.java:43)
	at java.lang.reflect.Method.invoke(Method.java:483)
	at com.intellij.rt.execution.application.AppMain.main(AppMain.java:134)
Caused by: org.openqa.selenium.NoSuchElementException: Unable to locate element: {"method":"id","selector":"exampleInputEmail1"}
For documentation on this error, please visit: http://seleniumhq.org/exceptions/no_such_element.html
Build info: version: '2.44.0', revision: '76d78cf', time: '2014-10-23 20:02:37'
System info: host: 'EPUAKHAW0346', ip: '169.254.28.255', os.name: 'Windows 8.1', os.arch: 'amd64', os.version: '6.3', java.version: '1.8.0_25'
Driver info: driver.version: unknown
Command duration or timeout: 10.51 seconds
For documentation on this error, please visit: http://seleniumhq.org/exceptions/no_such_element.html
Build info: version: '2.44.0', revision: '76d78cf323ce037c5f92db6c1bba601c2ac43ad8', time: '2014-10-23 13:11:40'
System info: host: 'EPUAKHAW0346', ip: '169.254.28.255', os.name: 'Windows 8.1', os.arch: 'amd64', os.version: '6.3', java.version: '1.8.0_20'
Driver info: org.openqa.selenium.remote.RemoteWebDriver
Capabilities [{applicationCacheEnabled=true, rotatable=false, handlesAlerts=true, databaseEnabled=true, version=33.1, platform=WINDOWS, nativeEvents=true, acceptSslCerts=true, webdriver.remote.sessionid=6521355e-0433-4452-b3e8-f27252ae4c64, webStorageEnabled=true, locationContextEnabled=true, browserName=firefox, takesScreenshot=true, javascriptEnabled=true, cssSelectorsEnabled=true}]
Session ID: 6521355e-0433-4452-b3e8-f27252ae4c64
	at sun.reflect.NativeConstructorAccessorImpl.newInstance0(Native Method)
	at sun.reflect.NativeConstructorAccessorImpl.newInstance(NativeConstructorAccessorImpl.java:62)
	at sun.reflect.DelegatingConstructorAccessorImpl.newInstance(DelegatingConstructorAccessorImpl.java:45)
	at java.lang.reflect.Constructor.newInstance(Constructor.java:408)
	at org.openqa.selenium.remote.ErrorHandler.createThrowable(ErrorHandler.java:204)
	at org.openqa.selenium.remote.ErrorHandler.throwIfResponseFailed(ErrorHandler.java:156)
	at org.openqa.selenium.remote.RemoteWebDriver.execute(RemoteWebDriver.java:599)
	at org.openqa.selenium.remote.RemoteWebDriver.findElement(RemoteWebDriver.java:352)
	at org.openqa.selenium.remote.RemoteWebDriver.findElementById(RemoteWebDriver.java:393)
	at org.openqa.selenium.By$ById.findElement(By.java:214)
	at org.openqa.selenium.remote.RemoteWebDriver.findElement(RemoteWebDriver.java:344)
	at org.openqa.selenium.support.ui.ExpectedConditions.findElement(ExpectedConditions.java:730)
	at org.openqa.selenium.support.ui.ExpectedConditions.access$000(ExpectedConditions.java:39)
	at org.openqa.selenium.support.ui.ExpectedConditions$4.apply(ExpectedConditions.java:130)
	at org.openqa.selenium.support.ui.ExpectedConditions$4.apply(ExpectedConditions.java:126)
	at org.openqa.selenium.support.ui.FluentWait.until(FluentWait.java:208)
	... 37 more
Caused by: org.openqa.selenium.remote.ScreenshotException: Screen shot has been taken
Build info: version: '2.44.0', revision: '76d78cf323ce037c5f92db6c1bba601c2ac43ad8', time: '2014-10-23 13:11:40'
System info: host: 'EPUAKHAW0346', ip: '169.254.28.255', os.name: 'Windows 8.1', os.arch: 'amd64', os.version: '6.3', java.version: '1.8.0_20'
Driver info: driver.version: RemoteWebDriver
	at org.openqa.selenium.remote.ErrorHandler.throwIfResponseFailed(ErrorHandler.java:136)
	... 47 more
Caused by: org.openqa.selenium.NoSuchElementException: Unable to locate element: {"method":"id","selector":"exampleInputEmail1"}
For documentation on this error, please visit: http://seleniumhq.org/exceptions/no_such_element.html
Build info: version: '2.44.0', revision: '76d78cf', time: '2014-10-23 20:02:37'
System info: host: 'EPUAKHAW0346', ip: '169.254.28.255', os.name: 'Windows 8.1', os.arch: 'amd64', os.version: '6.3', java.version: '1.8.0_25'
Driver info: driver.version: unknown
For documentation on this error, please visit: http://seleniumhq.org/exceptions/no_such_element.html
Build info: version: '2.44.0', revision: '76d78cf323ce037c5f92db6c1bba601c2ac43ad8', time: '2014-10-23 13:11:40'
System info: host: 'EPUAKHAW0346', ip: '169.254.28.255', os.name: 'Windows 8.1', os.arch: 'amd64', os.version: '6.3', java.version: '1.8.0_20'
Driver info: driver.version: unknown
	at &lt;anonymous class&gt;.FirefoxDriver.prototype.findElementInternal_(file:///C:/Users/OLEKSA~1/AppData/Local/Temp/anonymous2455908368944313732webdriver-profile/extensions/fxdriver@googlecode.com/components/driver-component.js:9641:26)
	at &lt;anonymous class&gt;.fxdriver.Timer.prototype.setTimeout/&lt;.notify(file:///C:/Users/OLEKSA~1/AppData/Local/Temp/anonymous2455908368944313732webdriver-profile/extensions/fxdriver@googlecode.com/components/driver-component.js:548:5)
</stack-trace>
            </failure>
            <steps>
                <step start="1418035361285" stop="1418035363163" status="passed">
                    <name>login</name>
                    <title>When I login as LabManager_LabManager and LabManager111</title>
                </step>
                <step start="1418035363163" stop="1418035363606" status="passed">
                    <name>navigateToGroups</name>
                    <title>When I navigate to groups</title>
                </step>
                <step start="1418035363993" stop="1418035364694" status="passed">
                    <name>addNewEmptyGroup</name>
                    <title>When I add new group Test20,QA</title>
                </step>
                <step start="1418035364726" stop="1418035397370" status="broken">
                    <name>login</name>
                    <title>When I login as LabManager_LabManager and LabManager111</title>
                </step>
            </steps>
            <attachments/>
            <labels>
                <label name="feature" value="Groups"/>
            </labels>
        </test-case>
        <test-case start="1418035397741" stop="1418035400054" status="passed">
            <name>addGroupBtnName[[LabManager_LabManager, LabManager111]]</name>
            <steps>
                <step start="1418035398075" stop="1418035399255" status="passed">
                    <name>login</name>
                    <title>When I login as LabManager_LabManager and LabManager111</title>
                    <attachments/>
                    <steps/>
                </step>
                <step start="1418035399255" stop="1418035399681" status="passed">
                    <name>navigateToGroups</name>
                    <title>When I navigate to groups</title>
                    <attachments/>
                    <steps/>
                </step>
            </steps>
            <attachments/>
            <labels>
                <label name="feature" value="Groups"/>
            </labels>
        </test-case>
        <test-case start="1418035400397" stop="1418035403937" status="passed">
            <name>addGroupWithoutDep[[LabManager_LabManager, LabManager111, OstrTestWithoutDep, Choose department]]</name>
            <steps>
                <step start="1418035400679" stop="1418035401874" status="passed">
                    <name>login</name>
                    <title>When I login as LabManager_LabManager and LabManager111</title>
                    <attachments/>
                    <steps/>
                </step>
                <step start="1418035401874" stop="1418035402282" status="passed">
                    <name>navigateToGroups</name>
                    <title>When I navigate to groups</title>
                    <attachments/>
                    <steps/>
                </step>
                <step start="1418035402749" stop="1418035403712" status="passed">
                    <name>addNewEmptyGroup</name>
                    <title>When I add new group OstrTestWithoutDep,Choose department</title>
                    <attachments/>
                    <steps/>
                </step>
            </steps>
            <attachments/>
            <labels>
                <label name="feature" value="Groups"/>
            </labels>
        </test-case>
        <test-case start="1418035404139" stop="1418035407085" status="passed">
            <name>addGroupWithoutName[[LabManager_LabManager, LabManager111,          , QA]]</name>
            <steps>
                <step start="1418035404437" stop="1418035405619" status="passed">
                    <name>login</name>
                    <title>When I login as LabManager_LabManager and LabManager111</title>
                    <attachments/>
                    <steps/>
                </step>
                <step start="1418035405619" stop="1418035405977" status="passed">
                    <name>navigateToGroups</name>
                    <title>When I navigate to groups</title>
                    <attachments/>
                    <steps/>
                </step>
            </steps>
            <attachments/>
            <labels>
                <label name="feature" value="Groups"/>
            </labels>
        </test-case>
        <test-case start="1418035407358" stop="1418035410693" status="passed">
            <name>groupNameFieldDoesNotContainOneSymbol[[LabManager_LabManager, LabManager111, G, QA]]</name>
            <steps>
                <step start="1418035407646" stop="1418035408856" status="passed">
                    <name>login</name>
                    <title>When I login as LabManager_LabManager and LabManager111</title>
                    <attachments/>
                    <steps/>
                </step>
                <step start="1418035408856" stop="1418035409315" status="passed">
                    <name>navigateToGroups</name>
                    <title>When I navigate to groups</title>
                    <attachments/>
                    <steps/>
                </step>
                <step start="1418035409736" stop="1418035410382" status="passed">
                    <name>addNewEmptyGroup</name>
                    <title>When I add new group G,QA</title>
                    <attachments/>
                    <steps/>
                </step>
            </steps>
            <attachments/>
            <labels>
                <label name="feature" value="Groups"/>
            </labels>
        </test-case>
        <test-case start="1418035410887" stop="1418035414311" status="passed">
            <name>groupNameFieldMustStartsNotFromSpecialSymbol[[LabManager_LabManager, LabManager111, ^&amp;*%, QA]]</name>
            <steps>
                <step start="1418035411033" stop="1418035412376" status="passed">
                    <name>login</name>
                    <title>When I login as LabManager_LabManager and LabManager111</title>
                    <attachments/>
                    <steps/>
                </step>
                <step start="1418035412376" stop="1418035412731" status="passed">
                    <name>navigateToGroups</name>
                    <title>When I navigate to groups</title>
                    <attachments/>
                    <steps/>
                </step>
                <step start="1418035413188" stop="1418035414098" status="passed">
                    <name>addNewEmptyGroup</name>
                    <title>When I add new group ^&amp;*%,QA</title>
                    <attachments/>
                    <steps/>
                </step>
            </steps>
            <attachments/>
            <labels>
                <label name="feature" value="Groups"/>
            </labels>
        </test-case>
        <test-case start="1418035414462" stop="1418035417066" status="passed">
            <name>validAddGroupTabName[[LabManager_LabManager, LabManager111]]</name>
            <steps>
                <step start="1418035414569" stop="1418035415941" status="passed">
                    <name>login</name>
                    <title>When I login as LabManager_LabManager and LabManager111</title>
                    <attachments/>
                    <steps/>
                </step>
                <step start="1418035415941" stop="1418035416400" status="passed">
                    <name>navigateToGroups</name>
                    <title>When I navigate to groups</title>
                    <attachments/>
                    <steps/>
                </step>
            </steps>
            <attachments/>
            <labels>
                <label name="feature" value="Groups"/>
            </labels>
        </test-case>
        <test-case start="1418035417288" stop="1418035419284" status="passed">
            <name>validTabName[[LabManager_LabManager, LabManager111]]</name>
            <steps>
                <step start="1418035417451" stop="1418035418892" status="passed">
                    <name>login</name>
                    <title>When I login as LabManager_LabManager and LabManager111</title>
                    <attachments/>
                    <steps/>
                </step>
            </steps>
            <attachments/>
            <labels>
                <label name="feature" value="Groups"/>
            </labels>
        </test-case>
        <test-case start="1418035419448" stop="1418035422467" status="passed">
            <name>verifyButtonsDisplayed[[LabManager_LabManager, LabManager111]]</name>
            <steps>
                <step start="1418035419645" stop="1418035421099" status="passed">
                    <name>login</name>
                    <title>When I login as LabManager_LabManager and LabManager111</title>
                    <attachments/>
                    <steps/>
                </step>
                <step start="1418035421100" stop="1418035421597" status="passed">
                    <name>navigateToGroups</name>
                    <title>When I navigate to groups</title>
                    <attachments/>
                    <steps/>
                </step>
            </steps>
            <attachments/>
            <labels>
                <label name="feature" value="Groups"/>
            </labels>
        </test-case>
        <test-case start="1418035422745" stop="1418035425574" status="passed">
            <name>verifyLabels[[LabManager_LabManager, LabManager111]]</name>
            <steps>
                <step start="1418035423112" stop="1418035424311" status="passed">
                    <name>login</name>
                    <title>When I login as LabManager_LabManager and LabManager111</title>
                    <attachments/>
                    <steps/>
                </step>
                <step start="1418035424311" stop="1418035424883" status="passed">
                    <name>navigateToGroups</name>
                    <title>When I navigate to groups</title>
                    <attachments/>
                    <steps/>
                </step>
            </steps>
            <attachments/>
            <labels>
                <label name="feature" value="Groups"/>
            </labels>
        </test-case>
    </test-cases>
    <labels/>
</ns2:test-suite>
