<?xml version="1.0" encoding="UTF-8" standalone="yes"?>
<ns2:test-suite xmlns:ns2="urn:model.allure.qatools.yandex.ru" start="1418304581382" stop="1418304615922">
    <name>Custom suite</name>
    <test-cases>
        <test-case start="1418304590147" stop="1418304591989" status="passed">
            <name>preConditions[[LabManager_LabManager, LabManager111]]</name>
            <steps>
                <step start="1418304590484" stop="1418304591984" status="passed">
                    <name>login</name>
                    <title>When I login as LabManager_LabManager and LabManager111</title>
                    <attachments/>
                    <steps/>
                </step>
            </steps>
            <attachments/>
            <labels>
                <label name="feature" value="Groups"/>
            </labels>
        </test-case>
        <test-case start="1418304592154" stop="1418304602749" status="passed">
            <name>addEmptyGroup[[Test20, QA]]</name>
            <steps>
                <step start="1418304592155" stop="1418304592697" status="passed">
                    <name>navigateToGroups</name>
                    <title>When I navigate to groups</title>
                    <attachments/>
                    <steps/>
                </step>
            </steps>
            <attachments/>
            <labels>
                <label name="feature" value="Groups"/>
            </labels>
        </test-case>
        <test-case start="1418304602757" stop="1418304603381" status="passed">
            <name>addGroupBtnName</name>
            <steps>
                <step start="1418304602757" stop="1418304603284" status="passed">
                    <name>navigateToGroups</name>
                    <title>When I navigate to groups</title>
                    <attachments/>
                    <steps/>
                </step>
            </steps>
            <attachments/>
            <labels>
                <label name="feature" value="Groups"/>
            </labels>
        </test-case>
        <test-case start="1418304603442" stop="1418304604865" status="passed">
            <name>addGroupWithoutDep[[OstrTestWithoutDep, Choose department]]</name>
            <steps>
                <step start="1418304603442" stop="1418304603915" status="passed">
                    <name>navigateToGroups</name>
                    <title>When I navigate to groups</title>
                    <attachments/>
                    <steps/>
                </step>
                <step start="1418304604283" stop="1418304604823" status="passed">
                    <name>addNewEmptyGroup</name>
                    <title>When I add new group OstrTestWithoutDep,Choose department</title>
                    <attachments/>
                    <steps/>
                </step>
            </steps>
            <attachments/>
            <labels>
                <label name="feature" value="Groups"/>
            </labels>
        </test-case>
        <test-case start="1418304604924" stop="1418304604933" status="canceled">
            <name>addGroupWithoutName</name>
            <failure>
                <message>RuntimeException: java.lang.NullPointerException</message>
                <stack-trace>java.lang.RuntimeException: java.lang.NullPointerException
	at org.testng.internal.MethodInvocationHelper.invokeDataProvider(MethodInvocationHelper.java:161)
	at org.testng.internal.Parameters.handleParameters(Parameters.java:429)
	at org.testng.internal.Invoker.handleParameters(Invoker.java:1383)
	at org.testng.internal.Invoker.createParameters(Invoker.java:1075)
	at org.testng.internal.Invoker.invokeTestMethods(Invoker.java:1180)
	at org.testng.internal.TestMethodWorker.invokeTestMethods(TestMethodWorker.java:127)
	at org.testng.internal.TestMethodWorker.run(TestMethodWorker.java:111)
	at org.testng.TestRunner.privateRun(TestRunner.java:767)
	at org.testng.TestRunner.run(TestRunner.java:617)
	at org.testng.SuiteRunner.runTest(SuiteRunner.java:348)
	at org.testng.SuiteRunner.runSequentially(SuiteRunner.java:343)
	at org.testng.SuiteRunner.privateRun(SuiteRunner.java:305)
	at org.testng.SuiteRunner.run(SuiteRunner.java:254)
	at org.testng.SuiteRunnerWorker.runSuite(SuiteRunnerWorker.java:52)
	at org.testng.SuiteRunnerWorker.run(SuiteRunnerWorker.java:86)
	at org.testng.TestNG.runSuitesSequentially(TestNG.java:1224)
	at org.testng.TestNG.runSuitesLocally(TestNG.java:1149)
	at org.testng.TestNG.run(TestNG.java:1057)
	at org.testng.remote.RemoteTestNG.run(RemoteTestNG.java:111)
	at org.testng.remote.RemoteTestNG.initAndRun(RemoteTestNG.java:204)
	at org.testng.remote.RemoteTestNG.main(RemoteTestNG.java:175)
	at org.testng.RemoteTestNGStarter.main(RemoteTestNGStarter.java:125)
	at sun.reflect.NativeMethodAccessorImpl.invoke0(Native Method)
	at sun.reflect.NativeMethodAccessorImpl.invoke(NativeMethodAccessorImpl.java:62)
	at sun.reflect.DelegatingMethodAccessorImpl.invoke(DelegatingMethodAccessorImpl.java:43)
	at java.lang.reflect.Method.invoke(Method.java:483)
	at com.intellij.rt.execution.application.AppMain.main(AppMain.java:134)
Caused by: java.lang.NullPointerException
	at khppp.excel.utils.ExcelReader.getCellData(ExcelReader.java:68)
	at khppp.excel.utils.ExcelReader.getRowData(ExcelReader.java:56)
	at khppp.excel.utils.ExcelReader.getTableArray(ExcelReader.java:44)
	at khppp.core.CoreTest.testData(CoreTest.java:58)
	at khppp.tests.BaseCase.testData(BaseCase.java:54)
	at sun.reflect.NativeMethodAccessorImpl.invoke0(Native Method)
	at sun.reflect.NativeMethodAccessorImpl.invoke(NativeMethodAccessorImpl.java:62)
	at sun.reflect.DelegatingMethodAccessorImpl.invoke(DelegatingMethodAccessorImpl.java:43)
	at java.lang.reflect.Method.invoke(Method.java:483)
	at org.testng.internal.MethodInvocationHelper.invokeMethod(MethodInvocationHelper.java:84)
	at org.testng.internal.MethodInvocationHelper.invokeDataProvider(MethodInvocationHelper.java:135)
	... 26 more
</stack-trace>
            </failure>
            <steps/>
            <attachments/>
            <labels>
                <label name="feature" value="Groups"/>
            </labels>
        </test-case>
        <test-case start="1418304604937" stop="1418304605440" status="failed">
            <name>exportBtnName</name>
            <failure>
                <message>AssertionError: 
Expected: is &lt;true&gt;
     but: was &lt;false&gt;</message>
                <stack-trace>java.lang.AssertionError: 
Expected: is &lt;true&gt;
     but: was &lt;false&gt;
	at org.hamcrest.MatcherAssert.assertThat(MatcherAssert.java:20)
	at org.hamcrest.MatcherAssert.assertThat(MatcherAssert.java:8)
	at khppp.tests.GroupsTest.exportBtnName(GroupsTest.java:60)
	at sun.reflect.NativeMethodAccessorImpl.invoke0(Native Method)
	at sun.reflect.NativeMethodAccessorImpl.invoke(NativeMethodAccessorImpl.java:62)
	at sun.reflect.DelegatingMethodAccessorImpl.invoke(DelegatingMethodAccessorImpl.java:43)
	at java.lang.reflect.Method.invoke(Method.java:483)
	at org.testng.internal.MethodInvocationHelper.invokeMethod(MethodInvocationHelper.java:84)
	at org.testng.internal.Invoker.invokeMethod(Invoker.java:714)
	at org.testng.internal.Invoker.invokeTestMethod(Invoker.java:901)
	at org.testng.internal.Invoker.invokeTestMethods(Invoker.java:1231)
	at org.testng.internal.TestMethodWorker.invokeTestMethods(TestMethodWorker.java:127)
	at org.testng.internal.TestMethodWorker.run(TestMethodWorker.java:111)
	at org.testng.TestRunner.privateRun(TestRunner.java:767)
	at org.testng.TestRunner.run(TestRunner.java:617)
	at org.testng.SuiteRunner.runTest(SuiteRunner.java:348)
	at org.testng.SuiteRunner.runSequentially(SuiteRunner.java:343)
	at org.testng.SuiteRunner.privateRun(SuiteRunner.java:305)
	at org.testng.SuiteRunner.run(SuiteRunner.java:254)
	at org.testng.SuiteRunnerWorker.runSuite(SuiteRunnerWorker.java:52)
	at org.testng.SuiteRunnerWorker.run(SuiteRunnerWorker.java:86)
	at org.testng.TestNG.runSuitesSequentially(TestNG.java:1224)
	at org.testng.TestNG.runSuitesLocally(TestNG.java:1149)
	at org.testng.TestNG.run(TestNG.java:1057)
	at org.testng.remote.RemoteTestNG.run(RemoteTestNG.java:111)
	at org.testng.remote.RemoteTestNG.initAndRun(RemoteTestNG.java:204)
	at org.testng.remote.RemoteTestNG.main(RemoteTestNG.java:175)
	at org.testng.RemoteTestNGStarter.main(RemoteTestNGStarter.java:125)
	at sun.reflect.NativeMethodAccessorImpl.invoke0(Native Method)
	at sun.reflect.NativeMethodAccessorImpl.invoke(NativeMethodAccessorImpl.java:62)
	at sun.reflect.DelegatingMethodAccessorImpl.invoke(DelegatingMethodAccessorImpl.java:43)
	at java.lang.reflect.Method.invoke(Method.java:483)
	at com.intellij.rt.execution.application.AppMain.main(AppMain.java:134)
</stack-trace>
            </failure>
            <steps>
                <step start="1418304604937" stop="1418304605355" status="passed">
                    <name>navigateToGroups</name>
                    <title>When I navigate to groups</title>
                </step>
            </steps>
            <attachments/>
            <labels>
                <label name="feature" value="Groups"/>
            </labels>
        </test-case>
        <test-case start="1418304605511" stop="1418304606940" status="passed">
            <name>groupNameFieldFromSpecialSymbol[[^&amp;*%, QA]]</name>
            <steps>
                <step start="1418304605511" stop="1418304605921" status="passed">
                    <name>navigateToGroups</name>
                    <title>When I navigate to groups</title>
                    <attachments/>
                    <steps/>
                </step>
                <step start="1418304606155" stop="1418304606889" status="passed">
                    <name>addNewEmptyGroup</name>
                    <title>When I add new group ^&amp;*%,QA</title>
                    <attachments/>
                    <steps/>
                </step>
            </steps>
            <attachments/>
            <labels>
                <label name="feature" value="Groups"/>
            </labels>
        </test-case>
        <test-case start="1418304606942" stop="1418304608294" status="passed">
            <name>groupNameFieldFromSpecialSymbol[[^&amp;*%, QA]]</name>
            <steps>
                <step start="1418304606942" stop="1418304607331" status="passed">
                    <name>navigateToGroups</name>
                    <title>When I navigate to groups</title>
                    <attachments/>
                    <steps/>
                </step>
                <step start="1418304607572" stop="1418304608253" status="passed">
                    <name>addNewEmptyGroup</name>
                    <title>When I add new group ^&amp;*%,QA</title>
                    <attachments/>
                    <steps/>
                </step>
            </steps>
            <attachments/>
            <labels>
                <label name="feature" value="Groups"/>
            </labels>
        </test-case>
        <test-case start="1418304608328" stop="1418304609717" status="passed">
            <name>groupNameFieldOneSymbol[[G, QA]]</name>
            <steps>
                <step start="1418304608329" stop="1418304608731" status="passed">
                    <name>navigateToGroups</name>
                    <title>When I navigate to groups</title>
                    <attachments/>
                    <steps/>
                </step>
                <step start="1418304609038" stop="1418304609676" status="passed">
                    <name>addNewEmptyGroup</name>
                    <title>When I add new group G,QA</title>
                    <attachments/>
                    <steps/>
                </step>
            </steps>
            <attachments/>
            <labels>
                <label name="feature" value="Groups"/>
            </labels>
        </test-case>
        <test-case start="1418304609720" stop="1418304611105" status="passed">
            <name>groupNameFieldOneSymbol[[G, QA]]</name>
            <steps>
                <step start="1418304609720" stop="1418304610129" status="passed">
                    <name>navigateToGroups</name>
                    <title>When I navigate to groups</title>
                    <attachments/>
                    <steps/>
                </step>
                <step start="1418304610404" stop="1418304611058" status="passed">
                    <name>addNewEmptyGroup</name>
                    <title>When I add new group G,QA</title>
                    <attachments/>
                    <steps/>
                </step>
            </steps>
            <attachments/>
            <labels>
                <label name="feature" value="Groups"/>
            </labels>
        </test-case>
        <test-case start="1418304611108" stop="1418304611807" status="passed">
            <name>validAddGroupTabName</name>
            <steps>
                <step start="1418304611108" stop="1418304611476" status="passed">
                    <name>navigateToGroups</name>
                    <title>When I navigate to groups</title>
                    <attachments/>
                    <steps/>
                </step>
            </steps>
            <attachments/>
            <labels>
                <label name="feature" value="Groups"/>
            </labels>
        </test-case>
        <test-case start="1418304611809" stop="1418304612286" status="passed">
            <name>validTabName</name>
            <steps>
                <step start="1418304611809" stop="1418304612212" status="passed">
                    <name>navigateToGroups</name>
                    <title>When I navigate to groups</title>
                    <attachments/>
                    <steps/>
                </step>
            </steps>
            <attachments/>
            <labels>
                <label name="feature" value="Groups"/>
            </labels>
        </test-case>
        <test-case start="1418304612288" stop="1418304613187" status="passed">
            <name>verifyButtonsDisplayed</name>
            <steps>
                <step start="1418304612288" stop="1418304612697" status="passed">
                    <name>navigateToGroups</name>
                    <title>When I navigate to groups</title>
                    <attachments/>
                    <steps/>
                </step>
            </steps>
            <attachments/>
            <labels>
                <label name="feature" value="Groups"/>
            </labels>
        </test-case>
        <test-case start="1418304613189" stop="1418304613921" status="passed">
            <name>verifyGroupNameField</name>
            <steps>
                <step start="1418304613190" stop="1418304613593" status="passed">
                    <name>navigateToGroups</name>
                    <title>When I navigate to groups</title>
                    <attachments/>
                    <steps/>
                </step>
            </steps>
            <attachments/>
            <labels>
                <label name="feature" value="Groups"/>
            </labels>
        </test-case>
        <test-case start="1418304613923" stop="1418304615477" status="passed">
            <name>verifyLabels</name>
            <steps>
                <step start="1418304613923" stop="1418304614321" status="passed">
                    <name>navigateToGroups</name>
                    <title>When I navigate to groups</title>
                    <attachments/>
                    <steps/>
                </step>
            </steps>
            <attachments/>
            <labels>
                <label name="feature" value="Groups"/>
            </labels>
        </test-case>
    </test-cases>
    <labels/>
</ns2:test-suite>
