<!DOCTYPE html PUBLIC "-//W3C//DTD XHTML 1.1//EN" "http://www.w3.org/TR/xhtml11/DTD/xhtml11.dtd">
<html xmlns="http://www.w3.org/1999/xhtml"><head><title>TestNG Report</title><style type="text/css">table {margin-bottom:10px;border-collapse:collapse;empty-cells:show}th,td {border:1px solid #009;padding:.25em .5em}th {vertical-align:bottom}td {vertical-align:top}table a {font-weight:bold}.stripe td {background-color: #E6EBF9}.num {text-align:right}.passedodd td {background-color: #3F3}.passedeven td {background-color: #0A0}.skippedodd td {background-color: #DDD}.skippedeven td {background-color: #CCC}.failedodd td,.attn {background-color: #F33}.failedeven td,.stripe .attn {background-color: #D00}.stacktrace {white-space:pre;font-family:monospace}.totop {font-size:85%;text-align:center;border-bottom:2px solid #000}</style></head><body><table><tr><th>Test</th><th># Passed</th><th># Skipped</th><th># Failed</th><th>Time (ms)</th><th>Included Groups</th><th>Excluded Groups</th></tr><tr><th colspan="7">TestRun</th></tr><tr><td><a href="#t0">KhpppRun</a></td><td class="num">32</td><td class="num attn">5</td><td class="num attn">15</td><td class="num">422,067</td><td></td><td></td></tr></table><table><thead><tr><th>Class</th><th>Method</th><th>Start</th><th>Time (ms)</th></tr></thead><tbody><tr><th colspan="4">TestRun</th></tr></tbody><tbody id="t0"><tr><th colspan="4">KhpppRun &#8212; failed</th></tr><tr class="failedeven"><td rowspan="4">khppp.tests.GroupJournalTests</td><td><a href="#m0">correctAddSubgroupBtnName</a></td><td rowspan="1">1419241595549</td><td rowspan="1">32137</td></tr><tr class="failedeven"><td><a href="#m1">correctAssignBtnName</a></td><td rowspan="1">1419241627690</td><td rowspan="1">32727</td></tr><tr class="failedeven"><td><a href="#m2">correctBackBtnName</a></td><td rowspan="1">1419241660422</td><td rowspan="1">32341</td></tr><tr class="failedeven"><td><a href="#m3">validWithoutSubgroupTitle</a></td><td rowspan="1">1419241590556</td><td rowspan="1">1216</td></tr><tr class="failedodd"><td rowspan="7">khppp.tests.GroupsTest</td><td><a href="#m4">addEmptyGroup</a></td><td rowspan="1">1419241497449</td><td rowspan="1">0</td></tr><tr class="failedodd"><td><a href="#m5">addGroupBtnName</a></td><td rowspan="1">1419241442872</td><td rowspan="1">34357</td></tr><tr class="failedodd"><td><a href="#m6">addGroupWithoutDep</a></td><td rowspan="1">1419241497491</td><td rowspan="1">0</td></tr><tr class="failedodd"><td><a href="#m7">addGroupWithoutName</a></td><td rowspan="1">1419241497538</td><td rowspan="1">0</td></tr><tr class="failedodd"><td><a href="#m8">groupNameFieldFromSpecialSymbol</a></td><td rowspan="1">1419241497609</td><td rowspan="1">0</td></tr><tr class="failedodd"><td><a href="#m9">groupNameFieldOneSymbol</a></td><td rowspan="1">1419241497669</td><td rowspan="1">0</td></tr><tr class="failedodd"><td><a href="#m10">preConditions</a></td><td rowspan="1">1419241442792</td><td rowspan="1">0</td></tr><tr class="failedeven"><td rowspan="2">khppp.tests.StatusTest</td><td><a href="#m11">changeStatusByMentee</a></td><td rowspan="1">1419241545699</td><td rowspan="1">32363</td></tr><tr class="failedeven"><td><a href="#m12">changeStatusByMentor</a></td><td rowspan="1">1419241578108</td><td rowspan="1">0</td></tr><tr class="failedodd"><td rowspan="2">khppp.tests.SubgroupTest</td><td><a href="#m13">addNewEmptySubgroup</a></td><td rowspan="1">1419241515051</td><td rowspan="1">0</td></tr><tr class="failedodd"><td><a href="#m14">addNewSubgroup</a></td><td rowspan="1">1419241515091</td><td rowspan="1">0</td></tr><tr><th colspan="4">KhpppRun &#8212; skipped</th></tr><tr class="skippedeven"><td rowspan="5">khppp.tests.GroupsTest</td><td><a href="#m15">createGroupWithMentee</a></td><td rowspan="1">1419241503160</td><td rowspan="1">0</td></tr><tr class="skippedeven"><td><a href="#m16">creationOfMentee</a></td><td rowspan="1">1419241503157</td><td rowspan="1">1</td></tr><tr class="skippedeven"><td><a href="#m17">displayGroupWithMentee</a></td><td rowspan="1">1419241503158</td><td rowspan="1">1</td></tr><tr class="skippedeven"><td><a href="#m18">menteeInAvailableMenteesField</a></td><td rowspan="1">1419241503159</td><td rowspan="1">0</td></tr><tr class="skippedeven"><td><a href="#m19">removeMenteeFromGroup</a></td><td rowspan="1">1419241503160</td><td rowspan="1">1</td></tr><tr><th colspan="4">KhpppRun &#8212; passed</th></tr><tr class="passedeven"><td rowspan="9">khppp.tests.GroupJournalTests</td><td><a href="#m20">availableMentees</a></td><td rowspan="1">1419241713300</td><td rowspan="1">1162</td></tr><tr class="passedeven"><td><a href="#m21">correctExportBtnName</a></td><td rowspan="1">1419241692768</td><td rowspan="1">18464</td></tr><tr class="passedeven"><td><a href="#m22">correctGroupName</a></td><td rowspan="1">1419241711233</td><td rowspan="1">1841</td></tr><tr class="passedeven"><td><a href="#m23">correctPageName</a></td><td rowspan="1">1419241713075</td><td rowspan="1">60</td></tr><tr class="passedeven"><td><a href="#m24">createGroupWithMentee</a></td><td rowspan="1">1419241714847</td><td rowspan="1">3022</td></tr><tr class="passedeven"><td><a href="#m25">creationOfMentee</a></td><td rowspan="1">1419241593113</td><td rowspan="1">2434</td></tr><tr class="passedeven"><td><a href="#m26">preConditions</a></td><td rowspan="1">1419241589018</td><td rowspan="1">1508</td></tr><tr class="passedeven"><td><a href="#m27">validGroupJournalTableHead</a></td><td rowspan="1">1419241713152</td><td rowspan="1">146</td></tr><tr class="passedeven"><td><a href="#m28">workOfBackButton</a></td><td rowspan="1">1419241591773</td><td rowspan="1">1305</td></tr><tr class="passedodd"><td rowspan="7">khppp.tests.GroupsTest</td><td><a href="#m29">exportBtnName</a></td><td rowspan="1">1419241477403</td><td rowspan="1">18891</td></tr><tr class="passedodd"><td><a href="#m30">validAddGroupTabName</a></td><td rowspan="1">1419241497670</td><td rowspan="1">1371</td></tr><tr class="passedodd"><td><a href="#m31">validGroupsTableHead</a></td><td rowspan="1">1419241496296</td><td rowspan="1">610</td></tr><tr class="passedodd"><td><a href="#m32">validTabName</a></td><td rowspan="1">1419241496908</td><td rowspan="1">484</td></tr><tr class="passedodd"><td><a href="#m33">verifyButtonsDisplayed</a></td><td rowspan="1">1419241499042</td><td rowspan="1">1209</td></tr><tr class="passedodd"><td><a href="#m34">verifyGroupNameField</a></td><td rowspan="1">1419241500253</td><td rowspan="1">1215</td></tr><tr class="passedodd"><td><a href="#m35">verifyLabels</a></td><td rowspan="1">1419241501470</td><td rowspan="1">1685</td></tr><tr class="passedeven"><td rowspan="6">khppp.tests.LoginTest</td><td><a href="#m36">userEmptyLogin</a></td><td rowspan="1">1419241331686</td><td rowspan="1">8015</td></tr><tr class="passedeven"><td><a href="#m37">userEmptyPassword</a></td><td rowspan="1">1419241340046</td><td rowspan="1">834</td></tr><tr class="passedeven"><td><a href="#m38">userIncorrectLogin</a></td><td rowspan="1">1419241340961</td><td rowspan="1">799</td></tr><tr class="passedeven"><td><a href="#m39">userLogin</a></td><td rowspan="3">1419241346363</td><td rowspan="3">1413</td></tr><tr class="passedeven"><td><a href="#m40">userLogin</a></td></tr><tr class="passedeven"><td><a href="#m41">userLogin</a></td></tr><tr class="passedodd"><td rowspan="2">khppp.tests.StatusTest</td><td><a href="#m42">preConditionsMentee</a></td><td rowspan="1">1419241521385</td><td rowspan="1">1842</td></tr><tr class="passedodd"><td><a href="#m43">preConditionsMentor</a></td><td rowspan="1">1419241523258</td><td rowspan="1">22437</td></tr><tr class="passedeven"><td rowspan="1">khppp.tests.SubgroupTest</td><td><a href="#m44">preConditions</a></td><td rowspan="1">1419241512998</td><td rowspan="1">1961</td></tr><tr class="passedodd"><td rowspan="7">khppp.tests.UsersTest</td><td><a href="#m45">addUserCustomEmail</a></td><td rowspan="1">1419241357760</td><td rowspan="1">19480</td></tr><tr class="passedodd"><td><a href="#m46">addUserWithoutName</a></td><td rowspan="1">1419241429783</td><td rowspan="1">2547</td></tr><tr class="passedodd"><td><a href="#m47">addUserWithoutSurname</a></td><td rowspan="1">1419241432370</td><td rowspan="1">2363</td></tr><tr class="passedodd"><td><a href="#m48">adminAddNewUser</a></td><td rowspan="4">1419241403515</td><td rowspan="4">12671</td></tr><tr class="passedodd"><td><a href="#m49">adminAddNewUser</a></td></tr><tr class="passedodd"><td><a href="#m50">adminAddNewUser</a></td></tr><tr class="passedodd"><td><a href="#m51">adminAddNewUser</a></td></tr></tbody></table><h2>KhpppRun</h2><h3 id="m0">khppp.tests.GroupJournalTests#correctAddSubgroupBtnName</h3><table class="result"><tr><th>Exception</th></tr><tr><td><div class="stacktrace">org.openqa.selenium.TimeoutException: Timed out after 30 seconds waiting for visibility of element located by By.xpath: //div[@class=&apos;submenu&apos;]/a[text()=&apos;Add Subgroup&apos;]
Build info: version: &apos;2.44.0&apos;, revision: &apos;76d78cf323ce037c5f92db6c1bba601c2ac43ad8&apos;, time: &apos;2014-10-23 13:11:40&apos;
System info: host: &apos;EPUAKHAW0662&apos;, ip: &apos;192.168.56.1&apos;, os.name: &apos;Windows 8.1&apos;, os.arch: &apos;amd64&apos;, os.version: &apos;6.3&apos;, java.version: &apos;1.8.0_25&apos;
Driver info: org.openqa.selenium.remote.RemoteWebDriver
Capabilities [{applicationCacheEnabled=true, rotatable=false, handlesAlerts=true, databaseEnabled=true, version=34.0.5, platform=WINDOWS, nativeEvents=false, acceptSslCerts=true, webdriver.remote.sessionid=dd32a7a8-bfdb-4842-9d30-47ff41b73d7a, webStorageEnabled=true, locationContextEnabled=true, browserName=firefox, takesScreenshot=true, javascriptEnabled=true, cssSelectorsEnabled=true}]
Session ID: dd32a7a8-bfdb-4842-9d30-47ff41b73d7a
	at org.openqa.selenium.support.ui.WebDriverWait.timeoutException(WebDriverWait.java:79)
	at org.openqa.selenium.support.ui.FluentWait.until(FluentWait.java:228)
	at khppp.application.components.Component.waitFor(Component.java:73)
	at khppp.application.components.Component.waitFor(Component.java:83)
	at khppp.application.components.GroupJournalPage.isBtnAddSubgroupDisplayed(GroupJournalPage.java:31)
	at khppp.application.steps.GroupJournalSteps.isAddSubgroupDisplayed(GroupJournalSteps.java:45)
	at khppp.tests.GroupJournalTests.correctAddSubgroupBtnName(GroupJournalTests.java:85)
Caused by: org.openqa.selenium.NoSuchElementException: Unable to locate element: {&quot;method&quot;:&quot;xpath&quot;,&quot;selector&quot;:&quot;//div[@class=&apos;submenu&apos;]/a[text()=&apos;Add Subgroup&apos;]&quot;}
For documentation on this error, please visit: http://seleniumhq.org/exceptions/no_such_element.html
Build info: version: &apos;2.44.0&apos;, revision: &apos;76d78cf&apos;, time: &apos;2014-10-23 20:02:37&apos;
System info: host: &apos;EPUAKHAW0662&apos;, ip: &apos;192.168.56.1&apos;, os.name: &apos;Windows 8.1&apos;, os.arch: &apos;amd64&apos;, os.version: &apos;6.3&apos;, java.version: &apos;1.8.0_25&apos;
Driver info: driver.version: unknown
Command duration or timeout: 10.37 seconds
For documentation on this error, please visit: http://seleniumhq.org/exceptions/no_such_element.html
Build info: version: &apos;2.44.0&apos;, revision: &apos;76d78cf323ce037c5f92db6c1bba601c2ac43ad8&apos;, time: &apos;2014-10-23 13:11:40&apos;
System info: host: &apos;EPUAKHAW0662&apos;, ip: &apos;192.168.56.1&apos;, os.name: &apos;Windows 8.1&apos;, os.arch: &apos;amd64&apos;, os.version: &apos;6.3&apos;, java.version: &apos;1.8.0_25&apos;
Driver info: org.openqa.selenium.remote.RemoteWebDriver
Capabilities [{applicationCacheEnabled=true, rotatable=false, handlesAlerts=true, databaseEnabled=true, version=34.0.5, platform=WINDOWS, nativeEvents=false, acceptSslCerts=true, webdriver.remote.sessionid=dd32a7a8-bfdb-4842-9d30-47ff41b73d7a, webStorageEnabled=true, locationContextEnabled=true, browserName=firefox, takesScreenshot=true, javascriptEnabled=true, cssSelectorsEnabled=true}]
Session ID: dd32a7a8-bfdb-4842-9d30-47ff41b73d7a
	at org.openqa.selenium.remote.ErrorHandler.createThrowable(ErrorHandler.java:204)
	at org.openqa.selenium.remote.ErrorHandler.throwIfResponseFailed(ErrorHandler.java:156)
	at org.openqa.selenium.remote.RemoteWebDriver.execute(RemoteWebDriver.java:599)
	at org.openqa.selenium.remote.RemoteWebDriver.findElement(RemoteWebDriver.java:352)
	at org.openqa.selenium.remote.RemoteWebDriver.findElementByXPath(RemoteWebDriver.java:449)
	at org.openqa.selenium.By$ByXPath.findElement(By.java:357)
	at org.openqa.selenium.remote.RemoteWebDriver.findElement(RemoteWebDriver.java:344)
	at org.openqa.selenium.support.ui.ExpectedConditions.findElement(ExpectedConditions.java:730)
	at org.openqa.selenium.support.ui.ExpectedConditions.access$000(ExpectedConditions.java:39)
	at org.openqa.selenium.support.ui.ExpectedConditions$4.apply(ExpectedConditions.java:130)
	at org.openqa.selenium.support.ui.ExpectedConditions$4.apply(ExpectedConditions.java:126)
	at org.openqa.selenium.support.ui.FluentWait.until(FluentWait.java:208)
	... 32 more
Caused by: org.openqa.selenium.remote.ScreenshotException: Screen shot has been taken
Build info: version: &apos;2.44.0&apos;, revision: &apos;76d78cf323ce037c5f92db6c1bba601c2ac43ad8&apos;, time: &apos;2014-10-23 13:11:40&apos;
System info: host: &apos;EPUAKHAW0662&apos;, ip: &apos;192.168.56.1&apos;, os.name: &apos;Windows 8.1&apos;, os.arch: &apos;amd64&apos;, os.version: &apos;6.3&apos;, java.version: &apos;1.8.0_25&apos;
Driver info: driver.version: RemoteWebDriver
	at org.openqa.selenium.remote.ErrorHandler.throwIfResponseFailed(ErrorHandler.java:136)
	... 42 more
Caused by: org.openqa.selenium.NoSuchElementException: Unable to locate element: {&quot;method&quot;:&quot;xpath&quot;,&quot;selector&quot;:&quot;//div[@class=&apos;submenu&apos;]/a[text()=&apos;Add Subgroup&apos;]&quot;}
For documentation on this error, please visit: http://seleniumhq.org/exceptions/no_such_element.html
Build info: version: &apos;2.44.0&apos;, revision: &apos;76d78cf&apos;, time: &apos;2014-10-23 20:02:37&apos;
System info: host: &apos;EPUAKHAW0662&apos;, ip: &apos;192.168.56.1&apos;, os.name: &apos;Windows 8.1&apos;, os.arch: &apos;amd64&apos;, os.version: &apos;6.3&apos;, java.version: &apos;1.8.0_25&apos;
Driver info: driver.version: unknown
For documentation on this error, please visit: http://seleniumhq.org/exceptions/no_such_element.html
Build info: version: &apos;2.44.0&apos;, revision: &apos;76d78cf323ce037c5f92db6c1bba601c2ac43ad8&apos;, time: &apos;2014-10-23 13:11:40&apos;
System info: host: &apos;EPUAKHAW0662&apos;, ip: &apos;192.168.56.1&apos;, os.name: &apos;Windows 8.1&apos;, os.arch: &apos;amd64&apos;, os.version: &apos;6.3&apos;, java.version: &apos;1.8.0_25&apos;
Driver info: driver.version: unknown
	at &lt;anonymous class&gt;.FirefoxDriver.prototype.findElementInternal_(file:///C:/Users/YEHOR_~1/AppData/Local/Temp/anonymous8143357805961477093webdriver-profile/extensions/fxdriver@googlecode.com/components/driver-component.js:9641:26)
	at &lt;anonymous class&gt;.fxdriver.Timer.prototype.setTimeout/&lt;.notify(file:///C:/Users/YEHOR_~1/AppData/Local/Temp/anonymous8143357805961477093webdriver-profile/extensions/fxdriver@googlecode.com/components/driver-component.js:548:5)
... Removed 31 stack frames</div></td></tr></table><p class="totop"><a href="#summary">back to summary</a></p><h3 id="m1">khppp.tests.GroupJournalTests#correctAssignBtnName</h3><table class="result"><tr><th>Exception</th></tr><tr><td><div class="stacktrace">org.openqa.selenium.TimeoutException: Timed out after 30 seconds waiting for visibility of element located by By.xpath: //a[@class=&apos;btn btn-success&apos;][2]
Build info: version: &apos;2.44.0&apos;, revision: &apos;76d78cf323ce037c5f92db6c1bba601c2ac43ad8&apos;, time: &apos;2014-10-23 13:11:40&apos;
System info: host: &apos;EPUAKHAW0662&apos;, ip: &apos;192.168.56.1&apos;, os.name: &apos;Windows 8.1&apos;, os.arch: &apos;amd64&apos;, os.version: &apos;6.3&apos;, java.version: &apos;1.8.0_25&apos;
Driver info: org.openqa.selenium.remote.RemoteWebDriver
Capabilities [{applicationCacheEnabled=true, rotatable=false, handlesAlerts=true, databaseEnabled=true, version=34.0.5, platform=WINDOWS, nativeEvents=false, acceptSslCerts=true, webdriver.remote.sessionid=dd32a7a8-bfdb-4842-9d30-47ff41b73d7a, webStorageEnabled=true, locationContextEnabled=true, browserName=firefox, takesScreenshot=true, javascriptEnabled=true, cssSelectorsEnabled=true}]
Session ID: dd32a7a8-bfdb-4842-9d30-47ff41b73d7a
	at org.openqa.selenium.support.ui.WebDriverWait.timeoutException(WebDriverWait.java:79)
	at org.openqa.selenium.support.ui.FluentWait.until(FluentWait.java:228)
	at khppp.application.components.Component.waitFor(Component.java:73)
	at khppp.application.components.Component.waitFor(Component.java:83)
	at khppp.application.components.GroupJournalPage.isBtnAssignDisplayed(GroupJournalPage.java:35)
	at khppp.application.steps.GroupJournalSteps.isAssignDisplayed(GroupJournalSteps.java:49)
	at khppp.tests.GroupJournalTests.correctAssignBtnName(GroupJournalTests.java:91)
Caused by: org.openqa.selenium.NoSuchElementException: Unable to locate element: {&quot;method&quot;:&quot;xpath&quot;,&quot;selector&quot;:&quot;//a[@class=&apos;btn btn-success&apos;][2]&quot;}
For documentation on this error, please visit: http://seleniumhq.org/exceptions/no_such_element.html
Build info: version: &apos;2.44.0&apos;, revision: &apos;76d78cf&apos;, time: &apos;2014-10-23 20:02:37&apos;
System info: host: &apos;EPUAKHAW0662&apos;, ip: &apos;192.168.56.1&apos;, os.name: &apos;Windows 8.1&apos;, os.arch: &apos;amd64&apos;, os.version: &apos;6.3&apos;, java.version: &apos;1.8.0_25&apos;
Driver info: driver.version: unknown
Command duration or timeout: 10.52 seconds
For documentation on this error, please visit: http://seleniumhq.org/exceptions/no_such_element.html
Build info: version: &apos;2.44.0&apos;, revision: &apos;76d78cf323ce037c5f92db6c1bba601c2ac43ad8&apos;, time: &apos;2014-10-23 13:11:40&apos;
System info: host: &apos;EPUAKHAW0662&apos;, ip: &apos;192.168.56.1&apos;, os.name: &apos;Windows 8.1&apos;, os.arch: &apos;amd64&apos;, os.version: &apos;6.3&apos;, java.version: &apos;1.8.0_25&apos;
Driver info: org.openqa.selenium.remote.RemoteWebDriver
Capabilities [{applicationCacheEnabled=true, rotatable=false, handlesAlerts=true, databaseEnabled=true, version=34.0.5, platform=WINDOWS, nativeEvents=false, acceptSslCerts=true, webdriver.remote.sessionid=dd32a7a8-bfdb-4842-9d30-47ff41b73d7a, webStorageEnabled=true, locationContextEnabled=true, browserName=firefox, takesScreenshot=true, javascriptEnabled=true, cssSelectorsEnabled=true}]
Session ID: dd32a7a8-bfdb-4842-9d30-47ff41b73d7a
	at org.openqa.selenium.remote.ErrorHandler.createThrowable(ErrorHandler.java:204)
	at org.openqa.selenium.remote.ErrorHandler.throwIfResponseFailed(ErrorHandler.java:156)
	at org.openqa.selenium.remote.RemoteWebDriver.execute(RemoteWebDriver.java:599)
	at org.openqa.selenium.remote.RemoteWebDriver.findElement(RemoteWebDriver.java:352)
	at org.openqa.selenium.remote.RemoteWebDriver.findElementByXPath(RemoteWebDriver.java:449)
	at org.openqa.selenium.By$ByXPath.findElement(By.java:357)
	at org.openqa.selenium.remote.RemoteWebDriver.findElement(RemoteWebDriver.java:344)
	at org.openqa.selenium.support.ui.ExpectedConditions.findElement(ExpectedConditions.java:730)
	at org.openqa.selenium.support.ui.ExpectedConditions.access$000(ExpectedConditions.java:39)
	at org.openqa.selenium.support.ui.ExpectedConditions$4.apply(ExpectedConditions.java:130)
	at org.openqa.selenium.support.ui.ExpectedConditions$4.apply(ExpectedConditions.java:126)
	at org.openqa.selenium.support.ui.FluentWait.until(FluentWait.java:208)
	... 32 more
Caused by: org.openqa.selenium.remote.ScreenshotException: Screen shot has been taken
Build info: version: &apos;2.44.0&apos;, revision: &apos;76d78cf323ce037c5f92db6c1bba601c2ac43ad8&apos;, time: &apos;2014-10-23 13:11:40&apos;
System info: host: &apos;EPUAKHAW0662&apos;, ip: &apos;192.168.56.1&apos;, os.name: &apos;Windows 8.1&apos;, os.arch: &apos;amd64&apos;, os.version: &apos;6.3&apos;, java.version: &apos;1.8.0_25&apos;
Driver info: driver.version: RemoteWebDriver
	at org.openqa.selenium.remote.ErrorHandler.throwIfResponseFailed(ErrorHandler.java:136)
	... 42 more
Caused by: org.openqa.selenium.NoSuchElementException: Unable to locate element: {&quot;method&quot;:&quot;xpath&quot;,&quot;selector&quot;:&quot;//a[@class=&apos;btn btn-success&apos;][2]&quot;}
For documentation on this error, please visit: http://seleniumhq.org/exceptions/no_such_element.html
Build info: version: &apos;2.44.0&apos;, revision: &apos;76d78cf&apos;, time: &apos;2014-10-23 20:02:37&apos;
System info: host: &apos;EPUAKHAW0662&apos;, ip: &apos;192.168.56.1&apos;, os.name: &apos;Windows 8.1&apos;, os.arch: &apos;amd64&apos;, os.version: &apos;6.3&apos;, java.version: &apos;1.8.0_25&apos;
Driver info: driver.version: unknown
For documentation on this error, please visit: http://seleniumhq.org/exceptions/no_such_element.html
Build info: version: &apos;2.44.0&apos;, revision: &apos;76d78cf323ce037c5f92db6c1bba601c2ac43ad8&apos;, time: &apos;2014-10-23 13:11:40&apos;
System info: host: &apos;EPUAKHAW0662&apos;, ip: &apos;192.168.56.1&apos;, os.name: &apos;Windows 8.1&apos;, os.arch: &apos;amd64&apos;, os.version: &apos;6.3&apos;, java.version: &apos;1.8.0_25&apos;
Driver info: driver.version: unknown
	at &lt;anonymous class&gt;.FirefoxDriver.prototype.findElementInternal_(file:///C:/Users/YEHOR_~1/AppData/Local/Temp/anonymous8143357805961477093webdriver-profile/extensions/fxdriver@googlecode.com/components/driver-component.js:9641:26)
	at &lt;anonymous class&gt;.fxdriver.Timer.prototype.setTimeout/&lt;.notify(file:///C:/Users/YEHOR_~1/AppData/Local/Temp/anonymous8143357805961477093webdriver-profile/extensions/fxdriver@googlecode.com/components/driver-component.js:548:5)
... Removed 31 stack frames</div></td></tr></table><p class="totop"><a href="#summary">back to summary</a></p><h3 id="m2">khppp.tests.GroupJournalTests#correctBackBtnName</h3><table class="result"><tr><th>Exception</th></tr><tr><td><div class="stacktrace">org.openqa.selenium.TimeoutException: Timed out after 30 seconds waiting for visibility of element located by By.xpath:  .//*[@id=&apos;group_journal_submit&apos;]/div[2]/a
Build info: version: &apos;2.44.0&apos;, revision: &apos;76d78cf323ce037c5f92db6c1bba601c2ac43ad8&apos;, time: &apos;2014-10-23 13:11:40&apos;
System info: host: &apos;EPUAKHAW0662&apos;, ip: &apos;192.168.56.1&apos;, os.name: &apos;Windows 8.1&apos;, os.arch: &apos;amd64&apos;, os.version: &apos;6.3&apos;, java.version: &apos;1.8.0_25&apos;
Driver info: org.openqa.selenium.remote.RemoteWebDriver
Capabilities [{applicationCacheEnabled=true, rotatable=false, handlesAlerts=true, databaseEnabled=true, version=34.0.5, platform=WINDOWS, nativeEvents=false, acceptSslCerts=true, webdriver.remote.sessionid=dd32a7a8-bfdb-4842-9d30-47ff41b73d7a, webStorageEnabled=true, locationContextEnabled=true, browserName=firefox, takesScreenshot=true, javascriptEnabled=true, cssSelectorsEnabled=true}]
Session ID: dd32a7a8-bfdb-4842-9d30-47ff41b73d7a
	at org.openqa.selenium.support.ui.WebDriverWait.timeoutException(WebDriverWait.java:79)
	at org.openqa.selenium.support.ui.FluentWait.until(FluentWait.java:228)
	at khppp.application.components.Component.waitFor(Component.java:73)
	at khppp.application.components.Component.waitFor(Component.java:83)
	at khppp.application.components.GroupJournalPage.isBtnBackDisplayed(GroupJournalPage.java:45)
	at khppp.application.steps.GroupJournalSteps.isBackDisplayed(GroupJournalSteps.java:57)
	at khppp.tests.GroupJournalTests.correctBackBtnName(GroupJournalTests.java:103)
Caused by: org.openqa.selenium.NoSuchElementException: Unable to locate element: {&quot;method&quot;:&quot;xpath&quot;,&quot;selector&quot;:&quot; .//*[@id=&apos;group_journal_submit&apos;]/div[2]/a&quot;}
For documentation on this error, please visit: http://seleniumhq.org/exceptions/no_such_element.html
Build info: version: &apos;2.44.0&apos;, revision: &apos;76d78cf&apos;, time: &apos;2014-10-23 20:02:37&apos;
System info: host: &apos;EPUAKHAW0662&apos;, ip: &apos;192.168.56.1&apos;, os.name: &apos;Windows 8.1&apos;, os.arch: &apos;amd64&apos;, os.version: &apos;6.3&apos;, java.version: &apos;1.8.0_25&apos;
Driver info: driver.version: unknown
Command duration or timeout: 10.38 seconds
For documentation on this error, please visit: http://seleniumhq.org/exceptions/no_such_element.html
Build info: version: &apos;2.44.0&apos;, revision: &apos;76d78cf323ce037c5f92db6c1bba601c2ac43ad8&apos;, time: &apos;2014-10-23 13:11:40&apos;
System info: host: &apos;EPUAKHAW0662&apos;, ip: &apos;192.168.56.1&apos;, os.name: &apos;Windows 8.1&apos;, os.arch: &apos;amd64&apos;, os.version: &apos;6.3&apos;, java.version: &apos;1.8.0_25&apos;
Driver info: org.openqa.selenium.remote.RemoteWebDriver
Capabilities [{applicationCacheEnabled=true, rotatable=false, handlesAlerts=true, databaseEnabled=true, version=34.0.5, platform=WINDOWS, nativeEvents=false, acceptSslCerts=true, webdriver.remote.sessionid=dd32a7a8-bfdb-4842-9d30-47ff41b73d7a, webStorageEnabled=true, locationContextEnabled=true, browserName=firefox, takesScreenshot=true, javascriptEnabled=true, cssSelectorsEnabled=true}]
Session ID: dd32a7a8-bfdb-4842-9d30-47ff41b73d7a
	at org.openqa.selenium.remote.ErrorHandler.createThrowable(ErrorHandler.java:204)
	at org.openqa.selenium.remote.ErrorHandler.throwIfResponseFailed(ErrorHandler.java:156)
	at org.openqa.selenium.remote.RemoteWebDriver.execute(RemoteWebDriver.java:599)
	at org.openqa.selenium.remote.RemoteWebDriver.findElement(RemoteWebDriver.java:352)
	at org.openqa.selenium.remote.RemoteWebDriver.findElementByXPath(RemoteWebDriver.java:449)
	at org.openqa.selenium.By$ByXPath.findElement(By.java:357)
	at org.openqa.selenium.remote.RemoteWebDriver.findElement(RemoteWebDriver.java:344)
	at org.openqa.selenium.support.ui.ExpectedConditions.findElement(ExpectedConditions.java:730)
	at org.openqa.selenium.support.ui.ExpectedConditions.access$000(ExpectedConditions.java:39)
	at org.openqa.selenium.support.ui.ExpectedConditions$4.apply(ExpectedConditions.java:130)
	at org.openqa.selenium.support.ui.ExpectedConditions$4.apply(ExpectedConditions.java:126)
	at org.openqa.selenium.support.ui.FluentWait.until(FluentWait.java:208)
	... 32 more
Caused by: org.openqa.selenium.remote.ScreenshotException: Screen shot has been taken
Build info: version: &apos;2.44.0&apos;, revision: &apos;76d78cf323ce037c5f92db6c1bba601c2ac43ad8&apos;, time: &apos;2014-10-23 13:11:40&apos;
System info: host: &apos;EPUAKHAW0662&apos;, ip: &apos;192.168.56.1&apos;, os.name: &apos;Windows 8.1&apos;, os.arch: &apos;amd64&apos;, os.version: &apos;6.3&apos;, java.version: &apos;1.8.0_25&apos;
Driver info: driver.version: RemoteWebDriver
	at org.openqa.selenium.remote.ErrorHandler.throwIfResponseFailed(ErrorHandler.java:136)
	... 42 more
Caused by: org.openqa.selenium.NoSuchElementException: Unable to locate element: {&quot;method&quot;:&quot;xpath&quot;,&quot;selector&quot;:&quot; .//*[@id=&apos;group_journal_submit&apos;]/div[2]/a&quot;}
For documentation on this error, please visit: http://seleniumhq.org/exceptions/no_such_element.html
Build info: version: &apos;2.44.0&apos;, revision: &apos;76d78cf&apos;, time: &apos;2014-10-23 20:02:37&apos;
System info: host: &apos;EPUAKHAW0662&apos;, ip: &apos;192.168.56.1&apos;, os.name: &apos;Windows 8.1&apos;, os.arch: &apos;amd64&apos;, os.version: &apos;6.3&apos;, java.version: &apos;1.8.0_25&apos;
Driver info: driver.version: unknown
For documentation on this error, please visit: http://seleniumhq.org/exceptions/no_such_element.html
Build info: version: &apos;2.44.0&apos;, revision: &apos;76d78cf323ce037c5f92db6c1bba601c2ac43ad8&apos;, time: &apos;2014-10-23 13:11:40&apos;
System info: host: &apos;EPUAKHAW0662&apos;, ip: &apos;192.168.56.1&apos;, os.name: &apos;Windows 8.1&apos;, os.arch: &apos;amd64&apos;, os.version: &apos;6.3&apos;, java.version: &apos;1.8.0_25&apos;
Driver info: driver.version: unknown
	at &lt;anonymous class&gt;.FirefoxDriver.prototype.findElementInternal_(file:///C:/Users/YEHOR_~1/AppData/Local/Temp/anonymous8143357805961477093webdriver-profile/extensions/fxdriver@googlecode.com/components/driver-component.js:9641:26)
	at &lt;anonymous class&gt;.fxdriver.Timer.prototype.setTimeout/&lt;.notify(file:///C:/Users/YEHOR_~1/AppData/Local/Temp/anonymous8143357805961477093webdriver-profile/extensions/fxdriver@googlecode.com/components/driver-component.js:548:5)
... Removed 30 stack frames</div></td></tr></table><p class="totop"><a href="#summary">back to summary</a></p><h3 id="m3">khppp.tests.GroupJournalTests#validWithoutSubgroupTitle</h3><table class="result"><tr><th>Exception</th></tr><tr><td><div class="stacktrace">java.lang.AssertionError: 
Expected: is &lt;true&gt;
     but: was &lt;false&gt;
	at org.hamcrest.MatcherAssert.assertThat(MatcherAssert.java:20)
	at org.hamcrest.MatcherAssert.assertThat(MatcherAssert.java:8)
	at khppp.tests.GroupJournalTests.validWithoutSubgroupTitle(GroupJournalTests.java:117)
... Removed 27 stack frames</div></td></tr></table><p class="totop"><a href="#summary">back to summary</a></p><h3 id="m4">khppp.tests.GroupsTest#addEmptyGroup</h3><table class="result"><tr><th>Exception</th></tr><tr><td><div class="stacktrace">java.lang.RuntimeException: java.lang.NullPointerException
Caused by: java.lang.NullPointerException
	at khppp.excel.utils.ExcelReader.getCellData(ExcelReader.java:69)
	at khppp.excel.utils.ExcelReader.getRowContains(ExcelReader.java:84)
	at khppp.core.CoreTest.testData(CoreTest.java:57)
	at khppp.tests.BaseCase.testData(BaseCase.java:54)
	... 23 more
... Removed 30 stack frames</div></td></tr></table><p class="totop"><a href="#summary">back to summary</a></p><h3 id="m5">khppp.tests.GroupsTest#addGroupBtnName</h3><table class="result"><tr><th>Exception</th></tr><tr><td><div class="stacktrace">org.openqa.selenium.TimeoutException: Timed out after 30 seconds waiting for visibility of element located by By.xpath: //a[contains(.,&apos;Groups&apos;)]
Build info: version: &apos;2.44.0&apos;, revision: &apos;76d78cf323ce037c5f92db6c1bba601c2ac43ad8&apos;, time: &apos;2014-10-23 13:11:40&apos;
System info: host: &apos;EPUAKHAW0662&apos;, ip: &apos;192.168.56.1&apos;, os.name: &apos;Windows 8.1&apos;, os.arch: &apos;amd64&apos;, os.version: &apos;6.3&apos;, java.version: &apos;1.8.0_25&apos;
Driver info: org.openqa.selenium.remote.RemoteWebDriver
Capabilities [{applicationCacheEnabled=true, rotatable=false, handlesAlerts=true, databaseEnabled=true, version=34.0.5, platform=WINDOWS, nativeEvents=false, acceptSslCerts=true, webdriver.remote.sessionid=35c93c1e-0cbc-4aa6-8453-e639dbabc83e, webStorageEnabled=true, locationContextEnabled=true, browserName=firefox, takesScreenshot=true, javascriptEnabled=true, cssSelectorsEnabled=true}]
Session ID: 35c93c1e-0cbc-4aa6-8453-e639dbabc83e
	at org.openqa.selenium.support.ui.WebDriverWait.timeoutException(WebDriverWait.java:79)
	at org.openqa.selenium.support.ui.FluentWait.until(FluentWait.java:228)
	at khppp.application.components.Component.waitFor(Component.java:73)
	at khppp.application.components.Component.waitFor(Component.java:83)
	at khppp.application.components.NavBar.getTab(NavBar.java:23)
	at khppp.application.steps.NavBarSteps.navigateToGroups(NavBarSteps.java:29)
	at khppp.tests.BaseCase.goToGroupsTab(BaseCase.java:67)
	at khppp.tests.GroupsTest.addGroupBtnName(GroupsTest.java:59)
Caused by: org.openqa.selenium.NoSuchElementException: Unable to locate element: {&quot;method&quot;:&quot;xpath&quot;,&quot;selector&quot;:&quot;//a[contains(.,&apos;Groups&apos;)]&quot;}
For documentation on this error, please visit: http://seleniumhq.org/exceptions/no_such_element.html
Build info: version: &apos;2.44.0&apos;, revision: &apos;76d78cf&apos;, time: &apos;2014-10-23 20:02:37&apos;
System info: host: &apos;EPUAKHAW0662&apos;, ip: &apos;192.168.56.1&apos;, os.name: &apos;Windows 8.1&apos;, os.arch: &apos;amd64&apos;, os.version: &apos;6.3&apos;, java.version: &apos;1.8.0_25&apos;
Driver info: driver.version: unknown
Command duration or timeout: 10.50 seconds
For documentation on this error, please visit: http://seleniumhq.org/exceptions/no_such_element.html
Build info: version: &apos;2.44.0&apos;, revision: &apos;76d78cf323ce037c5f92db6c1bba601c2ac43ad8&apos;, time: &apos;2014-10-23 13:11:40&apos;
System info: host: &apos;EPUAKHAW0662&apos;, ip: &apos;192.168.56.1&apos;, os.name: &apos;Windows 8.1&apos;, os.arch: &apos;amd64&apos;, os.version: &apos;6.3&apos;, java.version: &apos;1.8.0_25&apos;
Driver info: org.openqa.selenium.remote.RemoteWebDriver
Capabilities [{applicationCacheEnabled=true, rotatable=false, handlesAlerts=true, databaseEnabled=true, version=34.0.5, platform=WINDOWS, nativeEvents=false, acceptSslCerts=true, webdriver.remote.sessionid=35c93c1e-0cbc-4aa6-8453-e639dbabc83e, webStorageEnabled=true, locationContextEnabled=true, browserName=firefox, takesScreenshot=true, javascriptEnabled=true, cssSelectorsEnabled=true}]
Session ID: 35c93c1e-0cbc-4aa6-8453-e639dbabc83e
	at org.openqa.selenium.remote.ErrorHandler.createThrowable(ErrorHandler.java:204)
	at org.openqa.selenium.remote.ErrorHandler.throwIfResponseFailed(ErrorHandler.java:156)
	at org.openqa.selenium.remote.RemoteWebDriver.execute(RemoteWebDriver.java:599)
	at org.openqa.selenium.remote.RemoteWebDriver.findElement(RemoteWebDriver.java:352)
	at org.openqa.selenium.remote.RemoteWebDriver.findElementByXPath(RemoteWebDriver.java:449)
	at org.openqa.selenium.By$ByXPath.findElement(By.java:357)
	at org.openqa.selenium.remote.RemoteWebDriver.findElement(RemoteWebDriver.java:344)
	at org.openqa.selenium.support.ui.ExpectedConditions.findElement(ExpectedConditions.java:730)
	at org.openqa.selenium.support.ui.ExpectedConditions.access$000(ExpectedConditions.java:39)
	at org.openqa.selenium.support.ui.ExpectedConditions$4.apply(ExpectedConditions.java:130)
	at org.openqa.selenium.support.ui.ExpectedConditions$4.apply(ExpectedConditions.java:126)
	at org.openqa.selenium.support.ui.FluentWait.until(FluentWait.java:208)
	... 33 more
Caused by: org.openqa.selenium.remote.ScreenshotException: Screen shot has been taken
Build info: version: &apos;2.44.0&apos;, revision: &apos;76d78cf323ce037c5f92db6c1bba601c2ac43ad8&apos;, time: &apos;2014-10-23 13:11:40&apos;
System info: host: &apos;EPUAKHAW0662&apos;, ip: &apos;192.168.56.1&apos;, os.name: &apos;Windows 8.1&apos;, os.arch: &apos;amd64&apos;, os.version: &apos;6.3&apos;, java.version: &apos;1.8.0_25&apos;
Driver info: driver.version: RemoteWebDriver
	at org.openqa.selenium.remote.ErrorHandler.throwIfResponseFailed(ErrorHandler.java:136)
	... 43 more
Caused by: org.openqa.selenium.NoSuchElementException: Unable to locate element: {&quot;method&quot;:&quot;xpath&quot;,&quot;selector&quot;:&quot;//a[contains(.,&apos;Groups&apos;)]&quot;}
For documentation on this error, please visit: http://seleniumhq.org/exceptions/no_such_element.html
Build info: version: &apos;2.44.0&apos;, revision: &apos;76d78cf&apos;, time: &apos;2014-10-23 20:02:37&apos;
System info: host: &apos;EPUAKHAW0662&apos;, ip: &apos;192.168.56.1&apos;, os.name: &apos;Windows 8.1&apos;, os.arch: &apos;amd64&apos;, os.version: &apos;6.3&apos;, java.version: &apos;1.8.0_25&apos;
Driver info: driver.version: unknown
For documentation on this error, please visit: http://seleniumhq.org/exceptions/no_such_element.html
Build info: version: &apos;2.44.0&apos;, revision: &apos;76d78cf323ce037c5f92db6c1bba601c2ac43ad8&apos;, time: &apos;2014-10-23 13:11:40&apos;
System info: host: &apos;EPUAKHAW0662&apos;, ip: &apos;192.168.56.1&apos;, os.name: &apos;Windows 8.1&apos;, os.arch: &apos;amd64&apos;, os.version: &apos;6.3&apos;, java.version: &apos;1.8.0_25&apos;
Driver info: driver.version: unknown
	at &lt;anonymous class&gt;.FirefoxDriver.prototype.findElementInternal_(file:///C:/Users/YEHOR_~1/AppData/Local/Temp/anonymous9033647809687997824webdriver-profile/extensions/fxdriver@googlecode.com/components/driver-component.js:9641:26)
	at &lt;anonymous class&gt;.fxdriver.Timer.prototype.setTimeout/&lt;.notify(file:///C:/Users/YEHOR_~1/AppData/Local/Temp/anonymous9033647809687997824webdriver-profile/extensions/fxdriver@googlecode.com/components/driver-component.js:548:5)
... Removed 31 stack frames</div></td></tr></table><p class="totop"><a href="#summary">back to summary</a></p><h3 id="m6">khppp.tests.GroupsTest#addGroupWithoutDep</h3><table class="result"><tr><th>Exception</th></tr><tr><td><div class="stacktrace">java.lang.RuntimeException: java.lang.NullPointerException
Caused by: java.lang.NullPointerException
	at khppp.excel.utils.ExcelReader.getCellData(ExcelReader.java:69)
	at khppp.excel.utils.ExcelReader.getRowContains(ExcelReader.java:84)
	at khppp.core.CoreTest.testData(CoreTest.java:57)
	at khppp.tests.BaseCase.testData(BaseCase.java:54)
	... 23 more
... Removed 30 stack frames</div></td></tr></table><p class="totop"><a href="#summary">back to summary</a></p><h3 id="m7">khppp.tests.GroupsTest#addGroupWithoutName</h3><table class="result"><tr><th>Exception</th></tr><tr><td><div class="stacktrace">java.lang.RuntimeException: java.lang.NullPointerException
Caused by: java.lang.NullPointerException
	at khppp.excel.utils.ExcelReader.getCellData(ExcelReader.java:69)
	at khppp.excel.utils.ExcelReader.getRowContains(ExcelReader.java:84)
	at khppp.core.CoreTest.testData(CoreTest.java:57)
	at khppp.tests.BaseCase.testData(BaseCase.java:54)
	... 23 more
... Removed 30 stack frames</div></td></tr></table><p class="totop"><a href="#summary">back to summary</a></p><h3 id="m8">khppp.tests.GroupsTest#groupNameFieldFromSpecialSymbol</h3><table class="result"><tr><th>Exception</th></tr><tr><td><div class="stacktrace">java.lang.RuntimeException: java.lang.NullPointerException
Caused by: java.lang.NullPointerException
	at khppp.excel.utils.ExcelReader.getCellData(ExcelReader.java:69)
	at khppp.excel.utils.ExcelReader.getRowContains(ExcelReader.java:84)
	at khppp.core.CoreTest.testData(CoreTest.java:57)
	at khppp.tests.BaseCase.testData(BaseCase.java:54)
	... 23 more
... Removed 30 stack frames</div></td></tr></table><p class="totop"><a href="#summary">back to summary</a></p><h3 id="m9">khppp.tests.GroupsTest#groupNameFieldOneSymbol</h3><table class="result"><tr><th>Exception</th></tr><tr><td><div class="stacktrace">java.lang.RuntimeException: java.lang.NullPointerException
Caused by: java.lang.NullPointerException
	at khppp.excel.utils.ExcelReader.getCellData(ExcelReader.java:69)
	at khppp.excel.utils.ExcelReader.getRowContains(ExcelReader.java:84)
	at khppp.core.CoreTest.testData(CoreTest.java:57)
	at khppp.tests.BaseCase.testData(BaseCase.java:54)
	... 23 more
... Removed 30 stack frames</div></td></tr></table><p class="totop"><a href="#summary">back to summary</a></p><h3 id="m10">khppp.tests.GroupsTest#preConditions</h3><table class="result"><tr><th>Exception</th></tr><tr><td><div class="stacktrace">java.lang.RuntimeException: java.lang.NullPointerException
Caused by: java.lang.NullPointerException
	at khppp.excel.utils.ExcelReader.getCellData(ExcelReader.java:69)
	at khppp.excel.utils.ExcelReader.getRowContains(ExcelReader.java:84)
	at khppp.core.CoreTest.testData(CoreTest.java:57)
	at khppp.tests.BaseCase.testData(BaseCase.java:54)
	... 23 more
... Removed 30 stack frames</div></td></tr></table><p class="totop"><a href="#summary">back to summary</a></p><h3 id="m11">khppp.tests.StatusTest#changeStatusByMentee</h3><table class="result"><tr><th>Exception</th></tr><tr><td><div class="stacktrace">org.openqa.selenium.TimeoutException: Timed out after 30 seconds waiting for visibility of element located by By.xpath: .//*[@id=&apos;0&apos;]/td[1]
Build info: version: &apos;2.44.0&apos;, revision: &apos;76d78cf323ce037c5f92db6c1bba601c2ac43ad8&apos;, time: &apos;2014-10-23 13:11:40&apos;
System info: host: &apos;EPUAKHAW0662&apos;, ip: &apos;192.168.56.1&apos;, os.name: &apos;Windows 8.1&apos;, os.arch: &apos;amd64&apos;, os.version: &apos;6.3&apos;, java.version: &apos;1.8.0_25&apos;
Driver info: org.openqa.selenium.remote.RemoteWebDriver
Capabilities [{applicationCacheEnabled=true, rotatable=false, handlesAlerts=true, databaseEnabled=true, version=34.0.5, platform=WINDOWS, nativeEvents=false, acceptSslCerts=true, webdriver.remote.sessionid=bf3fe967-a367-4ba0-8363-c25053aef59d, webStorageEnabled=true, locationContextEnabled=true, browserName=firefox, takesScreenshot=true, javascriptEnabled=true, cssSelectorsEnabled=true}]
Session ID: bf3fe967-a367-4ba0-8363-c25053aef59d
	at org.openqa.selenium.support.ui.WebDriverWait.timeoutException(WebDriverWait.java:79)
	at org.openqa.selenium.support.ui.FluentWait.until(FluentWait.java:228)
	at khppp.application.components.Component.waitFor(Component.java:73)
	at khppp.application.components.Component.waitFor(Component.java:83)
	at khppp.application.components.PersonalJournalPage.clickTaskName(PersonalJournalPage.java:19)
	at khppp.application.steps.StatusSteps.clickTaskNameStep(StatusSteps.java:21)
	at khppp.tests.StatusTest.changeStatusByMentee(StatusTest.java:64)
Caused by: org.openqa.selenium.NoSuchElementException: Unable to locate element: {&quot;method&quot;:&quot;xpath&quot;,&quot;selector&quot;:&quot;.//*[@id=&apos;0&apos;]/td[1]&quot;}
For documentation on this error, please visit: http://seleniumhq.org/exceptions/no_such_element.html
Build info: version: &apos;2.44.0&apos;, revision: &apos;76d78cf&apos;, time: &apos;2014-10-23 20:02:37&apos;
System info: host: &apos;EPUAKHAW0662&apos;, ip: &apos;192.168.56.1&apos;, os.name: &apos;Windows 8.1&apos;, os.arch: &apos;amd64&apos;, os.version: &apos;6.3&apos;, java.version: &apos;1.8.0_25&apos;
Driver info: driver.version: unknown
Command duration or timeout: 10.50 seconds
For documentation on this error, please visit: http://seleniumhq.org/exceptions/no_such_element.html
Build info: version: &apos;2.44.0&apos;, revision: &apos;76d78cf323ce037c5f92db6c1bba601c2ac43ad8&apos;, time: &apos;2014-10-23 13:11:40&apos;
System info: host: &apos;EPUAKHAW0662&apos;, ip: &apos;192.168.56.1&apos;, os.name: &apos;Windows 8.1&apos;, os.arch: &apos;amd64&apos;, os.version: &apos;6.3&apos;, java.version: &apos;1.8.0_25&apos;
Driver info: org.openqa.selenium.remote.RemoteWebDriver
Capabilities [{applicationCacheEnabled=true, rotatable=false, handlesAlerts=true, databaseEnabled=true, version=34.0.5, platform=WINDOWS, nativeEvents=false, acceptSslCerts=true, webdriver.remote.sessionid=bf3fe967-a367-4ba0-8363-c25053aef59d, webStorageEnabled=true, locationContextEnabled=true, browserName=firefox, takesScreenshot=true, javascriptEnabled=true, cssSelectorsEnabled=true}]
Session ID: bf3fe967-a367-4ba0-8363-c25053aef59d
	at org.openqa.selenium.remote.ErrorHandler.createThrowable(ErrorHandler.java:204)
	at org.openqa.selenium.remote.ErrorHandler.throwIfResponseFailed(ErrorHandler.java:156)
	at org.openqa.selenium.remote.RemoteWebDriver.execute(RemoteWebDriver.java:599)
	at org.openqa.selenium.remote.RemoteWebDriver.findElement(RemoteWebDriver.java:352)
	at org.openqa.selenium.remote.RemoteWebDriver.findElementByXPath(RemoteWebDriver.java:449)
	at org.openqa.selenium.By$ByXPath.findElement(By.java:357)
	at org.openqa.selenium.remote.RemoteWebDriver.findElement(RemoteWebDriver.java:344)
	at org.openqa.selenium.support.ui.ExpectedConditions.findElement(ExpectedConditions.java:730)
	at org.openqa.selenium.support.ui.ExpectedConditions.access$000(ExpectedConditions.java:39)
	at org.openqa.selenium.support.ui.ExpectedConditions$4.apply(ExpectedConditions.java:130)
	at org.openqa.selenium.support.ui.ExpectedConditions$4.apply(ExpectedConditions.java:126)
	at org.openqa.selenium.support.ui.FluentWait.until(FluentWait.java:208)
	... 32 more
Caused by: org.openqa.selenium.remote.ScreenshotException: Screen shot has been taken
Build info: version: &apos;2.44.0&apos;, revision: &apos;76d78cf323ce037c5f92db6c1bba601c2ac43ad8&apos;, time: &apos;2014-10-23 13:11:40&apos;
System info: host: &apos;EPUAKHAW0662&apos;, ip: &apos;192.168.56.1&apos;, os.name: &apos;Windows 8.1&apos;, os.arch: &apos;amd64&apos;, os.version: &apos;6.3&apos;, java.version: &apos;1.8.0_25&apos;
Driver info: driver.version: RemoteWebDriver
	at org.openqa.selenium.remote.ErrorHandler.throwIfResponseFailed(ErrorHandler.java:136)
	... 42 more
Caused by: org.openqa.selenium.NoSuchElementException: Unable to locate element: {&quot;method&quot;:&quot;xpath&quot;,&quot;selector&quot;:&quot;.//*[@id=&apos;0&apos;]/td[1]&quot;}
For documentation on this error, please visit: http://seleniumhq.org/exceptions/no_such_element.html
Build info: version: &apos;2.44.0&apos;, revision: &apos;76d78cf&apos;, time: &apos;2014-10-23 20:02:37&apos;
System info: host: &apos;EPUAKHAW0662&apos;, ip: &apos;192.168.56.1&apos;, os.name: &apos;Windows 8.1&apos;, os.arch: &apos;amd64&apos;, os.version: &apos;6.3&apos;, java.version: &apos;1.8.0_25&apos;
Driver info: driver.version: unknown
For documentation on this error, please visit: http://seleniumhq.org/exceptions/no_such_element.html
Build info: version: &apos;2.44.0&apos;, revision: &apos;76d78cf323ce037c5f92db6c1bba601c2ac43ad8&apos;, time: &apos;2014-10-23 13:11:40&apos;
System info: host: &apos;EPUAKHAW0662&apos;, ip: &apos;192.168.56.1&apos;, os.name: &apos;Windows 8.1&apos;, os.arch: &apos;amd64&apos;, os.version: &apos;6.3&apos;, java.version: &apos;1.8.0_25&apos;
Driver info: driver.version: unknown
	at &lt;anonymous class&gt;.FirefoxDriver.prototype.findElementInternal_(file:///C:/Users/YEHOR_~1/AppData/Local/Temp/anonymous1182964102041632494webdriver-profile/extensions/fxdriver@googlecode.com/components/driver-component.js:9641:26)
	at &lt;anonymous class&gt;.fxdriver.Timer.prototype.setTimeout/&lt;.notify(file:///C:/Users/YEHOR_~1/AppData/Local/Temp/anonymous1182964102041632494webdriver-profile/extensions/fxdriver@googlecode.com/components/driver-component.js:548:5)
... Removed 31 stack frames</div></td></tr></table><p class="totop"><a href="#summary">back to summary</a></p><h3 id="m12">khppp.tests.StatusTest#changeStatusByMentor</h3><table class="result"><tr><th>Exception</th></tr><tr><td><div class="stacktrace">java.lang.RuntimeException: java.lang.NullPointerException
Caused by: java.lang.NullPointerException
	at khppp.excel.utils.ExcelReader.getCellData(ExcelReader.java:69)
	at khppp.excel.utils.ExcelReader.getRowData(ExcelReader.java:57)
	at khppp.excel.utils.ExcelReader.getTableArray(ExcelReader.java:45)
	at khppp.core.CoreTest.testData(CoreTest.java:58)
	at khppp.tests.BaseCase.testData(BaseCase.java:54)
	... 23 more
... Removed 29 stack frames</div></td></tr></table><p class="totop"><a href="#summary">back to summary</a></p><h3 id="m13">khppp.tests.SubgroupTest#addNewEmptySubgroup</h3><table class="result"><tr><th>Exception</th></tr><tr><td><div class="stacktrace">java.lang.RuntimeException: java.lang.NullPointerException
Caused by: java.lang.NullPointerException
	at khppp.excel.utils.ExcelReader.getCellData(ExcelReader.java:69)
	at khppp.excel.utils.ExcelReader.getRowData(ExcelReader.java:57)
	at khppp.excel.utils.ExcelReader.getTableArray(ExcelReader.java:45)
	at khppp.core.CoreTest.testData(CoreTest.java:58)
	at khppp.tests.BaseCase.testData(BaseCase.java:54)
	... 23 more
... Removed 30 stack frames</div></td></tr></table><p class="totop"><a href="#summary">back to summary</a></p><h3 id="m14">khppp.tests.SubgroupTest#addNewSubgroup</h3><table class="result"><tr><th>Exception</th></tr><tr><td><div class="stacktrace">java.lang.RuntimeException: java.lang.NullPointerException
Caused by: java.lang.NullPointerException
	at khppp.excel.utils.ExcelReader.getCellData(ExcelReader.java:69)
	at khppp.excel.utils.ExcelReader.getRowData(ExcelReader.java:57)
	at khppp.excel.utils.ExcelReader.getTableArray(ExcelReader.java:45)
	at khppp.core.CoreTest.testData(CoreTest.java:58)
	at khppp.tests.BaseCase.testData(BaseCase.java:54)
	... 23 more
... Removed 29 stack frames</div></td></tr></table><p class="totop"><a href="#summary">back to summary</a></p><h3 id="m15">khppp.tests.GroupsTest#createGroupWithMentee</h3><table class="result"></table><p class="totop"><a href="#summary">back to summary</a></p><h3 id="m16">khppp.tests.GroupsTest#creationOfMentee</h3><table class="result"></table><p class="totop"><a href="#summary">back to summary</a></p><h3 id="m17">khppp.tests.GroupsTest#displayGroupWithMentee</h3><table class="result"></table><p class="totop"><a href="#summary">back to summary</a></p><h3 id="m18">khppp.tests.GroupsTest#menteeInAvailableMenteesField</h3><table class="result"></table><p class="totop"><a href="#summary">back to summary</a></p><h3 id="m19">khppp.tests.GroupsTest#removeMenteeFromGroup</h3><table class="result"></table><p class="totop"><a href="#summary">back to summary</a></p><h3 id="m20">khppp.tests.GroupJournalTests#availableMentees</h3><table class="result"></table><p class="totop"><a href="#summary">back to summary</a></p><h3 id="m21">khppp.tests.GroupJournalTests#correctExportBtnName</h3><table class="result"></table><p class="totop"><a href="#summary">back to summary</a></p><h3 id="m22">khppp.tests.GroupJournalTests#correctGroupName</h3><table class="result"></table><p class="totop"><a href="#summary">back to summary</a></p><h3 id="m23">khppp.tests.GroupJournalTests#correctPageName</h3><table class="result"></table><p class="totop"><a href="#summary">back to summary</a></p><h3 id="m24">khppp.tests.GroupJournalTests#createGroupWithMentee</h3><table class="result"><tr class="param"><th>Parameter #1</th></tr><tr class="param stripe"><td>[Anton Antonov,   ,   ,   ,   , My_New_Group, QA]</td></tr></table><p class="totop"><a href="#summary">back to summary</a></p><h3 id="m25">khppp.tests.GroupJournalTests#creationOfMentee</h3><table class="result"><tr class="param"><th>Parameter #1</th></tr><tr class="param stripe"><td>[LabManager_LabManager, LabManager111, Anton, Antonov, MENTEE, , ]</td></tr></table><p class="totop"><a href="#summary">back to summary</a></p><h3 id="m26">khppp.tests.GroupJournalTests#preConditions</h3><table class="result"><tr class="param"><th>Parameter #1</th></tr><tr class="param stripe"><td>[LabManager_LabManager, LabManager111, , , , , ]</td></tr></table><p class="totop"><a href="#summary">back to summary</a></p><h3 id="m27">khppp.tests.GroupJournalTests#validGroupJournalTableHead</h3><table class="result"></table><p class="totop"><a href="#summary">back to summary</a></p><h3 id="m28">khppp.tests.GroupJournalTests#workOfBackButton</h3><table class="result"></table><p class="totop"><a href="#summary">back to summary</a></p><h3 id="m29">khppp.tests.GroupsTest#exportBtnName</h3><table class="result"></table><p class="totop"><a href="#summary">back to summary</a></p><h3 id="m30">khppp.tests.GroupsTest#validAddGroupTabName</h3><table class="result"></table><p class="totop"><a href="#summary">back to summary</a></p><h3 id="m31">khppp.tests.GroupsTest#validGroupsTableHead</h3><table class="result"></table><p class="totop"><a href="#summary">back to summary</a></p><h3 id="m32">khppp.tests.GroupsTest#validTabName</h3><table class="result"></table><p class="totop"><a href="#summary">back to summary</a></p><h3 id="m33">khppp.tests.GroupsTest#verifyButtonsDisplayed</h3><table class="result"></table><p class="totop"><a href="#summary">back to summary</a></p><h3 id="m34">khppp.tests.GroupsTest#verifyGroupNameField</h3><table class="result"></table><p class="totop"><a href="#summary">back to summary</a></p><h3 id="m35">khppp.tests.GroupsTest#verifyLabels</h3><table class="result"></table><p class="totop"><a href="#summary">back to summary</a></p><h3 id="m36">khppp.tests.LoginTest#userEmptyLogin</h3><table class="result"><tr class="param"><th>Parameter #1</th></tr><tr class="param stripe"><td>[Ivan, Ivanov, Incorrect login or password]</td></tr></table><p class="totop"><a href="#summary">back to summary</a></p><h3 id="m37">khppp.tests.LoginTest#userEmptyPassword</h3><table class="result"><tr class="param"><th>Parameter #1</th></tr><tr class="param stripe"><td>[Ivan, Ivanov, Incorrect login or password]</td></tr></table><p class="totop"><a href="#summary">back to summary</a></p><h3 id="m38">khppp.tests.LoginTest#userIncorrectLogin</h3><table class="result"><tr class="param"><th>Parameter #1</th></tr><tr class="param stripe"><td>[Admin_Admin, 111.0, Incorrect login or password]</td></tr></table><p class="totop"><a href="#summary">back to summary</a></p><h3 id="m39">khppp.tests.LoginTest#userLogin</h3><table class="result"><tr class="param"><th>Parameter #1</th></tr><tr class="param stripe"><td>[LabManager_LabManager, LabManager111, LabManager LabManager (lab manager)]</td></tr></table><p class="totop"><a href="#summary">back to summary</a></p><h3 id="m40">khppp.tests.LoginTest#userLogin</h3><table class="result"><tr class="param"><th>Parameter #1</th></tr><tr class="param stripe"><td>[Admin_Admin, Admin111, Admin Admin (admin)]</td></tr></table><p class="totop"><a href="#summary">back to summary</a></p><h3 id="m41">khppp.tests.LoginTest#userLogin</h3><table class="result"><tr class="param"><th>Parameter #1</th></tr><tr class="param stripe"><td>[Mentor_Mentor, Mentor111, Mentor Mentor (mentor)]</td></tr></table><p class="totop"><a href="#summary">back to summary</a></p><h3 id="m42">khppp.tests.StatusTest#preConditionsMentee</h3><table class="result"><tr class="param"><th>Parameter #1</th></tr><tr class="param stripe"><td>[Mentee_Mentee, Mentee111]</td></tr></table><p class="totop"><a href="#summary">back to summary</a></p><h3 id="m43">khppp.tests.StatusTest#preConditionsMentor</h3><table class="result"><tr class="param"><th>Parameter #1</th></tr><tr class="param stripe"><td>[Mentor_Mentor, Mentor111]</td></tr></table><p class="totop"><a href="#summary">back to summary</a></p><h3 id="m44">khppp.tests.SubgroupTest#preConditions</h3><table class="result"><tr class="param"><th>Parameter #1</th></tr><tr class="param stripe"><td>[LabManager_LabManager, LabManager111]</td></tr></table><p class="totop"><a href="#summary">back to summary</a></p><h3 id="m45">khppp.tests.UsersTest#addUserCustomEmail</h3><table class="result"><tr class="param"><th>Parameter #1</th></tr><tr class="param stripe"><td>[Admin_Admin, Admin111, Ivan, Ivanov, ivanov@epam.com]</td></tr></table><p class="totop"><a href="#summary">back to summary</a></p><h3 id="m46">khppp.tests.UsersTest#addUserWithoutName</h3><table class="result"><tr class="param"><th>Parameter #1</th></tr><tr class="param stripe"><td>[Admin_Admin, Admin111, Petro, Petrov, You input first name incorrect.]</td></tr></table><p class="totop"><a href="#summary">back to summary</a></p><h3 id="m47">khppp.tests.UsersTest#addUserWithoutSurname</h3><table class="result"><tr class="param"><th>Parameter #1</th></tr><tr class="param stripe"><td>[Admin_Admin, Admin111, Petro, Petrov, You input last name incorrect.]</td></tr></table><p class="totop"><a href="#summary">back to summary</a></p><h3 id="m48">khppp.tests.UsersTest#adminAddNewUser</h3><table class="result"><tr class="param"><th>Parameter #1</th></tr><tr class="param stripe"><td>[Admin_Admin, Admin111, Imentee, Imentee, MENTEE]</td></tr></table><p class="totop"><a href="#summary">back to summary</a></p><h3 id="m49">khppp.tests.UsersTest#adminAddNewUser</h3><table class="result"><tr class="param"><th>Parameter #1</th></tr><tr class="param stripe"><td>[Admin_Admin, Admin111, IAdmin, IAdmin, ADMIN]</td></tr></table><p class="totop"><a href="#summary">back to summary</a></p><h3 id="m50">khppp.tests.UsersTest#adminAddNewUser</h3><table class="result"><tr class="param"><th>Parameter #1</th></tr><tr class="param stripe"><td>[Admin_Admin, Admin111, ILabAuto, LabAuto, LAB_MANAGER]</td></tr></table><p class="totop"><a href="#summary">back to summary</a></p><h3 id="m51">khppp.tests.UsersTest#adminAddNewUser</h3><table class="result"><tr class="param"><th>Parameter #1</th></tr><tr class="param stripe"><td>[Admin_Admin, Admin111, IvanMentor, IvanovMentor, MENTOR]</td></tr></table><p class="totop"><a href="#summary">back to summary</a></p></body></html>