<!DOCTYPE html>

<html>
  <head>
  <title>TestNG reports</title>

    <link type="text/css" href="testng-reports.css" rel="stylesheet" />  
    <script type="text/javascript" src="jquery-1.7.1.min.js"></script>
    <script type="text/javascript" src="testng-reports.js"></script>
    <script type="text/javascript" src="https://www.google.com/jsapi"></script>
    <script type='text/javascript'>
      google.load('visualization', '1', {packages:['table']});
      google.setOnLoadCallback(drawTable);
      var suiteTableInitFunctions = new Array();
      var suiteTableData = new Array();
    </script>
    <!--
      <script type="text/javascript" src="jquery-ui/js/jquery-ui-1.8.16.custom.min.js"></script>
     -->
  </head>

  <body>
    <div class="top-banner-root">
      <span class="top-banner-title-font">Test results</span>
      <br/>
      <span class="top-banner-font-1">1 suite, 15 failed tests</span>
    </div> <!-- top-banner-root -->
    <div class="navigator-root">
      <div class="navigator-suite-header">
        <span>All suites</span>
        <a href="#" class="collapse-all-link" title="Collapse/expand all the suites">
          <img class="collapse-all-icon" src="collapseall.gif">
          </img> <!-- collapse-all-icon -->
        </a> <!-- collapse-all-link -->
      </div> <!-- navigator-suite-header -->
      <div class="suite">
        <div class="rounded-window">
          <div class="suite-header light-rounded-window-top">
            <a href="#" class="navigator-link" panel-name="suite-TestRun">
              <span class="suite-name border-failed">TestRun</span>
            </a> <!-- navigator-link -->
          </div> <!-- suite-header light-rounded-window-top -->
          <div class="navigator-suite-content">
            <div class="suite-section-title">
              <span>Info</span>
            </div> <!-- suite-section-title -->
            <div class="suite-section-content">
              <ul>
                <li>
                  <a href="#" class="navigator-link " panel-name="test-xml-TestRun">
                    <span>D:\khppp-test-framework\khppp\testNG.xml</span>
                  </a> <!-- navigator-link  -->
                </li>
                <li>
                  <a href="#" class="navigator-link " panel-name="testlist-TestRun">
                    <span class="test-stats">1 test</span>
                  </a> <!-- navigator-link  -->
                </li>
                <li>
                  <a href="#" class="navigator-link " panel-name="group-TestRun">
                    <span>0 groups</span>
                  </a> <!-- navigator-link  -->
                </li>
                <li>
                  <a href="#" class="navigator-link " panel-name="times-TestRun">
                    <span>Times</span>
                  </a> <!-- navigator-link  -->
                </li>
                <li>
                  <a href="#" class="navigator-link " panel-name="reporter-TestRun">
                    <span>Reporter output</span>
                  </a> <!-- navigator-link  -->
                </li>
                <li>
                  <a href="#" class="navigator-link " panel-name="ignored-methods-TestRun">
                    <span>Ignored methods</span>
                  </a> <!-- navigator-link  -->
                </li>
                <li>
                  <a href="#" class="navigator-link " panel-name="chronological-TestRun">
                    <span>Chronological view</span>
                  </a> <!-- navigator-link  -->
                </li>
              </ul>
            </div> <!-- suite-section-content -->
            <div class="result-section">
              <div class="suite-section-title">
                <span>Results</span>
              </div> <!-- suite-section-title -->
              <div class="suite-section-content">
                <ul>
                  <li>
                    <span class="method-stats">52 methods, 15 failed,  5 skipped,  32 passed</span>
                  </li>
                  <li>
                    <span class="method-list-title failed">Failed methods</span>
                    <span class="show-or-hide-methods failed">
                      <a href="#" panel-name="suite-TestRun" class="hide-methods failed suite-TestRun"> (hide)</a> <!-- hide-methods failed suite-TestRun -->
                      <a href="#" panel-name="suite-TestRun" class="show-methods failed suite-TestRun"> (show)</a> <!-- show-methods failed suite-TestRun -->
                    </span>
                    <div class="method-list-content failed suite-TestRun">
                      <span>
                        <img width="3%" src="failed.png"/>
                        <a href="#" class="method navigator-link" panel-name="suite-TestRun" title="khppp.tests.GroupsTest" hash-for-method="addEmptyGroup">addEmptyGroup</a> <!-- method navigator-link -->
                      </span>
                      <br/>
                      <span>
                        <img width="3%" src="failed.png"/>
                        <a href="#" class="method navigator-link" panel-name="suite-TestRun" title="khppp.tests.GroupsTest" hash-for-method="addGroupBtnName">addGroupBtnName</a> <!-- method navigator-link -->
                      </span>
                      <br/>
                      <span>
                        <img width="3%" src="failed.png"/>
                        <a href="#" class="method navigator-link" panel-name="suite-TestRun" title="khppp.tests.GroupsTest" hash-for-method="addGroupWithoutDep">addGroupWithoutDep</a> <!-- method navigator-link -->
                      </span>
                      <br/>
                      <span>
                        <img width="3%" src="failed.png"/>
                        <a href="#" class="method navigator-link" panel-name="suite-TestRun" title="khppp.tests.GroupsTest" hash-for-method="addGroupWithoutName">addGroupWithoutName</a> <!-- method navigator-link -->
                      </span>
                      <br/>
                      <span>
                        <img width="3%" src="failed.png"/>
                        <a href="#" class="method navigator-link" panel-name="suite-TestRun" title="khppp.tests.SubgroupTest" hash-for-method="addNewEmptySubgroup">addNewEmptySubgroup</a> <!-- method navigator-link -->
                      </span>
                      <br/>
                      <span>
                        <img width="3%" src="failed.png"/>
                        <a href="#" class="method navigator-link" panel-name="suite-TestRun" title="khppp.tests.SubgroupTest" hash-for-method="addNewSubgroup">addNewSubgroup</a> <!-- method navigator-link -->
                      </span>
                      <br/>
                      <span>
                        <img width="3%" src="failed.png"/>
                        <a href="#" class="method navigator-link" panel-name="suite-TestRun" title="khppp.tests.StatusTest" hash-for-method="changeStatusByMentee">changeStatusByMentee</a> <!-- method navigator-link -->
                      </span>
                      <br/>
                      <span>
                        <img width="3%" src="failed.png"/>
                        <a href="#" class="method navigator-link" panel-name="suite-TestRun" title="khppp.tests.StatusTest" hash-for-method="changeStatusByMentor">changeStatusByMentor</a> <!-- method navigator-link -->
                      </span>
                      <br/>
                      <span>
                        <img width="3%" src="failed.png"/>
                        <a href="#" class="method navigator-link" panel-name="suite-TestRun" title="khppp.tests.GroupJournalTests" hash-for-method="correctAddSubgroupBtnName">correctAddSubgroupBtnName</a> <!-- method navigator-link -->
                      </span>
                      <br/>
                      <span>
                        <img width="3%" src="failed.png"/>
                        <a href="#" class="method navigator-link" panel-name="suite-TestRun" title="khppp.tests.GroupJournalTests" hash-for-method="correctAssignBtnName">correctAssignBtnName</a> <!-- method navigator-link -->
                      </span>
                      <br/>
                      <span>
                        <img width="3%" src="failed.png"/>
                        <a href="#" class="method navigator-link" panel-name="suite-TestRun" title="khppp.tests.GroupJournalTests" hash-for-method="correctBackBtnName">correctBackBtnName</a> <!-- method navigator-link -->
                      </span>
                      <br/>
                      <span>
                        <img width="3%" src="failed.png"/>
                        <a href="#" class="method navigator-link" panel-name="suite-TestRun" title="khppp.tests.GroupsTest" hash-for-method="groupNameFieldFromSpecialSymbol">groupNameFieldFromSpecialSymbol</a> <!-- method navigator-link -->
                      </span>
                      <br/>
                      <span>
                        <img width="3%" src="failed.png"/>
                        <a href="#" class="method navigator-link" panel-name="suite-TestRun" title="khppp.tests.GroupsTest" hash-for-method="groupNameFieldOneSymbol">groupNameFieldOneSymbol</a> <!-- method navigator-link -->
                      </span>
                      <br/>
                      <span>
                        <img width="3%" src="failed.png"/>
                        <a href="#" class="method navigator-link" panel-name="suite-TestRun" title="khppp.tests.GroupsTest" hash-for-method="preConditions">preConditions</a> <!-- method navigator-link -->
                      </span>
                      <br/>
                      <span>
                        <img width="3%" src="failed.png"/>
                        <a href="#" class="method navigator-link" panel-name="suite-TestRun" title="khppp.tests.GroupJournalTests" hash-for-method="validWithoutSubgroupTitle">validWithoutSubgroupTitle</a> <!-- method navigator-link -->
                      </span>
                      <br/>
                    </div> <!-- method-list-content failed suite-TestRun -->
                  </li>
                  <li>
                    <span class="method-list-title skipped">Skipped methods</span>
                    <span class="show-or-hide-methods skipped">
                      <a href="#" panel-name="suite-TestRun" class="hide-methods skipped suite-TestRun"> (hide)</a> <!-- hide-methods skipped suite-TestRun -->
                      <a href="#" panel-name="suite-TestRun" class="show-methods skipped suite-TestRun"> (show)</a> <!-- show-methods skipped suite-TestRun -->
                    </span>
                    <div class="method-list-content skipped suite-TestRun">
                      <span>
                        <img width="3%" src="skipped.png"/>
                        <a href="#" class="method navigator-link" panel-name="suite-TestRun" title="khppp.tests.GroupsTest" hash-for-method="createGroupWithMentee">createGroupWithMentee</a> <!-- method navigator-link -->
                      </span>
                      <br/>
                      <span>
                        <img width="3%" src="skipped.png"/>
                        <a href="#" class="method navigator-link" panel-name="suite-TestRun" title="khppp.tests.GroupsTest" hash-for-method="creationOfMentee">creationOfMentee</a> <!-- method navigator-link -->
                      </span>
                      <br/>
                      <span>
                        <img width="3%" src="skipped.png"/>
                        <a href="#" class="method navigator-link" panel-name="suite-TestRun" title="khppp.tests.GroupsTest" hash-for-method="displayGroupWithMentee">displayGroupWithMentee</a> <!-- method navigator-link -->
                      </span>
                      <br/>
                      <span>
                        <img width="3%" src="skipped.png"/>
                        <a href="#" class="method navigator-link" panel-name="suite-TestRun" title="khppp.tests.GroupsTest" hash-for-method="menteeInAvailableMenteesField">menteeInAvailableMenteesField</a> <!-- method navigator-link -->
                      </span>
                      <br/>
                      <span>
                        <img width="3%" src="skipped.png"/>
                        <a href="#" class="method navigator-link" panel-name="suite-TestRun" title="khppp.tests.GroupsTest" hash-for-method="removeMenteeFromGroup">removeMenteeFromGroup</a> <!-- method navigator-link -->
                      </span>
                      <br/>
                    </div> <!-- method-list-content skipped suite-TestRun -->
                  </li>
                  <li>
                    <span class="method-list-title passed">Passed methods</span>
                    <span class="show-or-hide-methods passed">
                      <a href="#" panel-name="suite-TestRun" class="hide-methods passed suite-TestRun"> (hide)</a> <!-- hide-methods passed suite-TestRun -->
                      <a href="#" panel-name="suite-TestRun" class="show-methods passed suite-TestRun"> (show)</a> <!-- show-methods passed suite-TestRun -->
                    </span>
                    <div class="method-list-content passed suite-TestRun">
                      <span>
                        <img width="3%" src="passed.png"/>
                        <a href="#" class="method navigator-link" panel-name="suite-TestRun" title="khppp.tests.UsersTest" hash-for-method="addUserCustomEmail([Admin_Admin, Admin111, Ivan, Ivanov, ivanov@epam.com])">addUserCustomEmail([Admin_Admin, Admin111, Ivan, Ivanov, ivanov@epam.com])</a> <!-- method navigator-link -->
                      </span>
                      <br/>
                      <span>
                        <img width="3%" src="passed.png"/>
                        <a href="#" class="method navigator-link" panel-name="suite-TestRun" title="khppp.tests.UsersTest" hash-for-method="addUserWithoutName([Admin_Admin, Admin111, Petro, Petrov, You input first name incorrect.])">addUserWithoutName([Admin_Admin, Admin111, Petro, Petrov, You input first name incorrect.])</a> <!-- method navigator-link -->
                      </span>
                      <br/>
                      <span>
                        <img width="3%" src="passed.png"/>
                        <a href="#" class="method navigator-link" panel-name="suite-TestRun" title="khppp.tests.UsersTest" hash-for-method="addUserWithoutSurname([Admin_Admin, Admin111, Petro, Petrov, You input last name incorrect.])">addUserWithoutSurname([Admin_Admin, Admin111, Petro, Petrov, You input last name incorrect.])</a> <!-- method navigator-link -->
                      </span>
                      <br/>
                      <span>
                        <img width="3%" src="passed.png"/>
                        <a href="#" class="method navigator-link" panel-name="suite-TestRun" title="khppp.tests.UsersTest" hash-for-method="adminAddNewUser([Admin_Admin, Admin111, Imentee, Imentee, MENTEE])">adminAddNewUser([Admin_Admin, Admin111, Imentee, Imentee, MENTEE])</a> <!-- method navigator-link -->
                      </span>
                      <br/>
                      <span>
                        <img width="3%" src="passed.png"/>
                        <a href="#" class="method navigator-link" panel-name="suite-TestRun" title="khppp.tests.UsersTest" hash-for-method="adminAddNewUser([Admin_Admin, Admin111, IAdmin, IAdmin, ADMIN])">adminAddNewUser([Admin_Admin, Admin111, IAdmin, IAdmin, ADMIN])</a> <!-- method navigator-link -->
                      </span>
                      <br/>
                      <span>
                        <img width="3%" src="passed.png"/>
                        <a href="#" class="method navigator-link" panel-name="suite-TestRun" title="khppp.tests.UsersTest" hash-for-method="adminAddNewUser([Admin_Admin, Admin111, ILabAuto, LabAuto, LAB_MANAGER])">adminAddNewUser([Admin_Admin, Admin111, ILabAuto, LabAuto, LAB_MANAGER])</a> <!-- method navigator-link -->
                      </span>
                      <br/>
                      <span>
                        <img width="3%" src="passed.png"/>
                        <a href="#" class="method navigator-link" panel-name="suite-TestRun" title="khppp.tests.UsersTest" hash-for-method="adminAddNewUser([Admin_Admin, Admin111, IvanMentor, IvanovMentor, MENTOR])">adminAddNewUser([Admin_Admin, Admin111, IvanMentor, IvanovMentor, MENTOR])</a> <!-- method navigator-link -->
                      </span>
                      <br/>
                      <span>
                        <img width="3%" src="passed.png"/>
                        <a href="#" class="method navigator-link" panel-name="suite-TestRun" title="khppp.tests.GroupJournalTests" hash-for-method="availableMentees">availableMentees</a> <!-- method navigator-link -->
                      </span>
                      <br/>
                      <span>
                        <img width="3%" src="passed.png"/>
                        <a href="#" class="method navigator-link" panel-name="suite-TestRun" title="khppp.tests.GroupJournalTests" hash-for-method="correctExportBtnName">correctExportBtnName</a> <!-- method navigator-link -->
                      </span>
                      <br/>
                      <span>
                        <img width="3%" src="passed.png"/>
                        <a href="#" class="method navigator-link" panel-name="suite-TestRun" title="khppp.tests.GroupJournalTests" hash-for-method="correctGroupName">correctGroupName</a> <!-- method navigator-link -->
                      </span>
                      <br/>
                      <span>
                        <img width="3%" src="passed.png"/>
                        <a href="#" class="method navigator-link" panel-name="suite-TestRun" title="khppp.tests.GroupJournalTests" hash-for-method="correctPageName">correctPageName</a> <!-- method navigator-link -->
                      </span>
                      <br/>
                      <span>
                        <img width="3%" src="passed.png"/>
                        <a href="#" class="method navigator-link" panel-name="suite-TestRun" title="khppp.tests.GroupJournalTests" hash-for-method="createGroupWithMentee([Anton Antonov,   ,   ,   ,   , My_New_Group, QA])">createGroupWithMentee([Anton Antonov,   ,   ,   ,   , My_New_Group, QA])</a> <!-- method navigator-link -->
                      </span>
                      <br/>
                      <span>
                        <img width="3%" src="passed.png"/>
                        <a href="#" class="method navigator-link" panel-name="suite-TestRun" title="khppp.tests.GroupJournalTests" hash-for-method="creationOfMentee([LabManager_LabManager, LabManager111, Anton, Antonov, MENTEE, , ])">creationOfMentee([LabManager_LabManager, LabManager111, Anton, Antonov, MENTEE, , ])</a> <!-- method navigator-link -->
                      </span>
                      <br/>
                      <span>
                        <img width="3%" src="passed.png"/>
                        <a href="#" class="method navigator-link" panel-name="suite-TestRun" title="khppp.tests.GroupsTest" hash-for-method="exportBtnName">exportBtnName</a> <!-- method navigator-link -->
                      </span>
                      <br/>
                      <span>
                        <img width="3%" src="passed.png"/>
                        <a href="#" class="method navigator-link" panel-name="suite-TestRun" title="khppp.tests.GroupJournalTests" hash-for-method="preConditions([LabManager_LabManager, LabManager111, , , , , ])">preConditions([LabManager_LabManager, LabManager111, , , , , ])</a> <!-- method navigator-link -->
                      </span>
                      <br/>
                      <span>
                        <img width="3%" src="passed.png"/>
                        <a href="#" class="method navigator-link" panel-name="suite-TestRun" title="khppp.tests.SubgroupTest" hash-for-method="preConditions([LabManager_LabManager, LabManager111])">preConditions([LabManager_LabManager, LabManager111])</a> <!-- method navigator-link -->
                      </span>
                      <br/>
                      <span>
                        <img width="3%" src="passed.png"/>
                        <a href="#" class="method navigator-link" panel-name="suite-TestRun" title="khppp.tests.StatusTest" hash-for-method="preConditionsMentee([Mentee_Mentee, Mentee111])">preConditionsMentee([Mentee_Mentee, Mentee111])</a> <!-- method navigator-link -->
                      </span>
                      <br/>
                      <span>
                        <img width="3%" src="passed.png"/>
                        <a href="#" class="method navigator-link" panel-name="suite-TestRun" title="khppp.tests.StatusTest" hash-for-method="preConditionsMentor([Mentor_Mentor, Mentor111])">preConditionsMentor([Mentor_Mentor, Mentor111])</a> <!-- method navigator-link -->
                      </span>
                      <br/>
                      <span>
                        <img width="3%" src="passed.png"/>
                        <a href="#" class="method navigator-link" panel-name="suite-TestRun" title="khppp.tests.LoginTest" hash-for-method="userEmptyLogin([Ivan, Ivanov, Incorrect login or password])">userEmptyLogin([Ivan, Ivanov, Incorrect login or password])</a> <!-- method navigator-link -->
                      </span>
                      <br/>
                      <span>
                        <img width="3%" src="passed.png"/>
                        <a href="#" class="method navigator-link" panel-name="suite-TestRun" title="khppp.tests.LoginTest" hash-for-method="userEmptyPassword([Ivan, Ivanov, Incorrect login or password])">userEmptyPassword([Ivan, Ivanov, Incorrect login or password])</a> <!-- method navigator-link -->
                      </span>
                      <br/>
                      <span>
                        <img width="3%" src="passed.png"/>
                        <a href="#" class="method navigator-link" panel-name="suite-TestRun" title="khppp.tests.LoginTest" hash-for-method="userIncorrectLogin([Admin_Admin, 111.0, Incorrect login or password])">userIncorrectLogin([Admin_Admin, 111.0, Incorrect login or password])</a> <!-- method navigator-link -->
                      </span>
                      <br/>
                      <span>
                        <img width="3%" src="passed.png"/>
                        <a href="#" class="method navigator-link" panel-name="suite-TestRun" title="khppp.tests.LoginTest" hash-for-method="userLogin([LabManager_LabManager, LabManager111, LabManager LabManager (lab manager)])">userLogin([LabManager_LabManager, LabManager111, LabManager LabManager (lab manager)])</a> <!-- method navigator-link -->
                      </span>
                      <br/>
                      <span>
                        <img width="3%" src="passed.png"/>
                        <a href="#" class="method navigator-link" panel-name="suite-TestRun" title="khppp.tests.LoginTest" hash-for-method="userLogin([Admin_Admin, Admin111, Admin Admin (admin)])">userLogin([Admin_Admin, Admin111, Admin Admin (admin)])</a> <!-- method navigator-link -->
                      </span>
                      <br/>
                      <span>
                        <img width="3%" src="passed.png"/>
                        <a href="#" class="method navigator-link" panel-name="suite-TestRun" title="khppp.tests.LoginTest" hash-for-method="userLogin([Mentor_Mentor, Mentor111, Mentor Mentor (mentor)])">userLogin([Mentor_Mentor, Mentor111, Mentor Mentor (mentor)])</a> <!-- method navigator-link -->
                      </span>
                      <br/>
                      <span>
                        <img width="3%" src="passed.png"/>
                        <a href="#" class="method navigator-link" panel-name="suite-TestRun" title="khppp.tests.GroupsTest" hash-for-method="validAddGroupTabName">validAddGroupTabName</a> <!-- method navigator-link -->
                      </span>
                      <br/>
                      <span>
                        <img width="3%" src="passed.png"/>
                        <a href="#" class="method navigator-link" panel-name="suite-TestRun" title="khppp.tests.GroupJournalTests" hash-for-method="validGroupJournalTableHead">validGroupJournalTableHead</a> <!-- method navigator-link -->
                      </span>
                      <br/>
                      <span>
                        <img width="3%" src="passed.png"/>
                        <a href="#" class="method navigator-link" panel-name="suite-TestRun" title="khppp.tests.GroupsTest" hash-for-method="validGroupsTableHead">validGroupsTableHead</a> <!-- method navigator-link -->
                      </span>
                      <br/>
                      <span>
                        <img width="3%" src="passed.png"/>
                        <a href="#" class="method navigator-link" panel-name="suite-TestRun" title="khppp.tests.GroupsTest" hash-for-method="validTabName">validTabName</a> <!-- method navigator-link -->
                      </span>
                      <br/>
                      <span>
                        <img width="3%" src="passed.png"/>
                        <a href="#" class="method navigator-link" panel-name="suite-TestRun" title="khppp.tests.GroupsTest" hash-for-method="verifyButtonsDisplayed">verifyButtonsDisplayed</a> <!-- method navigator-link -->
                      </span>
                      <br/>
                      <span>
                        <img width="3%" src="passed.png"/>
                        <a href="#" class="method navigator-link" panel-name="suite-TestRun" title="khppp.tests.GroupsTest" hash-for-method="verifyGroupNameField">verifyGroupNameField</a> <!-- method navigator-link -->
                      </span>
                      <br/>
                      <span>
                        <img width="3%" src="passed.png"/>
                        <a href="#" class="method navigator-link" panel-name="suite-TestRun" title="khppp.tests.GroupsTest" hash-for-method="verifyLabels">verifyLabels</a> <!-- method navigator-link -->
                      </span>
                      <br/>
                      <span>
                        <img width="3%" src="passed.png"/>
                        <a href="#" class="method navigator-link" panel-name="suite-TestRun" title="khppp.tests.GroupJournalTests" hash-for-method="workOfBackButton">workOfBackButton</a> <!-- method navigator-link -->
                      </span>
                      <br/>
                    </div> <!-- method-list-content passed suite-TestRun -->
                  </li>
                </ul>
              </div> <!-- suite-section-content -->
            </div> <!-- result-section -->
          </div> <!-- navigator-suite-content -->
        </div> <!-- rounded-window -->
      </div> <!-- suite -->
    </div> <!-- navigator-root -->
    <div class="wrapper">
      <div class="main-panel-root">
        <div panel-name="suite-TestRun" class="panel TestRun">
          <div class="suite-TestRun-class-failed">
            <div class="main-panel-header rounded-window-top">
              <img src="failed.png"/>
              <span class="class-name">khppp.tests.GroupJournalTests</span>
            </div> <!-- main-panel-header rounded-window-top -->
            <div class="main-panel-content rounded-window-bottom">
              <div class="method">
                <div class="method-content">
                  <a name="correctAddSubgroupBtnName">
                  </a> <!-- correctAddSubgroupBtnName -->
                  <span class="method-name">correctAddSubgroupBtnName</span>
                  <div class="stack-trace">org.openqa.selenium.TimeoutException: Timed out after 30 seconds waiting for visibility of element located by By.xpath: //div[@class=&apos;submenu&apos;]/a[text()=&apos;Add Subgroup&apos;]
Build info: version: &apos;2.44.0&apos;, revision: &apos;76d78cf323ce037c5f92db6c1bba601c2ac43ad8&apos;, time: &apos;2014-10-23 13:11:40&apos;
System info: host: &apos;EPUAKHAW0662&apos;, ip: &apos;192.168.56.1&apos;, os.name: &apos;Windows 8.1&apos;, os.arch: &apos;amd64&apos;, os.version: &apos;6.3&apos;, java.version: &apos;1.8.0_25&apos;
Driver info: org.openqa.selenium.remote.RemoteWebDriver
Capabilities [{applicationCacheEnabled=true, rotatable=false, handlesAlerts=true, databaseEnabled=true, version=34.0.5, platform=WINDOWS, nativeEvents=false, acceptSslCerts=true, webdriver.remote.sessionid=dd32a7a8-bfdb-4842-9d30-47ff41b73d7a, webStorageEnabled=true, locationContextEnabled=true, browserName=firefox, takesScreenshot=true, javascriptEnabled=true, cssSelectorsEnabled=true}]
Session ID: dd32a7a8-bfdb-4842-9d30-47ff41b73d7a
	at org.openqa.selenium.support.ui.WebDriverWait.timeoutException(WebDriverWait.java:79)
	at org.openqa.selenium.support.ui.FluentWait.until(FluentWait.java:228)
	at khppp.application.components.Component.waitFor(Component.java:73)
	at khppp.application.components.Component.waitFor(Component.java:83)
	at khppp.application.components.GroupJournalPage.isBtnAddSubgroupDisplayed(GroupJournalPage.java:31)
	at khppp.application.steps.GroupJournalSteps.isAddSubgroupDisplayed(GroupJournalSteps.java:45)
	at khppp.tests.GroupJournalTests.correctAddSubgroupBtnName(GroupJournalTests.java:85)
Caused by: org.openqa.selenium.NoSuchElementException: Unable to locate element: {&quot;method&quot;:&quot;xpath&quot;,&quot;selector&quot;:&quot;//div[@class=&apos;submenu&apos;]/a[text()=&apos;Add Subgroup&apos;]&quot;}
For documentation on this error, please visit: http://seleniumhq.org/exceptions/no_such_element.html
Build info: version: &apos;2.44.0&apos;, revision: &apos;76d78cf&apos;, time: &apos;2014-10-23 20:02:37&apos;
System info: host: &apos;EPUAKHAW0662&apos;, ip: &apos;192.168.56.1&apos;, os.name: &apos;Windows 8.1&apos;, os.arch: &apos;amd64&apos;, os.version: &apos;6.3&apos;, java.version: &apos;1.8.0_25&apos;
Driver info: driver.version: unknown
Command duration or timeout: 10.37 seconds
For documentation on this error, please visit: http://seleniumhq.org/exceptions/no_such_element.html
Build info: version: &apos;2.44.0&apos;, revision: &apos;76d78cf323ce037c5f92db6c1bba601c2ac43ad8&apos;, time: &apos;2014-10-23 13:11:40&apos;
System info: host: &apos;EPUAKHAW0662&apos;, ip: &apos;192.168.56.1&apos;, os.name: &apos;Windows 8.1&apos;, os.arch: &apos;amd64&apos;, os.version: &apos;6.3&apos;, java.version: &apos;1.8.0_25&apos;
Driver info: org.openqa.selenium.remote.RemoteWebDriver
Capabilities [{applicationCacheEnabled=true, rotatable=false, handlesAlerts=true, databaseEnabled=true, version=34.0.5, platform=WINDOWS, nativeEvents=false, acceptSslCerts=true, webdriver.remote.sessionid=dd32a7a8-bfdb-4842-9d30-47ff41b73d7a, webStorageEnabled=true, locationContextEnabled=true, browserName=firefox, takesScreenshot=true, javascriptEnabled=true, cssSelectorsEnabled=true}]
Session ID: dd32a7a8-bfdb-4842-9d30-47ff41b73d7a
	at org.openqa.selenium.remote.ErrorHandler.createThrowable(ErrorHandler.java:204)
	at org.openqa.selenium.remote.ErrorHandler.throwIfResponseFailed(ErrorHandler.java:156)
	at org.openqa.selenium.remote.RemoteWebDriver.execute(RemoteWebDriver.java:599)
	at org.openqa.selenium.remote.RemoteWebDriver.findElement(RemoteWebDriver.java:352)
	at org.openqa.selenium.remote.RemoteWebDriver.findElementByXPath(RemoteWebDriver.java:449)
	at org.openqa.selenium.By$ByXPath.findElement(By.java:357)
	at org.openqa.selenium.remote.RemoteWebDriver.findElement(RemoteWebDriver.java:344)
	at org.openqa.selenium.support.ui.ExpectedConditions.findElement(ExpectedConditions.java:730)
	at org.openqa.selenium.support.ui.ExpectedConditions.access$000(ExpectedConditions.java:39)
	at org.openqa.selenium.support.ui.ExpectedConditions$4.apply(ExpectedConditions.java:130)
	at org.openqa.selenium.support.ui.ExpectedConditions$4.apply(ExpectedConditions.java:126)
	at org.openqa.selenium.support.ui.FluentWait.until(FluentWait.java:208)
	... 32 more
Caused by: org.openqa.selenium.remote.ScreenshotException: Screen shot has been taken
Build info: version: &apos;2.44.0&apos;, revision: &apos;76d78cf323ce037c5f92db6c1bba601c2ac43ad8&apos;, time: &apos;2014-10-23 13:11:40&apos;
System info: host: &apos;EPUAKHAW0662&apos;, ip: &apos;192.168.56.1&apos;, os.name: &apos;Windows 8.1&apos;, os.arch: &apos;amd64&apos;, os.version: &apos;6.3&apos;, java.version: &apos;1.8.0_25&apos;
Driver info: driver.version: RemoteWebDriver
	at org.openqa.selenium.remote.ErrorHandler.throwIfResponseFailed(ErrorHandler.java:136)
	... 42 more
Caused by: org.openqa.selenium.NoSuchElementException: Unable to locate element: {&quot;method&quot;:&quot;xpath&quot;,&quot;selector&quot;:&quot;//div[@class=&apos;submenu&apos;]/a[text()=&apos;Add Subgroup&apos;]&quot;}
For documentation on this error, please visit: http://seleniumhq.org/exceptions/no_such_element.html
Build info: version: &apos;2.44.0&apos;, revision: &apos;76d78cf&apos;, time: &apos;2014-10-23 20:02:37&apos;
System info: host: &apos;EPUAKHAW0662&apos;, ip: &apos;192.168.56.1&apos;, os.name: &apos;Windows 8.1&apos;, os.arch: &apos;amd64&apos;, os.version: &apos;6.3&apos;, java.version: &apos;1.8.0_25&apos;
Driver info: driver.version: unknown
For documentation on this error, please visit: http://seleniumhq.org/exceptions/no_such_element.html
Build info: version: &apos;2.44.0&apos;, revision: &apos;76d78cf323ce037c5f92db6c1bba601c2ac43ad8&apos;, time: &apos;2014-10-23 13:11:40&apos;
System info: host: &apos;EPUAKHAW0662&apos;, ip: &apos;192.168.56.1&apos;, os.name: &apos;Windows 8.1&apos;, os.arch: &apos;amd64&apos;, os.version: &apos;6.3&apos;, java.version: &apos;1.8.0_25&apos;
Driver info: driver.version: unknown
	at &lt;anonymous class&gt;.FirefoxDriver.prototype.findElementInternal_(file:///C:/Users/YEHOR_~1/AppData/Local/Temp/anonymous8143357805961477093webdriver-profile/extensions/fxdriver@googlecode.com/components/driver-component.js:9641:26)
	at &lt;anonymous class&gt;.fxdriver.Timer.prototype.setTimeout/&lt;.notify(file:///C:/Users/YEHOR_~1/AppData/Local/Temp/anonymous8143357805961477093webdriver-profile/extensions/fxdriver@googlecode.com/components/driver-component.js:548:5)
... Removed 31 stack frames
</div> <!-- stack-trace -->
                </div> <!-- method-content -->
              </div> <!-- method -->
              <div class="method">
                <div class="method-content">
                  <a name="correctAssignBtnName">
                  </a> <!-- correctAssignBtnName -->
                  <span class="method-name">correctAssignBtnName</span>
                  <div class="stack-trace">org.openqa.selenium.TimeoutException: Timed out after 30 seconds waiting for visibility of element located by By.xpath: //a[@class=&apos;btn btn-success&apos;][2]
Build info: version: &apos;2.44.0&apos;, revision: &apos;76d78cf323ce037c5f92db6c1bba601c2ac43ad8&apos;, time: &apos;2014-10-23 13:11:40&apos;
System info: host: &apos;EPUAKHAW0662&apos;, ip: &apos;192.168.56.1&apos;, os.name: &apos;Windows 8.1&apos;, os.arch: &apos;amd64&apos;, os.version: &apos;6.3&apos;, java.version: &apos;1.8.0_25&apos;
Driver info: org.openqa.selenium.remote.RemoteWebDriver
Capabilities [{applicationCacheEnabled=true, rotatable=false, handlesAlerts=true, databaseEnabled=true, version=34.0.5, platform=WINDOWS, nativeEvents=false, acceptSslCerts=true, webdriver.remote.sessionid=dd32a7a8-bfdb-4842-9d30-47ff41b73d7a, webStorageEnabled=true, locationContextEnabled=true, browserName=firefox, takesScreenshot=true, javascriptEnabled=true, cssSelectorsEnabled=true}]
Session ID: dd32a7a8-bfdb-4842-9d30-47ff41b73d7a
	at org.openqa.selenium.support.ui.WebDriverWait.timeoutException(WebDriverWait.java:79)
	at org.openqa.selenium.support.ui.FluentWait.until(FluentWait.java:228)
	at khppp.application.components.Component.waitFor(Component.java:73)
	at khppp.application.components.Component.waitFor(Component.java:83)
	at khppp.application.components.GroupJournalPage.isBtnAssignDisplayed(GroupJournalPage.java:35)
	at khppp.application.steps.GroupJournalSteps.isAssignDisplayed(GroupJournalSteps.java:49)
	at khppp.tests.GroupJournalTests.correctAssignBtnName(GroupJournalTests.java:91)
Caused by: org.openqa.selenium.NoSuchElementException: Unable to locate element: {&quot;method&quot;:&quot;xpath&quot;,&quot;selector&quot;:&quot;//a[@class=&apos;btn btn-success&apos;][2]&quot;}
For documentation on this error, please visit: http://seleniumhq.org/exceptions/no_such_element.html
Build info: version: &apos;2.44.0&apos;, revision: &apos;76d78cf&apos;, time: &apos;2014-10-23 20:02:37&apos;
System info: host: &apos;EPUAKHAW0662&apos;, ip: &apos;192.168.56.1&apos;, os.name: &apos;Windows 8.1&apos;, os.arch: &apos;amd64&apos;, os.version: &apos;6.3&apos;, java.version: &apos;1.8.0_25&apos;
Driver info: driver.version: unknown
Command duration or timeout: 10.52 seconds
For documentation on this error, please visit: http://seleniumhq.org/exceptions/no_such_element.html
Build info: version: &apos;2.44.0&apos;, revision: &apos;76d78cf323ce037c5f92db6c1bba601c2ac43ad8&apos;, time: &apos;2014-10-23 13:11:40&apos;
System info: host: &apos;EPUAKHAW0662&apos;, ip: &apos;192.168.56.1&apos;, os.name: &apos;Windows 8.1&apos;, os.arch: &apos;amd64&apos;, os.version: &apos;6.3&apos;, java.version: &apos;1.8.0_25&apos;
Driver info: org.openqa.selenium.remote.RemoteWebDriver
Capabilities [{applicationCacheEnabled=true, rotatable=false, handlesAlerts=true, databaseEnabled=true, version=34.0.5, platform=WINDOWS, nativeEvents=false, acceptSslCerts=true, webdriver.remote.sessionid=dd32a7a8-bfdb-4842-9d30-47ff41b73d7a, webStorageEnabled=true, locationContextEnabled=true, browserName=firefox, takesScreenshot=true, javascriptEnabled=true, cssSelectorsEnabled=true}]
Session ID: dd32a7a8-bfdb-4842-9d30-47ff41b73d7a
	at org.openqa.selenium.remote.ErrorHandler.createThrowable(ErrorHandler.java:204)
	at org.openqa.selenium.remote.ErrorHandler.throwIfResponseFailed(ErrorHandler.java:156)
	at org.openqa.selenium.remote.RemoteWebDriver.execute(RemoteWebDriver.java:599)
	at org.openqa.selenium.remote.RemoteWebDriver.findElement(RemoteWebDriver.java:352)
	at org.openqa.selenium.remote.RemoteWebDriver.findElementByXPath(RemoteWebDriver.java:449)
	at org.openqa.selenium.By$ByXPath.findElement(By.java:357)
	at org.openqa.selenium.remote.RemoteWebDriver.findElement(RemoteWebDriver.java:344)
	at org.openqa.selenium.support.ui.ExpectedConditions.findElement(ExpectedConditions.java:730)
	at org.openqa.selenium.support.ui.ExpectedConditions.access$000(ExpectedConditions.java:39)
	at org.openqa.selenium.support.ui.ExpectedConditions$4.apply(ExpectedConditions.java:130)
	at org.openqa.selenium.support.ui.ExpectedConditions$4.apply(ExpectedConditions.java:126)
	at org.openqa.selenium.support.ui.FluentWait.until(FluentWait.java:208)
	... 32 more
Caused by: org.openqa.selenium.remote.ScreenshotException: Screen shot has been taken
Build info: version: &apos;2.44.0&apos;, revision: &apos;76d78cf323ce037c5f92db6c1bba601c2ac43ad8&apos;, time: &apos;2014-10-23 13:11:40&apos;
System info: host: &apos;EPUAKHAW0662&apos;, ip: &apos;192.168.56.1&apos;, os.name: &apos;Windows 8.1&apos;, os.arch: &apos;amd64&apos;, os.version: &apos;6.3&apos;, java.version: &apos;1.8.0_25&apos;
Driver info: driver.version: RemoteWebDriver
	at org.openqa.selenium.remote.ErrorHandler.throwIfResponseFailed(ErrorHandler.java:136)
	... 42 more
Caused by: org.openqa.selenium.NoSuchElementException: Unable to locate element: {&quot;method&quot;:&quot;xpath&quot;,&quot;selector&quot;:&quot;//a[@class=&apos;btn btn-success&apos;][2]&quot;}
For documentation on this error, please visit: http://seleniumhq.org/exceptions/no_such_element.html
Build info: version: &apos;2.44.0&apos;, revision: &apos;76d78cf&apos;, time: &apos;2014-10-23 20:02:37&apos;
System info: host: &apos;EPUAKHAW0662&apos;, ip: &apos;192.168.56.1&apos;, os.name: &apos;Windows 8.1&apos;, os.arch: &apos;amd64&apos;, os.version: &apos;6.3&apos;, java.version: &apos;1.8.0_25&apos;
Driver info: driver.version: unknown
For documentation on this error, please visit: http://seleniumhq.org/exceptions/no_such_element.html
Build info: version: &apos;2.44.0&apos;, revision: &apos;76d78cf323ce037c5f92db6c1bba601c2ac43ad8&apos;, time: &apos;2014-10-23 13:11:40&apos;
System info: host: &apos;EPUAKHAW0662&apos;, ip: &apos;192.168.56.1&apos;, os.name: &apos;Windows 8.1&apos;, os.arch: &apos;amd64&apos;, os.version: &apos;6.3&apos;, java.version: &apos;1.8.0_25&apos;
Driver info: driver.version: unknown
	at &lt;anonymous class&gt;.FirefoxDriver.prototype.findElementInternal_(file:///C:/Users/YEHOR_~1/AppData/Local/Temp/anonymous8143357805961477093webdriver-profile/extensions/fxdriver@googlecode.com/components/driver-component.js:9641:26)
	at &lt;anonymous class&gt;.fxdriver.Timer.prototype.setTimeout/&lt;.notify(file:///C:/Users/YEHOR_~1/AppData/Local/Temp/anonymous8143357805961477093webdriver-profile/extensions/fxdriver@googlecode.com/components/driver-component.js:548:5)
... Removed 31 stack frames
</div> <!-- stack-trace -->
                </div> <!-- method-content -->
              </div> <!-- method -->
              <div class="method">
                <div class="method-content">
                  <a name="correctBackBtnName">
                  </a> <!-- correctBackBtnName -->
                  <span class="method-name">correctBackBtnName</span>
                  <div class="stack-trace">org.openqa.selenium.TimeoutException: Timed out after 30 seconds waiting for visibility of element located by By.xpath:  .//*[@id=&apos;group_journal_submit&apos;]/div[2]/a
Build info: version: &apos;2.44.0&apos;, revision: &apos;76d78cf323ce037c5f92db6c1bba601c2ac43ad8&apos;, time: &apos;2014-10-23 13:11:40&apos;
System info: host: &apos;EPUAKHAW0662&apos;, ip: &apos;192.168.56.1&apos;, os.name: &apos;Windows 8.1&apos;, os.arch: &apos;amd64&apos;, os.version: &apos;6.3&apos;, java.version: &apos;1.8.0_25&apos;
Driver info: org.openqa.selenium.remote.RemoteWebDriver
Capabilities [{applicationCacheEnabled=true, rotatable=false, handlesAlerts=true, databaseEnabled=true, version=34.0.5, platform=WINDOWS, nativeEvents=false, acceptSslCerts=true, webdriver.remote.sessionid=dd32a7a8-bfdb-4842-9d30-47ff41b73d7a, webStorageEnabled=true, locationContextEnabled=true, browserName=firefox, takesScreenshot=true, javascriptEnabled=true, cssSelectorsEnabled=true}]
Session ID: dd32a7a8-bfdb-4842-9d30-47ff41b73d7a
	at org.openqa.selenium.support.ui.WebDriverWait.timeoutException(WebDriverWait.java:79)
	at org.openqa.selenium.support.ui.FluentWait.until(FluentWait.java:228)
	at khppp.application.components.Component.waitFor(Component.java:73)
	at khppp.application.components.Component.waitFor(Component.java:83)
	at khppp.application.components.GroupJournalPage.isBtnBackDisplayed(GroupJournalPage.java:45)
	at khppp.application.steps.GroupJournalSteps.isBackDisplayed(GroupJournalSteps.java:57)
	at khppp.tests.GroupJournalTests.correctBackBtnName(GroupJournalTests.java:103)
Caused by: org.openqa.selenium.NoSuchElementException: Unable to locate element: {&quot;method&quot;:&quot;xpath&quot;,&quot;selector&quot;:&quot; .//*[@id=&apos;group_journal_submit&apos;]/div[2]/a&quot;}
For documentation on this error, please visit: http://seleniumhq.org/exceptions/no_such_element.html
Build info: version: &apos;2.44.0&apos;, revision: &apos;76d78cf&apos;, time: &apos;2014-10-23 20:02:37&apos;
System info: host: &apos;EPUAKHAW0662&apos;, ip: &apos;192.168.56.1&apos;, os.name: &apos;Windows 8.1&apos;, os.arch: &apos;amd64&apos;, os.version: &apos;6.3&apos;, java.version: &apos;1.8.0_25&apos;
Driver info: driver.version: unknown
Command duration or timeout: 10.38 seconds
For documentation on this error, please visit: http://seleniumhq.org/exceptions/no_such_element.html
Build info: version: &apos;2.44.0&apos;, revision: &apos;76d78cf323ce037c5f92db6c1bba601c2ac43ad8&apos;, time: &apos;2014-10-23 13:11:40&apos;
System info: host: &apos;EPUAKHAW0662&apos;, ip: &apos;192.168.56.1&apos;, os.name: &apos;Windows 8.1&apos;, os.arch: &apos;amd64&apos;, os.version: &apos;6.3&apos;, java.version: &apos;1.8.0_25&apos;
Driver info: org.openqa.selenium.remote.RemoteWebDriver
Capabilities [{applicationCacheEnabled=true, rotatable=false, handlesAlerts=true, databaseEnabled=true, version=34.0.5, platform=WINDOWS, nativeEvents=false, acceptSslCerts=true, webdriver.remote.sessionid=dd32a7a8-bfdb-4842-9d30-47ff41b73d7a, webStorageEnabled=true, locationContextEnabled=true, browserName=firefox, takesScreenshot=true, javascriptEnabled=true, cssSelectorsEnabled=true}]
Session ID: dd32a7a8-bfdb-4842-9d30-47ff41b73d7a
	at org.openqa.selenium.remote.ErrorHandler.createThrowable(ErrorHandler.java:204)
	at org.openqa.selenium.remote.ErrorHandler.throwIfResponseFailed(ErrorHandler.java:156)
	at org.openqa.selenium.remote.RemoteWebDriver.execute(RemoteWebDriver.java:599)
	at org.openqa.selenium.remote.RemoteWebDriver.findElement(RemoteWebDriver.java:352)
	at org.openqa.selenium.remote.RemoteWebDriver.findElementByXPath(RemoteWebDriver.java:449)
	at org.openqa.selenium.By$ByXPath.findElement(By.java:357)
	at org.openqa.selenium.remote.RemoteWebDriver.findElement(RemoteWebDriver.java:344)
	at org.openqa.selenium.support.ui.ExpectedConditions.findElement(ExpectedConditions.java:730)
	at org.openqa.selenium.support.ui.ExpectedConditions.access$000(ExpectedConditions.java:39)
	at org.openqa.selenium.support.ui.ExpectedConditions$4.apply(ExpectedConditions.java:130)
	at org.openqa.selenium.support.ui.ExpectedConditions$4.apply(ExpectedConditions.java:126)
	at org.openqa.selenium.support.ui.FluentWait.until(FluentWait.java:208)
	... 32 more
Caused by: org.openqa.selenium.remote.ScreenshotException: Screen shot has been taken
Build info: version: &apos;2.44.0&apos;, revision: &apos;76d78cf323ce037c5f92db6c1bba601c2ac43ad8&apos;, time: &apos;2014-10-23 13:11:40&apos;
System info: host: &apos;EPUAKHAW0662&apos;, ip: &apos;192.168.56.1&apos;, os.name: &apos;Windows 8.1&apos;, os.arch: &apos;amd64&apos;, os.version: &apos;6.3&apos;, java.version: &apos;1.8.0_25&apos;
Driver info: driver.version: RemoteWebDriver
	at org.openqa.selenium.remote.ErrorHandler.throwIfResponseFailed(ErrorHandler.java:136)
	... 42 more
Caused by: org.openqa.selenium.NoSuchElementException: Unable to locate element: {&quot;method&quot;:&quot;xpath&quot;,&quot;selector&quot;:&quot; .//*[@id=&apos;group_journal_submit&apos;]/div[2]/a&quot;}
For documentation on this error, please visit: http://seleniumhq.org/exceptions/no_such_element.html
Build info: version: &apos;2.44.0&apos;, revision: &apos;76d78cf&apos;, time: &apos;2014-10-23 20:02:37&apos;
System info: host: &apos;EPUAKHAW0662&apos;, ip: &apos;192.168.56.1&apos;, os.name: &apos;Windows 8.1&apos;, os.arch: &apos;amd64&apos;, os.version: &apos;6.3&apos;, java.version: &apos;1.8.0_25&apos;
Driver info: driver.version: unknown
For documentation on this error, please visit: http://seleniumhq.org/exceptions/no_such_element.html
Build info: version: &apos;2.44.0&apos;, revision: &apos;76d78cf323ce037c5f92db6c1bba601c2ac43ad8&apos;, time: &apos;2014-10-23 13:11:40&apos;
System info: host: &apos;EPUAKHAW0662&apos;, ip: &apos;192.168.56.1&apos;, os.name: &apos;Windows 8.1&apos;, os.arch: &apos;amd64&apos;, os.version: &apos;6.3&apos;, java.version: &apos;1.8.0_25&apos;
Driver info: driver.version: unknown
	at &lt;anonymous class&gt;.FirefoxDriver.prototype.findElementInternal_(file:///C:/Users/YEHOR_~1/AppData/Local/Temp/anonymous8143357805961477093webdriver-profile/extensions/fxdriver@googlecode.com/components/driver-component.js:9641:26)
	at &lt;anonymous class&gt;.fxdriver.Timer.prototype.setTimeout/&lt;.notify(file:///C:/Users/YEHOR_~1/AppData/Local/Temp/anonymous8143357805961477093webdriver-profile/extensions/fxdriver@googlecode.com/components/driver-component.js:548:5)
... Removed 30 stack frames
</div> <!-- stack-trace -->
                </div> <!-- method-content -->
              </div> <!-- method -->
              <div class="method">
                <div class="method-content">
                  <a name="validWithoutSubgroupTitle">
                  </a> <!-- validWithoutSubgroupTitle -->
                  <span class="method-name">validWithoutSubgroupTitle</span>
                  <div class="stack-trace">java.lang.AssertionError: 
Expected: is &lt;true&gt;
     but: was &lt;false&gt;
	at org.hamcrest.MatcherAssert.assertThat(MatcherAssert.java:20)
	at org.hamcrest.MatcherAssert.assertThat(MatcherAssert.java:8)
	at khppp.tests.GroupJournalTests.validWithoutSubgroupTitle(GroupJournalTests.java:117)
... Removed 27 stack frames
</div> <!-- stack-trace -->
                </div> <!-- method-content -->
              </div> <!-- method -->
            </div> <!-- main-panel-content rounded-window-bottom -->
          </div> <!-- suite-TestRun-class-failed -->
          <div class="suite-TestRun-class-failed">
            <div class="main-panel-header rounded-window-top">
              <img src="failed.png"/>
              <span class="class-name">khppp.tests.StatusTest</span>
            </div> <!-- main-panel-header rounded-window-top -->
            <div class="main-panel-content rounded-window-bottom">
              <div class="method">
                <div class="method-content">
                  <a name="changeStatusByMentee">
                  </a> <!-- changeStatusByMentee -->
                  <span class="method-name">changeStatusByMentee</span>
                  <div class="stack-trace">org.openqa.selenium.TimeoutException: Timed out after 30 seconds waiting for visibility of element located by By.xpath: .//*[@id=&apos;0&apos;]/td[1]
Build info: version: &apos;2.44.0&apos;, revision: &apos;76d78cf323ce037c5f92db6c1bba601c2ac43ad8&apos;, time: &apos;2014-10-23 13:11:40&apos;
System info: host: &apos;EPUAKHAW0662&apos;, ip: &apos;192.168.56.1&apos;, os.name: &apos;Windows 8.1&apos;, os.arch: &apos;amd64&apos;, os.version: &apos;6.3&apos;, java.version: &apos;1.8.0_25&apos;
Driver info: org.openqa.selenium.remote.RemoteWebDriver
Capabilities [{applicationCacheEnabled=true, rotatable=false, handlesAlerts=true, databaseEnabled=true, version=34.0.5, platform=WINDOWS, nativeEvents=false, acceptSslCerts=true, webdriver.remote.sessionid=bf3fe967-a367-4ba0-8363-c25053aef59d, webStorageEnabled=true, locationContextEnabled=true, browserName=firefox, takesScreenshot=true, javascriptEnabled=true, cssSelectorsEnabled=true}]
Session ID: bf3fe967-a367-4ba0-8363-c25053aef59d
	at org.openqa.selenium.support.ui.WebDriverWait.timeoutException(WebDriverWait.java:79)
	at org.openqa.selenium.support.ui.FluentWait.until(FluentWait.java:228)
	at khppp.application.components.Component.waitFor(Component.java:73)
	at khppp.application.components.Component.waitFor(Component.java:83)
	at khppp.application.components.PersonalJournalPage.clickTaskName(PersonalJournalPage.java:19)
	at khppp.application.steps.StatusSteps.clickTaskNameStep(StatusSteps.java:21)
	at khppp.tests.StatusTest.changeStatusByMentee(StatusTest.java:64)
Caused by: org.openqa.selenium.NoSuchElementException: Unable to locate element: {&quot;method&quot;:&quot;xpath&quot;,&quot;selector&quot;:&quot;.//*[@id=&apos;0&apos;]/td[1]&quot;}
For documentation on this error, please visit: http://seleniumhq.org/exceptions/no_such_element.html
Build info: version: &apos;2.44.0&apos;, revision: &apos;76d78cf&apos;, time: &apos;2014-10-23 20:02:37&apos;
System info: host: &apos;EPUAKHAW0662&apos;, ip: &apos;192.168.56.1&apos;, os.name: &apos;Windows 8.1&apos;, os.arch: &apos;amd64&apos;, os.version: &apos;6.3&apos;, java.version: &apos;1.8.0_25&apos;
Driver info: driver.version: unknown
Command duration or timeout: 10.50 seconds
For documentation on this error, please visit: http://seleniumhq.org/exceptions/no_such_element.html
Build info: version: &apos;2.44.0&apos;, revision: &apos;76d78cf323ce037c5f92db6c1bba601c2ac43ad8&apos;, time: &apos;2014-10-23 13:11:40&apos;
System info: host: &apos;EPUAKHAW0662&apos;, ip: &apos;192.168.56.1&apos;, os.name: &apos;Windows 8.1&apos;, os.arch: &apos;amd64&apos;, os.version: &apos;6.3&apos;, java.version: &apos;1.8.0_25&apos;
Driver info: org.openqa.selenium.remote.RemoteWebDriver
Capabilities [{applicationCacheEnabled=true, rotatable=false, handlesAlerts=true, databaseEnabled=true, version=34.0.5, platform=WINDOWS, nativeEvents=false, acceptSslCerts=true, webdriver.remote.sessionid=bf3fe967-a367-4ba0-8363-c25053aef59d, webStorageEnabled=true, locationContextEnabled=true, browserName=firefox, takesScreenshot=true, javascriptEnabled=true, cssSelectorsEnabled=true}]
Session ID: bf3fe967-a367-4ba0-8363-c25053aef59d
	at org.openqa.selenium.remote.ErrorHandler.createThrowable(ErrorHandler.java:204)
	at org.openqa.selenium.remote.ErrorHandler.throwIfResponseFailed(ErrorHandler.java:156)
	at org.openqa.selenium.remote.RemoteWebDriver.execute(RemoteWebDriver.java:599)
	at org.openqa.selenium.remote.RemoteWebDriver.findElement(RemoteWebDriver.java:352)
	at org.openqa.selenium.remote.RemoteWebDriver.findElementByXPath(RemoteWebDriver.java:449)
	at org.openqa.selenium.By$ByXPath.findElement(By.java:357)
	at org.openqa.selenium.remote.RemoteWebDriver.findElement(RemoteWebDriver.java:344)
	at org.openqa.selenium.support.ui.ExpectedConditions.findElement(ExpectedConditions.java:730)
	at org.openqa.selenium.support.ui.ExpectedConditions.access$000(ExpectedConditions.java:39)
	at org.openqa.selenium.support.ui.ExpectedConditions$4.apply(ExpectedConditions.java:130)
	at org.openqa.selenium.support.ui.ExpectedConditions$4.apply(ExpectedConditions.java:126)
	at org.openqa.selenium.support.ui.FluentWait.until(FluentWait.java:208)
	... 32 more
Caused by: org.openqa.selenium.remote.ScreenshotException: Screen shot has been taken
Build info: version: &apos;2.44.0&apos;, revision: &apos;76d78cf323ce037c5f92db6c1bba601c2ac43ad8&apos;, time: &apos;2014-10-23 13:11:40&apos;
System info: host: &apos;EPUAKHAW0662&apos;, ip: &apos;192.168.56.1&apos;, os.name: &apos;Windows 8.1&apos;, os.arch: &apos;amd64&apos;, os.version: &apos;6.3&apos;, java.version: &apos;1.8.0_25&apos;
Driver info: driver.version: RemoteWebDriver
	at org.openqa.selenium.remote.ErrorHandler.throwIfResponseFailed(ErrorHandler.java:136)
	... 42 more
Caused by: org.openqa.selenium.NoSuchElementException: Unable to locate element: {&quot;method&quot;:&quot;xpath&quot;,&quot;selector&quot;:&quot;.//*[@id=&apos;0&apos;]/td[1]&quot;}
For documentation on this error, please visit: http://seleniumhq.org/exceptions/no_such_element.html
Build info: version: &apos;2.44.0&apos;, revision: &apos;76d78cf&apos;, time: &apos;2014-10-23 20:02:37&apos;
System info: host: &apos;EPUAKHAW0662&apos;, ip: &apos;192.168.56.1&apos;, os.name: &apos;Windows 8.1&apos;, os.arch: &apos;amd64&apos;, os.version: &apos;6.3&apos;, java.version: &apos;1.8.0_25&apos;
Driver info: driver.version: unknown
For documentation on this error, please visit: http://seleniumhq.org/exceptions/no_such_element.html
Build info: version: &apos;2.44.0&apos;, revision: &apos;76d78cf323ce037c5f92db6c1bba601c2ac43ad8&apos;, time: &apos;2014-10-23 13:11:40&apos;
System info: host: &apos;EPUAKHAW0662&apos;, ip: &apos;192.168.56.1&apos;, os.name: &apos;Windows 8.1&apos;, os.arch: &apos;amd64&apos;, os.version: &apos;6.3&apos;, java.version: &apos;1.8.0_25&apos;
Driver info: driver.version: unknown
	at &lt;anonymous class&gt;.FirefoxDriver.prototype.findElementInternal_(file:///C:/Users/YEHOR_~1/AppData/Local/Temp/anonymous1182964102041632494webdriver-profile/extensions/fxdriver@googlecode.com/components/driver-component.js:9641:26)
	at &lt;anonymous class&gt;.fxdriver.Timer.prototype.setTimeout/&lt;.notify(file:///C:/Users/YEHOR_~1/AppData/Local/Temp/anonymous1182964102041632494webdriver-profile/extensions/fxdriver@googlecode.com/components/driver-component.js:548:5)
... Removed 31 stack frames
</div> <!-- stack-trace -->
                </div> <!-- method-content -->
              </div> <!-- method -->
              <div class="method">
                <div class="method-content">
                  <a name="changeStatusByMentor">
                  </a> <!-- changeStatusByMentor -->
                  <span class="method-name">changeStatusByMentor</span>
                  <div class="stack-trace">java.lang.RuntimeException: java.lang.NullPointerException
Caused by: java.lang.NullPointerException
	at khppp.excel.utils.ExcelReader.getCellData(ExcelReader.java:69)
	at khppp.excel.utils.ExcelReader.getRowData(ExcelReader.java:57)
	at khppp.excel.utils.ExcelReader.getTableArray(ExcelReader.java:45)
	at khppp.core.CoreTest.testData(CoreTest.java:58)
	at khppp.tests.BaseCase.testData(BaseCase.java:54)
	... 23 more
... Removed 29 stack frames
</div> <!-- stack-trace -->
                </div> <!-- method-content -->
              </div> <!-- method -->
            </div> <!-- main-panel-content rounded-window-bottom -->
          </div> <!-- suite-TestRun-class-failed -->
          <div class="suite-TestRun-class-failed">
            <div class="main-panel-header rounded-window-top">
              <img src="failed.png"/>
              <span class="class-name">khppp.tests.GroupsTest</span>
            </div> <!-- main-panel-header rounded-window-top -->
            <div class="main-panel-content rounded-window-bottom">
              <div class="method">
                <div class="method-content">
                  <a name="addEmptyGroup">
                  </a> <!-- addEmptyGroup -->
                  <span class="method-name">addEmptyGroup</span>
                  <div class="stack-trace">java.lang.RuntimeException: java.lang.NullPointerException
Caused by: java.lang.NullPointerException
	at khppp.excel.utils.ExcelReader.getCellData(ExcelReader.java:69)
	at khppp.excel.utils.ExcelReader.getRowContains(ExcelReader.java:84)
	at khppp.core.CoreTest.testData(CoreTest.java:57)
	at khppp.tests.BaseCase.testData(BaseCase.java:54)
	... 23 more
... Removed 30 stack frames
</div> <!-- stack-trace -->
                </div> <!-- method-content -->
              </div> <!-- method -->
              <div class="method">
                <div class="method-content">
                  <a name="addGroupBtnName">
                  </a> <!-- addGroupBtnName -->
                  <span class="method-name">addGroupBtnName</span>
                  <div class="stack-trace">org.openqa.selenium.TimeoutException: Timed out after 30 seconds waiting for visibility of element located by By.xpath: //a[contains(.,&apos;Groups&apos;)]
Build info: version: &apos;2.44.0&apos;, revision: &apos;76d78cf323ce037c5f92db6c1bba601c2ac43ad8&apos;, time: &apos;2014-10-23 13:11:40&apos;
System info: host: &apos;EPUAKHAW0662&apos;, ip: &apos;192.168.56.1&apos;, os.name: &apos;Windows 8.1&apos;, os.arch: &apos;amd64&apos;, os.version: &apos;6.3&apos;, java.version: &apos;1.8.0_25&apos;
Driver info: org.openqa.selenium.remote.RemoteWebDriver
Capabilities [{applicationCacheEnabled=true, rotatable=false, handlesAlerts=true, databaseEnabled=true, version=34.0.5, platform=WINDOWS, nativeEvents=false, acceptSslCerts=true, webdriver.remote.sessionid=35c93c1e-0cbc-4aa6-8453-e639dbabc83e, webStorageEnabled=true, locationContextEnabled=true, browserName=firefox, takesScreenshot=true, javascriptEnabled=true, cssSelectorsEnabled=true}]
Session ID: 35c93c1e-0cbc-4aa6-8453-e639dbabc83e
	at org.openqa.selenium.support.ui.WebDriverWait.timeoutException(WebDriverWait.java:79)
	at org.openqa.selenium.support.ui.FluentWait.until(FluentWait.java:228)
	at khppp.application.components.Component.waitFor(Component.java:73)
	at khppp.application.components.Component.waitFor(Component.java:83)
	at khppp.application.components.NavBar.getTab(NavBar.java:23)
	at khppp.application.steps.NavBarSteps.navigateToGroups(NavBarSteps.java:29)
	at khppp.tests.BaseCase.goToGroupsTab(BaseCase.java:67)
	at khppp.tests.GroupsTest.addGroupBtnName(GroupsTest.java:59)
Caused by: org.openqa.selenium.NoSuchElementException: Unable to locate element: {&quot;method&quot;:&quot;xpath&quot;,&quot;selector&quot;:&quot;//a[contains(.,&apos;Groups&apos;)]&quot;}
For documentation on this error, please visit: http://seleniumhq.org/exceptions/no_such_element.html
Build info: version: &apos;2.44.0&apos;, revision: &apos;76d78cf&apos;, time: &apos;2014-10-23 20:02:37&apos;
System info: host: &apos;EPUAKHAW0662&apos;, ip: &apos;192.168.56.1&apos;, os.name: &apos;Windows 8.1&apos;, os.arch: &apos;amd64&apos;, os.version: &apos;6.3&apos;, java.version: &apos;1.8.0_25&apos;
Driver info: driver.version: unknown
Command duration or timeout: 10.50 seconds
For documentation on this error, please visit: http://seleniumhq.org/exceptions/no_such_element.html
Build info: version: &apos;2.44.0&apos;, revision: &apos;76d78cf323ce037c5f92db6c1bba601c2ac43ad8&apos;, time: &apos;2014-10-23 13:11:40&apos;
System info: host: &apos;EPUAKHAW0662&apos;, ip: &apos;192.168.56.1&apos;, os.name: &apos;Windows 8.1&apos;, os.arch: &apos;amd64&apos;, os.version: &apos;6.3&apos;, java.version: &apos;1.8.0_25&apos;
Driver info: org.openqa.selenium.remote.RemoteWebDriver
Capabilities [{applicationCacheEnabled=true, rotatable=false, handlesAlerts=true, databaseEnabled=true, version=34.0.5, platform=WINDOWS, nativeEvents=false, acceptSslCerts=true, webdriver.remote.sessionid=35c93c1e-0cbc-4aa6-8453-e639dbabc83e, webStorageEnabled=true, locationContextEnabled=true, browserName=firefox, takesScreenshot=true, javascriptEnabled=true, cssSelectorsEnabled=true}]
Session ID: 35c93c1e-0cbc-4aa6-8453-e639dbabc83e
	at org.openqa.selenium.remote.ErrorHandler.createThrowable(ErrorHandler.java:204)
	at org.openqa.selenium.remote.ErrorHandler.throwIfResponseFailed(ErrorHandler.java:156)
	at org.openqa.selenium.remote.RemoteWebDriver.execute(RemoteWebDriver.java:599)
	at org.openqa.selenium.remote.RemoteWebDriver.findElement(RemoteWebDriver.java:352)
	at org.openqa.selenium.remote.RemoteWebDriver.findElementByXPath(RemoteWebDriver.java:449)
	at org.openqa.selenium.By$ByXPath.findElement(By.java:357)
	at org.openqa.selenium.remote.RemoteWebDriver.findElement(RemoteWebDriver.java:344)
	at org.openqa.selenium.support.ui.ExpectedConditions.findElement(ExpectedConditions.java:730)
	at org.openqa.selenium.support.ui.ExpectedConditions.access$000(ExpectedConditions.java:39)
	at org.openqa.selenium.support.ui.ExpectedConditions$4.apply(ExpectedConditions.java:130)
	at org.openqa.selenium.support.ui.ExpectedConditions$4.apply(ExpectedConditions.java:126)
	at org.openqa.selenium.support.ui.FluentWait.until(FluentWait.java:208)
	... 33 more
Caused by: org.openqa.selenium.remote.ScreenshotException: Screen shot has been taken
Build info: version: &apos;2.44.0&apos;, revision: &apos;76d78cf323ce037c5f92db6c1bba601c2ac43ad8&apos;, time: &apos;2014-10-23 13:11:40&apos;
System info: host: &apos;EPUAKHAW0662&apos;, ip: &apos;192.168.56.1&apos;, os.name: &apos;Windows 8.1&apos;, os.arch: &apos;amd64&apos;, os.version: &apos;6.3&apos;, java.version: &apos;1.8.0_25&apos;
Driver info: driver.version: RemoteWebDriver
	at org.openqa.selenium.remote.ErrorHandler.throwIfResponseFailed(ErrorHandler.java:136)
	... 43 more
Caused by: org.openqa.selenium.NoSuchElementException: Unable to locate element: {&quot;method&quot;:&quot;xpath&quot;,&quot;selector&quot;:&quot;//a[contains(.,&apos;Groups&apos;)]&quot;}
For documentation on this error, please visit: http://seleniumhq.org/exceptions/no_such_element.html
Build info: version: &apos;2.44.0&apos;, revision: &apos;76d78cf&apos;, time: &apos;2014-10-23 20:02:37&apos;
System info: host: &apos;EPUAKHAW0662&apos;, ip: &apos;192.168.56.1&apos;, os.name: &apos;Windows 8.1&apos;, os.arch: &apos;amd64&apos;, os.version: &apos;6.3&apos;, java.version: &apos;1.8.0_25&apos;
Driver info: driver.version: unknown
For documentation on this error, please visit: http://seleniumhq.org/exceptions/no_such_element.html
Build info: version: &apos;2.44.0&apos;, revision: &apos;76d78cf323ce037c5f92db6c1bba601c2ac43ad8&apos;, time: &apos;2014-10-23 13:11:40&apos;
System info: host: &apos;EPUAKHAW0662&apos;, ip: &apos;192.168.56.1&apos;, os.name: &apos;Windows 8.1&apos;, os.arch: &apos;amd64&apos;, os.version: &apos;6.3&apos;, java.version: &apos;1.8.0_25&apos;
Driver info: driver.version: unknown
	at &lt;anonymous class&gt;.FirefoxDriver.prototype.findElementInternal_(file:///C:/Users/YEHOR_~1/AppData/Local/Temp/anonymous9033647809687997824webdriver-profile/extensions/fxdriver@googlecode.com/components/driver-component.js:9641:26)
	at &lt;anonymous class&gt;.fxdriver.Timer.prototype.setTimeout/&lt;.notify(file:///C:/Users/YEHOR_~1/AppData/Local/Temp/anonymous9033647809687997824webdriver-profile/extensions/fxdriver@googlecode.com/components/driver-component.js:548:5)
... Removed 31 stack frames
</div> <!-- stack-trace -->
                </div> <!-- method-content -->
              </div> <!-- method -->
              <div class="method">
                <div class="method-content">
                  <a name="addGroupWithoutDep">
                  </a> <!-- addGroupWithoutDep -->
                  <span class="method-name">addGroupWithoutDep</span>
                  <div class="stack-trace">java.lang.RuntimeException: java.lang.NullPointerException
Caused by: java.lang.NullPointerException
	at khppp.excel.utils.ExcelReader.getCellData(ExcelReader.java:69)
	at khppp.excel.utils.ExcelReader.getRowContains(ExcelReader.java:84)
	at khppp.core.CoreTest.testData(CoreTest.java:57)
	at khppp.tests.BaseCase.testData(BaseCase.java:54)
	... 23 more
... Removed 30 stack frames
</div> <!-- stack-trace -->
                </div> <!-- method-content -->
              </div> <!-- method -->
              <div class="method">
                <div class="method-content">
                  <a name="addGroupWithoutName">
                  </a> <!-- addGroupWithoutName -->
                  <span class="method-name">addGroupWithoutName</span>
                  <div class="stack-trace">java.lang.RuntimeException: java.lang.NullPointerException
Caused by: java.lang.NullPointerException
	at khppp.excel.utils.ExcelReader.getCellData(ExcelReader.java:69)
	at khppp.excel.utils.ExcelReader.getRowContains(ExcelReader.java:84)
	at khppp.core.CoreTest.testData(CoreTest.java:57)
	at khppp.tests.BaseCase.testData(BaseCase.java:54)
	... 23 more
... Removed 30 stack frames
</div> <!-- stack-trace -->
                </div> <!-- method-content -->
              </div> <!-- method -->
              <div class="method">
                <div class="method-content">
                  <a name="groupNameFieldFromSpecialSymbol">
                  </a> <!-- groupNameFieldFromSpecialSymbol -->
                  <span class="method-name">groupNameFieldFromSpecialSymbol</span>
                  <div class="stack-trace">java.lang.RuntimeException: java.lang.NullPointerException
Caused by: java.lang.NullPointerException
	at khppp.excel.utils.ExcelReader.getCellData(ExcelReader.java:69)
	at khppp.excel.utils.ExcelReader.getRowContains(ExcelReader.java:84)
	at khppp.core.CoreTest.testData(CoreTest.java:57)
	at khppp.tests.BaseCase.testData(BaseCase.java:54)
	... 23 more
... Removed 30 stack frames
</div> <!-- stack-trace -->
                </div> <!-- method-content -->
              </div> <!-- method -->
              <div class="method">
                <div class="method-content">
                  <a name="groupNameFieldOneSymbol">
                  </a> <!-- groupNameFieldOneSymbol -->
                  <span class="method-name">groupNameFieldOneSymbol</span>
                  <div class="stack-trace">java.lang.RuntimeException: java.lang.NullPointerException
Caused by: java.lang.NullPointerException
	at khppp.excel.utils.ExcelReader.getCellData(ExcelReader.java:69)
	at khppp.excel.utils.ExcelReader.getRowContains(ExcelReader.java:84)
	at khppp.core.CoreTest.testData(CoreTest.java:57)
	at khppp.tests.BaseCase.testData(BaseCase.java:54)
	... 23 more
... Removed 30 stack frames
</div> <!-- stack-trace -->
                </div> <!-- method-content -->
              </div> <!-- method -->
              <div class="method">
                <div class="method-content">
                  <a name="preConditions">
                  </a> <!-- preConditions -->
                  <span class="method-name">preConditions</span>
                  <div class="stack-trace">java.lang.RuntimeException: java.lang.NullPointerException
Caused by: java.lang.NullPointerException
	at khppp.excel.utils.ExcelReader.getCellData(ExcelReader.java:69)
	at khppp.excel.utils.ExcelReader.getRowContains(ExcelReader.java:84)
	at khppp.core.CoreTest.testData(CoreTest.java:57)
	at khppp.tests.BaseCase.testData(BaseCase.java:54)
	... 23 more
... Removed 30 stack frames
</div> <!-- stack-trace -->
                </div> <!-- method-content -->
              </div> <!-- method -->
            </div> <!-- main-panel-content rounded-window-bottom -->
          </div> <!-- suite-TestRun-class-failed -->
          <div class="suite-TestRun-class-failed">
            <div class="main-panel-header rounded-window-top">
              <img src="failed.png"/>
              <span class="class-name">khppp.tests.SubgroupTest</span>
            </div> <!-- main-panel-header rounded-window-top -->
            <div class="main-panel-content rounded-window-bottom">
              <div class="method">
                <div class="method-content">
                  <a name="addNewEmptySubgroup">
                  </a> <!-- addNewEmptySubgroup -->
                  <span class="method-name">addNewEmptySubgroup</span>
                  <div class="stack-trace">java.lang.RuntimeException: java.lang.NullPointerException
Caused by: java.lang.NullPointerException
	at khppp.excel.utils.ExcelReader.getCellData(ExcelReader.java:69)
	at khppp.excel.utils.ExcelReader.getRowData(ExcelReader.java:57)
	at khppp.excel.utils.ExcelReader.getTableArray(ExcelReader.java:45)
	at khppp.core.CoreTest.testData(CoreTest.java:58)
	at khppp.tests.BaseCase.testData(BaseCase.java:54)
	... 23 more
... Removed 30 stack frames
</div> <!-- stack-trace -->
                </div> <!-- method-content -->
              </div> <!-- method -->
              <div class="method">
                <div class="method-content">
                  <a name="addNewSubgroup">
                  </a> <!-- addNewSubgroup -->
                  <span class="method-name">addNewSubgroup</span>
                  <div class="stack-trace">java.lang.RuntimeException: java.lang.NullPointerException
Caused by: java.lang.NullPointerException
	at khppp.excel.utils.ExcelReader.getCellData(ExcelReader.java:69)
	at khppp.excel.utils.ExcelReader.getRowData(ExcelReader.java:57)
	at khppp.excel.utils.ExcelReader.getTableArray(ExcelReader.java:45)
	at khppp.core.CoreTest.testData(CoreTest.java:58)
	at khppp.tests.BaseCase.testData(BaseCase.java:54)
	... 23 more
... Removed 29 stack frames
</div> <!-- stack-trace -->
                </div> <!-- method-content -->
              </div> <!-- method -->
            </div> <!-- main-panel-content rounded-window-bottom -->
          </div> <!-- suite-TestRun-class-failed -->
          <div class="suite-TestRun-class-skipped">
            <div class="main-panel-header rounded-window-top">
              <img src="skipped.png"/>
              <span class="class-name">khppp.tests.GroupsTest</span>
            </div> <!-- main-panel-header rounded-window-top -->
            <div class="main-panel-content rounded-window-bottom">
              <div class="method">
                <div class="method-content">
                  <a name="createGroupWithMentee">
                  </a> <!-- createGroupWithMentee -->
                  <span class="method-name">createGroupWithMentee</span>
                </div> <!-- method-content -->
              </div> <!-- method -->
              <div class="method">
                <div class="method-content">
                  <a name="creationOfMentee">
                  </a> <!-- creationOfMentee -->
                  <span class="method-name">creationOfMentee</span>
                </div> <!-- method-content -->
              </div> <!-- method -->
              <div class="method">
                <div class="method-content">
                  <a name="displayGroupWithMentee">
                  </a> <!-- displayGroupWithMentee -->
                  <span class="method-name">displayGroupWithMentee</span>
                </div> <!-- method-content -->
              </div> <!-- method -->
              <div class="method">
                <div class="method-content">
                  <a name="menteeInAvailableMenteesField">
                  </a> <!-- menteeInAvailableMenteesField -->
                  <span class="method-name">menteeInAvailableMenteesField</span>
                </div> <!-- method-content -->
              </div> <!-- method -->
              <div class="method">
                <div class="method-content">
                  <a name="removeMenteeFromGroup">
                  </a> <!-- removeMenteeFromGroup -->
                  <span class="method-name">removeMenteeFromGroup</span>
                </div> <!-- method-content -->
              </div> <!-- method -->
            </div> <!-- main-panel-content rounded-window-bottom -->
          </div> <!-- suite-TestRun-class-skipped -->
          <div class="suite-TestRun-class-passed">
            <div class="main-panel-header rounded-window-top">
              <img src="passed.png"/>
              <span class="class-name">khppp.tests.GroupJournalTests</span>
            </div> <!-- main-panel-header rounded-window-top -->
            <div class="main-panel-content rounded-window-bottom">
              <div class="method">
                <div class="method-content">
                  <a name="availableMentees">
                  </a> <!-- availableMentees -->
                  <span class="method-name">availableMentees</span>
                </div> <!-- method-content -->
              </div> <!-- method -->
              <div class="method">
                <div class="method-content">
                  <a name="correctExportBtnName">
                  </a> <!-- correctExportBtnName -->
                  <span class="method-name">correctExportBtnName</span>
                </div> <!-- method-content -->
              </div> <!-- method -->
              <div class="method">
                <div class="method-content">
                  <a name="correctGroupName">
                  </a> <!-- correctGroupName -->
                  <span class="method-name">correctGroupName</span>
                </div> <!-- method-content -->
              </div> <!-- method -->
              <div class="method">
                <div class="method-content">
                  <a name="correctPageName">
                  </a> <!-- correctPageName -->
                  <span class="method-name">correctPageName</span>
                </div> <!-- method-content -->
              </div> <!-- method -->
              <div class="method">
                <div class="method-content">
                  <a name="createGroupWithMentee([Anton Antonov,   ,   ,   ,   , My_New_Group, QA])">
                  </a> <!-- createGroupWithMentee([Anton Antonov,   ,   ,   ,   , My_New_Group, QA]) -->
                  <span class="method-name">createGroupWithMentee</span>
                  <span class="parameters">([Anton Antonov,   ,   ,   ,   , My_New_Group, QA])</span>
                </div> <!-- method-content -->
              </div> <!-- method -->
              <div class="method">
                <div class="method-content">
                  <a name="creationOfMentee([LabManager_LabManager, LabManager111, Anton, Antonov, MENTEE, , ])">
                  </a> <!-- creationOfMentee([LabManager_LabManager, LabManager111, Anton, Antonov, MENTEE, , ]) -->
                  <span class="method-name">creationOfMentee</span>
                  <span class="parameters">([LabManager_LabManager, LabManager111, Anton, Antonov, MENTEE, , ])</span>
                </div> <!-- method-content -->
              </div> <!-- method -->
              <div class="method">
                <div class="method-content">
                  <a name="preConditions([LabManager_LabManager, LabManager111, , , , , ])">
                  </a> <!-- preConditions([LabManager_LabManager, LabManager111, , , , , ]) -->
                  <span class="method-name">preConditions</span>
                  <span class="parameters">([LabManager_LabManager, LabManager111, , , , , ])</span>
                </div> <!-- method-content -->
              </div> <!-- method -->
              <div class="method">
                <div class="method-content">
                  <a name="validGroupJournalTableHead">
                  </a> <!-- validGroupJournalTableHead -->
                  <span class="method-name">validGroupJournalTableHead</span>
                </div> <!-- method-content -->
              </div> <!-- method -->
              <div class="method">
                <div class="method-content">
                  <a name="workOfBackButton">
                  </a> <!-- workOfBackButton -->
                  <span class="method-name">workOfBackButton</span>
                </div> <!-- method-content -->
              </div> <!-- method -->
            </div> <!-- main-panel-content rounded-window-bottom -->
          </div> <!-- suite-TestRun-class-passed -->
          <div class="suite-TestRun-class-passed">
            <div class="main-panel-header rounded-window-top">
              <img src="passed.png"/>
              <span class="class-name">khppp.tests.StatusTest</span>
            </div> <!-- main-panel-header rounded-window-top -->
            <div class="main-panel-content rounded-window-bottom">
              <div class="method">
                <div class="method-content">
                  <a name="preConditionsMentee([Mentee_Mentee, Mentee111])">
                  </a> <!-- preConditionsMentee([Mentee_Mentee, Mentee111]) -->
                  <span class="method-name">preConditionsMentee</span>
                  <span class="parameters">([Mentee_Mentee, Mentee111])</span>
                </div> <!-- method-content -->
              </div> <!-- method -->
              <div class="method">
                <div class="method-content">
                  <a name="preConditionsMentor([Mentor_Mentor, Mentor111])">
                  </a> <!-- preConditionsMentor([Mentor_Mentor, Mentor111]) -->
                  <span class="method-name">preConditionsMentor</span>
                  <span class="parameters">([Mentor_Mentor, Mentor111])</span>
                </div> <!-- method-content -->
              </div> <!-- method -->
            </div> <!-- main-panel-content rounded-window-bottom -->
          </div> <!-- suite-TestRun-class-passed -->
          <div class="suite-TestRun-class-passed">
            <div class="main-panel-header rounded-window-top">
              <img src="passed.png"/>
              <span class="class-name">khppp.tests.GroupsTest</span>
            </div> <!-- main-panel-header rounded-window-top -->
            <div class="main-panel-content rounded-window-bottom">
              <div class="method">
                <div class="method-content">
                  <a name="exportBtnName">
                  </a> <!-- exportBtnName -->
                  <span class="method-name">exportBtnName</span>
                </div> <!-- method-content -->
              </div> <!-- method -->
              <div class="method">
                <div class="method-content">
                  <a name="validAddGroupTabName">
                  </a> <!-- validAddGroupTabName -->
                  <span class="method-name">validAddGroupTabName</span>
                </div> <!-- method-content -->
              </div> <!-- method -->
              <div class="method">
                <div class="method-content">
                  <a name="validGroupsTableHead">
                  </a> <!-- validGroupsTableHead -->
                  <span class="method-name">validGroupsTableHead</span>
                </div> <!-- method-content -->
              </div> <!-- method -->
              <div class="method">
                <div class="method-content">
                  <a name="validTabName">
                  </a> <!-- validTabName -->
                  <span class="method-name">validTabName</span>
                </div> <!-- method-content -->
              </div> <!-- method -->
              <div class="method">
                <div class="method-content">
                  <a name="verifyButtonsDisplayed">
                  </a> <!-- verifyButtonsDisplayed -->
                  <span class="method-name">verifyButtonsDisplayed</span>
                </div> <!-- method-content -->
              </div> <!-- method -->
              <div class="method">
                <div class="method-content">
                  <a name="verifyGroupNameField">
                  </a> <!-- verifyGroupNameField -->
                  <span class="method-name">verifyGroupNameField</span>
                </div> <!-- method-content -->
              </div> <!-- method -->
              <div class="method">
                <div class="method-content">
                  <a name="verifyLabels">
                  </a> <!-- verifyLabels -->
                  <span class="method-name">verifyLabels</span>
                </div> <!-- method-content -->
              </div> <!-- method -->
            </div> <!-- main-panel-content rounded-window-bottom -->
          </div> <!-- suite-TestRun-class-passed -->
          <div class="suite-TestRun-class-passed">
            <div class="main-panel-header rounded-window-top">
              <img src="passed.png"/>
              <span class="class-name">khppp.tests.UsersTest</span>
            </div> <!-- main-panel-header rounded-window-top -->
            <div class="main-panel-content rounded-window-bottom">
              <div class="method">
                <div class="method-content">
                  <a name="addUserCustomEmail([Admin_Admin, Admin111, Ivan, Ivanov, ivanov@epam.com])">
                  </a> <!-- addUserCustomEmail([Admin_Admin, Admin111, Ivan, Ivanov, ivanov@epam.com]) -->
                  <span class="method-name">addUserCustomEmail</span>
                  <span class="parameters">([Admin_Admin, Admin111, Ivan, Ivanov, ivanov@epam.com])</span>
                </div> <!-- method-content -->
              </div> <!-- method -->
              <div class="method">
                <div class="method-content">
                  <a name="addUserWithoutName([Admin_Admin, Admin111, Petro, Petrov, You input first name incorrect.])">
                  </a> <!-- addUserWithoutName([Admin_Admin, Admin111, Petro, Petrov, You input first name incorrect.]) -->
                  <span class="method-name">addUserWithoutName</span>
                  <span class="parameters">([Admin_Admin, Admin111, Petro, Petrov, You input first name incorrect.])</span>
                </div> <!-- method-content -->
              </div> <!-- method -->
              <div class="method">
                <div class="method-content">
                  <a name="addUserWithoutSurname([Admin_Admin, Admin111, Petro, Petrov, You input last name incorrect.])">
                  </a> <!-- addUserWithoutSurname([Admin_Admin, Admin111, Petro, Petrov, You input last name incorrect.]) -->
                  <span class="method-name">addUserWithoutSurname</span>
                  <span class="parameters">([Admin_Admin, Admin111, Petro, Petrov, You input last name incorrect.])</span>
                </div> <!-- method-content -->
              </div> <!-- method -->
              <div class="method">
                <div class="method-content">
                  <a name="adminAddNewUser([Admin_Admin, Admin111, Imentee, Imentee, MENTEE])">
                  </a> <!-- adminAddNewUser([Admin_Admin, Admin111, Imentee, Imentee, MENTEE]) -->
                  <span class="method-name">adminAddNewUser</span>
                  <span class="parameters">([Admin_Admin, Admin111, Imentee, Imentee, MENTEE])</span>
                </div> <!-- method-content -->
              </div> <!-- method -->
              <div class="method">
                <div class="method-content">
                  <a name="adminAddNewUser([Admin_Admin, Admin111, IAdmin, IAdmin, ADMIN])">
                  </a> <!-- adminAddNewUser([Admin_Admin, Admin111, IAdmin, IAdmin, ADMIN]) -->
                  <span class="method-name">adminAddNewUser</span>
                  <span class="parameters">([Admin_Admin, Admin111, IAdmin, IAdmin, ADMIN])</span>
                </div> <!-- method-content -->
              </div> <!-- method -->
              <div class="method">
                <div class="method-content">
                  <a name="adminAddNewUser([Admin_Admin, Admin111, ILabAuto, LabAuto, LAB_MANAGER])">
                  </a> <!-- adminAddNewUser([Admin_Admin, Admin111, ILabAuto, LabAuto, LAB_MANAGER]) -->
                  <span class="method-name">adminAddNewUser</span>
                  <span class="parameters">([Admin_Admin, Admin111, ILabAuto, LabAuto, LAB_MANAGER])</span>
                </div> <!-- method-content -->
              </div> <!-- method -->
              <div class="method">
                <div class="method-content">
                  <a name="adminAddNewUser([Admin_Admin, Admin111, IvanMentor, IvanovMentor, MENTOR])">
                  </a> <!-- adminAddNewUser([Admin_Admin, Admin111, IvanMentor, IvanovMentor, MENTOR]) -->
                  <span class="method-name">adminAddNewUser</span>
                  <span class="parameters">([Admin_Admin, Admin111, IvanMentor, IvanovMentor, MENTOR])</span>
                </div> <!-- method-content -->
              </div> <!-- method -->
            </div> <!-- main-panel-content rounded-window-bottom -->
          </div> <!-- suite-TestRun-class-passed -->
          <div class="suite-TestRun-class-passed">
            <div class="main-panel-header rounded-window-top">
              <img src="passed.png"/>
              <span class="class-name">khppp.tests.SubgroupTest</span>
            </div> <!-- main-panel-header rounded-window-top -->
            <div class="main-panel-content rounded-window-bottom">
              <div class="method">
                <div class="method-content">
                  <a name="preConditions([LabManager_LabManager, LabManager111])">
                  </a> <!-- preConditions([LabManager_LabManager, LabManager111]) -->
                  <span class="method-name">preConditions</span>
                  <span class="parameters">([LabManager_LabManager, LabManager111])</span>
                </div> <!-- method-content -->
              </div> <!-- method -->
            </div> <!-- main-panel-content rounded-window-bottom -->
          </div> <!-- suite-TestRun-class-passed -->
          <div class="suite-TestRun-class-passed">
            <div class="main-panel-header rounded-window-top">
              <img src="passed.png"/>
              <span class="class-name">khppp.tests.LoginTest</span>
            </div> <!-- main-panel-header rounded-window-top -->
            <div class="main-panel-content rounded-window-bottom">
              <div class="method">
                <div class="method-content">
                  <a name="userEmptyLogin([Ivan, Ivanov, Incorrect login or password])">
                  </a> <!-- userEmptyLogin([Ivan, Ivanov, Incorrect login or password]) -->
                  <span class="method-name">userEmptyLogin</span>
                  <span class="parameters">([Ivan, Ivanov, Incorrect login or password])</span>
                </div> <!-- method-content -->
              </div> <!-- method -->
              <div class="method">
                <div class="method-content">
                  <a name="userEmptyPassword([Ivan, Ivanov, Incorrect login or password])">
                  </a> <!-- userEmptyPassword([Ivan, Ivanov, Incorrect login or password]) -->
                  <span class="method-name">userEmptyPassword</span>
                  <span class="parameters">([Ivan, Ivanov, Incorrect login or password])</span>
                </div> <!-- method-content -->
              </div> <!-- method -->
              <div class="method">
                <div class="method-content">
                  <a name="userIncorrectLogin([Admin_Admin, 111.0, Incorrect login or password])">
                  </a> <!-- userIncorrectLogin([Admin_Admin, 111.0, Incorrect login or password]) -->
                  <span class="method-name">userIncorrectLogin</span>
                  <span class="parameters">([Admin_Admin, 111.0, Incorrect login or password])</span>
                </div> <!-- method-content -->
              </div> <!-- method -->
              <div class="method">
                <div class="method-content">
                  <a name="userLogin([LabManager_LabManager, LabManager111, LabManager LabManager (lab manager)])">
                  </a> <!-- userLogin([LabManager_LabManager, LabManager111, LabManager LabManager (lab manager)]) -->
                  <span class="method-name">userLogin</span>
                  <span class="parameters">([LabManager_LabManager, LabManager111, LabManager LabManager (lab manager)])</span>
                </div> <!-- method-content -->
              </div> <!-- method -->
              <div class="method">
                <div class="method-content">
                  <a name="userLogin([Admin_Admin, Admin111, Admin Admin (admin)])">
                  </a> <!-- userLogin([Admin_Admin, Admin111, Admin Admin (admin)]) -->
                  <span class="method-name">userLogin</span>
                  <span class="parameters">([Admin_Admin, Admin111, Admin Admin (admin)])</span>
                </div> <!-- method-content -->
              </div> <!-- method -->
              <div class="method">
                <div class="method-content">
                  <a name="userLogin([Mentor_Mentor, Mentor111, Mentor Mentor (mentor)])">
                  </a> <!-- userLogin([Mentor_Mentor, Mentor111, Mentor Mentor (mentor)]) -->
                  <span class="method-name">userLogin</span>
                  <span class="parameters">([Mentor_Mentor, Mentor111, Mentor Mentor (mentor)])</span>
                </div> <!-- method-content -->
              </div> <!-- method -->
            </div> <!-- main-panel-content rounded-window-bottom -->
          </div> <!-- suite-TestRun-class-passed -->
        </div> <!-- panel TestRun -->
        <div panel-name="test-xml-TestRun" class="panel">
          <div class="main-panel-header rounded-window-top">
            <span class="header-content">D:\khppp-test-framework\khppp\testNG.xml</span>
          </div> <!-- main-panel-header rounded-window-top -->
          <div class="main-panel-content rounded-window-bottom">
            <pre>
&lt;?xml version=&quot;1.0&quot; encoding=&quot;UTF-8&quot;?&gt;
&lt;!DOCTYPE suite SYSTEM &quot;http://testng.org/testng-1.0.dtd&quot;&gt;
&lt;suite verbose=&quot;0&quot; name=&quot;TestRun&quot;&gt;
  &lt;test name=&quot;KhpppRun&quot;&gt;
    &lt;classes&gt;
      &lt;class name=&quot;khppp.tests.BaseCase&quot;/&gt;
      &lt;class name=&quot;khppp.tests.LoginTest&quot;/&gt;
      &lt;class name=&quot;khppp.tests.UsersTest&quot;/&gt;
      &lt;class name=&quot;khppp.tests.GroupsTest&quot;/&gt;
      &lt;class name=&quot;khppp.tests.SubgroupTest&quot;/&gt;
      &lt;class name=&quot;khppp.tests.StatusTest&quot;/&gt;
      &lt;class name=&quot;khppp.tests.GroupJournalTests&quot;/&gt;
    &lt;/classes&gt;
  &lt;/test&gt; &lt;!-- KhpppRun --&gt;
&lt;/suite&gt; &lt;!-- TestRun --&gt;
            </pre>
          </div> <!-- main-panel-content rounded-window-bottom -->
        </div> <!-- panel -->
        <div panel-name="testlist-TestRun" class="panel">
          <div class="main-panel-header rounded-window-top">
            <span class="header-content">Tests for TestRun</span>
          </div> <!-- main-panel-header rounded-window-top -->
          <div class="main-panel-content rounded-window-bottom">
            <ul>
              <li>
                <span class="test-name">KhpppRun (7 classes)</span>
              </li>
            </ul>
          </div> <!-- main-panel-content rounded-window-bottom -->
        </div> <!-- panel -->
        <div panel-name="group-TestRun" class="panel">
          <div class="main-panel-header rounded-window-top">
            <span class="header-content">Groups for TestRun</span>
          </div> <!-- main-panel-header rounded-window-top -->
          <div class="main-panel-content rounded-window-bottom">
          </div> <!-- main-panel-content rounded-window-bottom -->
        </div> <!-- panel -->
        <div panel-name="times-TestRun" class="panel">
          <div class="main-panel-header rounded-window-top">
            <span class="header-content">Times for TestRun</span>
          </div> <!-- main-panel-header rounded-window-top -->
          <div class="main-panel-content rounded-window-bottom">
            <div class="times-div">
              <script type="text/javascript">
suiteTableInitFunctions.push('tableData_TestRun');
function tableData_TestRun() {
var data = new google.visualization.DataTable();
data.addColumn('number', 'Number');
data.addColumn('string', 'Method');
data.addColumn('string', 'Class');
data.addColumn('number', 'Time (ms)');
data.addRows(52);
data.setCell(0, 0, 0)
data.setCell(0, 1, 'addGroupBtnName')
data.setCell(0, 2, 'khppp.tests.GroupsTest')
data.setCell(0, 3, 34357);
data.setCell(1, 0, 1)
data.setCell(1, 1, 'correctAssignBtnName')
data.setCell(1, 2, 'khppp.tests.GroupJournalTests')
data.setCell(1, 3, 32727);
data.setCell(2, 0, 2)
data.setCell(2, 1, 'changeStatusByMentee')
data.setCell(2, 2, 'khppp.tests.StatusTest')
data.setCell(2, 3, 32363);
data.setCell(3, 0, 3)
data.setCell(3, 1, 'correctBackBtnName')
data.setCell(3, 2, 'khppp.tests.GroupJournalTests')
data.setCell(3, 3, 32341);
data.setCell(4, 0, 4)
data.setCell(4, 1, 'correctAddSubgroupBtnName')
data.setCell(4, 2, 'khppp.tests.GroupJournalTests')
data.setCell(4, 3, 32137);
data.setCell(5, 0, 5)
data.setCell(5, 1, 'preConditionsMentor')
data.setCell(5, 2, 'khppp.tests.StatusTest')
data.setCell(5, 3, 22437);
data.setCell(6, 0, 6)
data.setCell(6, 1, 'addUserCustomEmail')
data.setCell(6, 2, 'khppp.tests.UsersTest')
data.setCell(6, 3, 19480);
data.setCell(7, 0, 7)
data.setCell(7, 1, 'exportBtnName')
data.setCell(7, 2, 'khppp.tests.GroupsTest')
data.setCell(7, 3, 18891);
data.setCell(8, 0, 8)
data.setCell(8, 1, 'correctExportBtnName')
data.setCell(8, 2, 'khppp.tests.GroupJournalTests')
data.setCell(8, 3, 18464);
data.setCell(9, 0, 9)
data.setCell(9, 1, 'adminAddNewUser')
data.setCell(9, 2, 'khppp.tests.UsersTest')
data.setCell(9, 3, 13550);
data.setCell(10, 0, 10)
data.setCell(10, 1, 'adminAddNewUser')
data.setCell(10, 2, 'khppp.tests.UsersTest')
data.setCell(10, 3, 13141);
data.setCell(11, 0, 11)
data.setCell(11, 1, 'adminAddNewUser')
data.setCell(11, 2, 'khppp.tests.UsersTest')
data.setCell(11, 3, 13074);
data.setCell(12, 0, 12)
data.setCell(12, 1, 'adminAddNewUser')
data.setCell(12, 2, 'khppp.tests.UsersTest')
data.setCell(12, 3, 12671);
data.setCell(13, 0, 13)
data.setCell(13, 1, 'userEmptyLogin')
data.setCell(13, 2, 'khppp.tests.LoginTest')
data.setCell(13, 3, 8015);
data.setCell(14, 0, 14)
data.setCell(14, 1, 'userLogin')
data.setCell(14, 2, 'khppp.tests.LoginTest')
data.setCell(14, 3, 3394);
data.setCell(15, 0, 15)
data.setCell(15, 1, 'createGroupWithMentee')
data.setCell(15, 2, 'khppp.tests.GroupJournalTests')
data.setCell(15, 3, 3022);
data.setCell(16, 0, 16)
data.setCell(16, 1, 'addUserWithoutName')
data.setCell(16, 2, 'khppp.tests.UsersTest')
data.setCell(16, 3, 2547);
data.setCell(17, 0, 17)
data.setCell(17, 1, 'creationOfMentee')
data.setCell(17, 2, 'khppp.tests.GroupJournalTests')
data.setCell(17, 3, 2434);
data.setCell(18, 0, 18)
data.setCell(18, 1, 'addUserWithoutSurname')
data.setCell(18, 2, 'khppp.tests.UsersTest')
data.setCell(18, 3, 2363);
data.setCell(19, 0, 19)
data.setCell(19, 1, 'preConditions')
data.setCell(19, 2, 'khppp.tests.SubgroupTest')
data.setCell(19, 3, 1961);
data.setCell(20, 0, 20)
data.setCell(20, 1, 'preConditionsMentee')
data.setCell(20, 2, 'khppp.tests.StatusTest')
data.setCell(20, 3, 1842);
data.setCell(21, 0, 21)
data.setCell(21, 1, 'correctGroupName')
data.setCell(21, 2, 'khppp.tests.GroupJournalTests')
data.setCell(21, 3, 1841);
data.setCell(22, 0, 22)
data.setCell(22, 1, 'verifyLabels')
data.setCell(22, 2, 'khppp.tests.GroupsTest')
data.setCell(22, 3, 1685);
data.setCell(23, 0, 23)
data.setCell(23, 1, 'preConditions')
data.setCell(23, 2, 'khppp.tests.GroupJournalTests')
data.setCell(23, 3, 1508);
data.setCell(24, 0, 24)
data.setCell(24, 1, 'userLogin')
data.setCell(24, 2, 'khppp.tests.LoginTest')
data.setCell(24, 3, 1413);
data.setCell(25, 0, 25)
data.setCell(25, 1, 'validAddGroupTabName')
data.setCell(25, 2, 'khppp.tests.GroupsTest')
data.setCell(25, 3, 1371);
data.setCell(26, 0, 26)
data.setCell(26, 1, 'workOfBackButton')
data.setCell(26, 2, 'khppp.tests.GroupJournalTests')
data.setCell(26, 3, 1305);
data.setCell(27, 0, 27)
data.setCell(27, 1, 'validWithoutSubgroupTitle')
data.setCell(27, 2, 'khppp.tests.GroupJournalTests')
data.setCell(27, 3, 1216);
data.setCell(28, 0, 28)
data.setCell(28, 1, 'verifyGroupNameField')
data.setCell(28, 2, 'khppp.tests.GroupsTest')
data.setCell(28, 3, 1215);
data.setCell(29, 0, 29)
data.setCell(29, 1, 'verifyButtonsDisplayed')
data.setCell(29, 2, 'khppp.tests.GroupsTest')
data.setCell(29, 3, 1209);
data.setCell(30, 0, 30)
data.setCell(30, 1, 'availableMentees')
data.setCell(30, 2, 'khppp.tests.GroupJournalTests')
data.setCell(30, 3, 1162);
data.setCell(31, 0, 31)
data.setCell(31, 1, 'userLogin')
data.setCell(31, 2, 'khppp.tests.LoginTest')
data.setCell(31, 3, 1136);
data.setCell(32, 0, 32)
data.setCell(32, 1, 'userEmptyPassword')
data.setCell(32, 2, 'khppp.tests.LoginTest')
data.setCell(32, 3, 834);
data.setCell(33, 0, 33)
data.setCell(33, 1, 'userIncorrectLogin')
data.setCell(33, 2, 'khppp.tests.LoginTest')
data.setCell(33, 3, 799);
data.setCell(34, 0, 34)
data.setCell(34, 1, 'validGroupsTableHead')
data.setCell(34, 2, 'khppp.tests.GroupsTest')
data.setCell(34, 3, 610);
data.setCell(35, 0, 35)
data.setCell(35, 1, 'validTabName')
data.setCell(35, 2, 'khppp.tests.GroupsTest')
data.setCell(35, 3, 484);
data.setCell(36, 0, 36)
data.setCell(36, 1, 'validGroupJournalTableHead')
data.setCell(36, 2, 'khppp.tests.GroupJournalTests')
data.setCell(36, 3, 146);
data.setCell(37, 0, 37)
data.setCell(37, 1, 'correctPageName')
data.setCell(37, 2, 'khppp.tests.GroupJournalTests')
data.setCell(37, 3, 60);
data.setCell(38, 0, 38)
data.setCell(38, 1, 'removeMenteeFromGroup')
data.setCell(38, 2, 'khppp.tests.GroupsTest')
data.setCell(38, 3, 1);
data.setCell(39, 0, 39)
data.setCell(39, 1, 'creationOfMentee')
data.setCell(39, 2, 'khppp.tests.GroupsTest')
data.setCell(39, 3, 1);
data.setCell(40, 0, 40)
data.setCell(40, 1, 'displayGroupWithMentee')
data.setCell(40, 2, 'khppp.tests.GroupsTest')
data.setCell(40, 3, 1);
data.setCell(41, 0, 41)
data.setCell(41, 1, 'groupNameFieldFromSpecialSymbol')
data.setCell(41, 2, 'khppp.tests.GroupsTest')
data.setCell(41, 3, 0);
data.setCell(42, 0, 42)
data.setCell(42, 1, 'groupNameFieldOneSymbol')
data.setCell(42, 2, 'khppp.tests.GroupsTest')
data.setCell(42, 3, 0);
data.setCell(43, 0, 43)
data.setCell(43, 1, 'addNewEmptySubgroup')
data.setCell(43, 2, 'khppp.tests.SubgroupTest')
data.setCell(43, 3, 0);
data.setCell(44, 0, 44)
data.setCell(44, 1, 'addEmptyGroup')
data.setCell(44, 2, 'khppp.tests.GroupsTest')
data.setCell(44, 3, 0);
data.setCell(45, 0, 45)
data.setCell(45, 1, 'changeStatusByMentor')
data.setCell(45, 2, 'khppp.tests.StatusTest')
data.setCell(45, 3, 0);
data.setCell(46, 0, 46)
data.setCell(46, 1, 'addGroupWithoutName')
data.setCell(46, 2, 'khppp.tests.GroupsTest')
data.setCell(46, 3, 0);
data.setCell(47, 0, 47)
data.setCell(47, 1, 'addNewSubgroup')
data.setCell(47, 2, 'khppp.tests.SubgroupTest')
data.setCell(47, 3, 0);
data.setCell(48, 0, 48)
data.setCell(48, 1, 'preConditions')
data.setCell(48, 2, 'khppp.tests.GroupsTest')
data.setCell(48, 3, 0);
data.setCell(49, 0, 49)
data.setCell(49, 1, 'addGroupWithoutDep')
data.setCell(49, 2, 'khppp.tests.GroupsTest')
data.setCell(49, 3, 0);
data.setCell(50, 0, 50)
data.setCell(50, 1, 'createGroupWithMentee')
data.setCell(50, 2, 'khppp.tests.GroupsTest')
data.setCell(50, 3, 0);
data.setCell(51, 0, 51)
data.setCell(51, 1, 'menteeInAvailableMenteesField')
data.setCell(51, 2, 'khppp.tests.GroupsTest')
data.setCell(51, 3, 0);
window.suiteTableData['TestRun']= { tableData: data, tableDiv: 'times-div-TestRun'}
return data;
}
              </script>
              <span class="suite-total-time">Total running time: 5 minutes</span>
              <div id="times-div-TestRun">
              </div> <!-- times-div-TestRun -->
            </div> <!-- times-div -->
          </div> <!-- main-panel-content rounded-window-bottom -->
        </div> <!-- panel -->
        <div panel-name="reporter-TestRun" class="panel">
          <div class="main-panel-header rounded-window-top">
            <span class="header-content">Reporter output for TestRun</span>
          </div> <!-- main-panel-header rounded-window-top -->
          <div class="main-panel-content rounded-window-bottom">
          </div> <!-- main-panel-content rounded-window-bottom -->
        </div> <!-- panel -->
        <div panel-name="ignored-methods-TestRun" class="panel">
          <div class="main-panel-header rounded-window-top">
            <span class="header-content">0 ignored methods</span>
          </div> <!-- main-panel-header rounded-window-top -->
          <div class="main-panel-content rounded-window-bottom">
          </div> <!-- main-panel-content rounded-window-bottom -->
        </div> <!-- panel -->
        <div panel-name="chronological-TestRun" class="panel">
          <div class="main-panel-header rounded-window-top">
            <span class="header-content">Methods in chronological order</span>
          </div> <!-- main-panel-header rounded-window-top -->
          <div class="main-panel-content rounded-window-bottom">
            <div class="chronological-class">
              <div class="chronological-class-name">khppp.tests.LoginTest</div> <!-- chronological-class-name -->
              <div class="configuration-class before">
                <span class="method-name">configure</span>
                <span class="method-start">0 ms</span>
              </div> <!-- configuration-class before -->
              <div class="configuration-class before">
                <span class="method-name">setUp</span>
                <span class="method-start">31644 ms</span>
              </div> <!-- configuration-class before -->
              <div class="test-method">
                <span class="method-name">userEmptyLogin([Ivan, Ivanov, Incorrect login or password])</span>
                <span class="method-start">35076 ms</span>
              </div> <!-- test-method -->
              <div class="test-method">
                <span class="method-name">userEmptyPassword([Ivan, Ivanov, Incorrect login or password])</span>
                <span class="method-start">43436 ms</span>
              </div> <!-- test-method -->
              <div class="test-method">
                <span class="method-name">userIncorrectLogin([Admin_Admin, 111.0, Incorrect login or password])</span>
                <span class="method-start">44351 ms</span>
              </div> <!-- test-method -->
              <div class="test-method">
                <span class="method-name">userLogin([Admin_Admin, Admin111, Admin Admin (admin)])</span>
                <span class="method-start">45219 ms</span>
              </div> <!-- test-method -->
              <div class="test-method">
                <span class="method-name">userLogin([Mentor_Mentor, Mentor111, Mentor Mentor (mentor)])</span>
                <span class="method-start">48615 ms</span>
              </div> <!-- test-method -->
              <div class="test-method">
                <span class="method-name">userLogin([LabManager_LabManager, LabManager111, LabManager LabManager (lab manager)])</span>
                <span class="method-start">49753 ms</span>
              </div> <!-- test-method -->
              <div class="configuration-class after">
                <span class="method-name">shutDown</span>
                <span class="method-start">51168 ms</span>
              </div> <!-- configuration-class after -->
            </div> <!-- chronological-class -->
            <div class="chronological-class">
              <div class="chronological-class-name">khppp.tests.UsersTest</div> <!-- chronological-class-name -->
              <div class="configuration-class before">
                <span class="method-name">configure</span>
                <span class="method-start">51464 ms</span>
              </div> <!-- configuration-class before -->
              <div class="configuration-class before">
                <span class="method-name">setUp</span>
                <span class="method-start">60095 ms</span>
              </div> <!-- configuration-class before -->
              <div class="test-method">
                <span class="method-name">addUserCustomEmail([Admin_Admin, Admin111, Ivan, Ivanov, ivanov@epam.com])</span>
                <span class="method-start">61150 ms</span>
              </div> <!-- test-method -->
              <div class="test-method">
                <span class="method-name">adminAddNewUser([Admin_Admin, Admin111, IvanMentor, IvanovMentor, MENTOR])</span>
                <span class="method-start">80687 ms</span>
              </div> <!-- test-method -->
              <div class="test-method">
                <span class="method-name">adminAddNewUser([Admin_Admin, Admin111, ILabAuto, LabAuto, LAB_MANAGER])</span>
                <span class="method-start">93829 ms</span>
              </div> <!-- test-method -->
              <div class="test-method">
                <span class="method-name">adminAddNewUser([Admin_Admin, Admin111, Imentee, Imentee, MENTEE])</span>
                <span class="method-start">106905 ms</span>
              </div> <!-- test-method -->
              <div class="test-method">
                <span class="method-name">adminAddNewUser([Admin_Admin, Admin111, IAdmin, IAdmin, ADMIN])</span>
                <span class="method-start">119577 ms</span>
              </div> <!-- test-method -->
              <div class="test-method">
                <span class="method-name">addUserWithoutName([Admin_Admin, Admin111, Petro, Petrov, You input first name incorrect.])</span>
                <span class="method-start">133173 ms</span>
              </div> <!-- test-method -->
              <div class="test-method">
                <span class="method-name">addUserWithoutSurname([Admin_Admin, Admin111, Petro, Petrov, You input last name incorrect.])</span>
                <span class="method-start">135760 ms</span>
              </div> <!-- test-method -->
              <div class="configuration-class after">
                <span class="method-name">shutDown</span>
                <span class="method-start">138125 ms</span>
              </div> <!-- configuration-class after -->
            </div> <!-- chronological-class -->
            <div class="chronological-class">
              <div class="chronological-class-name">khppp.tests.GroupsTest</div> <!-- chronological-class-name -->
              <div class="configuration-class before">
                <span class="method-name">configure</span>
                <span class="method-start">138375 ms</span>
              </div> <!-- configuration-class before -->
              <div class="configuration-class before">
                <span class="method-name">setUp</span>
                <span class="method-start">145954 ms</span>
              </div> <!-- configuration-class before -->
              <div class="test-method">
                <img src="failed.png">
                </img>
                <span class="method-name">addGroupBtnName</span>
                <span class="method-start">146262 ms</span>
              </div> <!-- test-method -->
              <div class="test-method">
                <span class="method-name">exportBtnName</span>
                <span class="method-start">180793 ms</span>
              </div> <!-- test-method -->
              <div class="test-method">
                <span class="method-name">validGroupsTableHead</span>
                <span class="method-start">199686 ms</span>
              </div> <!-- test-method -->
              <div class="test-method">
                <span class="method-name">validTabName</span>
                <span class="method-start">200298 ms</span>
              </div> <!-- test-method -->
              <div class="test-method">
                <span class="method-name">validAddGroupTabName</span>
                <span class="method-start">201060 ms</span>
              </div> <!-- test-method -->
              <div class="test-method">
                <span class="method-name">verifyButtonsDisplayed</span>
                <span class="method-start">202432 ms</span>
              </div> <!-- test-method -->
              <div class="test-method">
                <span class="method-name">verifyGroupNameField</span>
                <span class="method-start">203643 ms</span>
              </div> <!-- test-method -->
              <div class="test-method">
                <span class="method-name">verifyLabels</span>
                <span class="method-start">204860 ms</span>
              </div> <!-- test-method -->
              <div class="configuration-class after">
                <span class="method-name">logout</span>
                <span class="method-start">206551 ms</span>
              </div> <!-- configuration-class after -->
              <div class="configuration-class after">
                <span class="method-name">shutDown</span>
                <span class="method-start">207182 ms</span>
              </div> <!-- configuration-class after -->
            </div> <!-- chronological-class -->
            <div class="chronological-class">
              <div class="chronological-class-name">khppp.tests.SubgroupTest</div> <!-- chronological-class-name -->
              <div class="configuration-class before">
                <span class="method-name">configure</span>
                <span class="method-start">207556 ms</span>
              </div> <!-- configuration-class before -->
              <div class="configuration-class before">
                <span class="method-name">setUp</span>
                <span class="method-start">215758 ms</span>
              </div> <!-- configuration-class before -->
              <div class="test-method">
                <span class="method-name">preConditions([LabManager_LabManager, LabManager111])</span>
                <span class="method-start">216388 ms</span>
              </div> <!-- test-method -->
              <div class="configuration-class after">
                <span class="method-name">logout</span>
                <span class="method-start">218482 ms</span>
              </div> <!-- configuration-class after -->
              <div class="configuration-class after">
                <span class="method-name">shutDown</span>
                <span class="method-start">218771 ms</span>
              </div> <!-- configuration-class after -->
            </div> <!-- chronological-class -->
            <div class="chronological-class">
              <div class="chronological-class-name">khppp.tests.StatusTest</div> <!-- chronological-class-name -->
              <div class="configuration-class before">
                <span class="method-name">configure</span>
                <span class="method-start">218910 ms</span>
              </div> <!-- configuration-class before -->
              <div class="configuration-class before">
                <span class="method-name">setUp</span>
                <span class="method-start">224536 ms</span>
              </div> <!-- configuration-class before -->
              <div class="test-method">
                <span class="method-name">preConditionsMentee([Mentee_Mentee, Mentee111])</span>
                <span class="method-start">224775 ms</span>
              </div> <!-- test-method -->
              <div class="test-method">
                <span class="method-name">preConditionsMentor([Mentor_Mentor, Mentor111])</span>
                <span class="method-start">226648 ms</span>
              </div> <!-- test-method -->
              <div class="test-method">
                <img src="failed.png">
                </img>
                <span class="method-name">changeStatusByMentee</span>
                <span class="method-start">249089 ms</span>
              </div> <!-- test-method -->
              <div class="configuration-class after">
                <span class="method-name">shutDown</span>
                <span class="method-start">281500 ms</span>
              </div> <!-- configuration-class after -->
            </div> <!-- chronological-class -->
            <div class="chronological-class">
              <div class="chronological-class-name">khppp.tests.GroupJournalTests</div> <!-- chronological-class-name -->
              <div class="configuration-class before">
                <span class="method-name">configure</span>
                <span class="method-start">281707 ms</span>
              </div> <!-- configuration-class before -->
              <div class="configuration-class before">
                <span class="method-name">setUp</span>
                <span class="method-start">292110 ms</span>
              </div> <!-- configuration-class before -->
              <div class="test-method">
                <span class="method-name">preConditions([LabManager_LabManager, LabManager111, , , , , ])</span>
                <span class="method-start">292408 ms</span>
              </div> <!-- test-method -->
              <div class="test-method">
                <img src="failed.png">
                </img>
                <span class="method-name">validWithoutSubgroupTitle</span>
                <span class="method-start">293946 ms</span>
              </div> <!-- test-method -->
              <div class="test-method">
                <span class="method-name">workOfBackButton</span>
                <span class="method-start">295163 ms</span>
              </div> <!-- test-method -->
              <div class="test-method">
                <span class="method-name">creationOfMentee([LabManager_LabManager, LabManager111, Anton, Antonov, MENTEE, , ])</span>
                <span class="method-start">296503 ms</span>
              </div> <!-- test-method -->
              <div class="test-method">
                <img src="failed.png">
                </img>
                <span class="method-name">correctAddSubgroupBtnName</span>
                <span class="method-start">298939 ms</span>
              </div> <!-- test-method -->
              <div class="test-method">
                <img src="failed.png">
                </img>
                <span class="method-name">correctAssignBtnName</span>
                <span class="method-start">331080 ms</span>
              </div> <!-- test-method -->
              <div class="test-method">
                <img src="failed.png">
                </img>
                <span class="method-name">correctBackBtnName</span>
                <span class="method-start">363812 ms</span>
              </div> <!-- test-method -->
              <div class="test-method">
                <span class="method-name">correctExportBtnName</span>
                <span class="method-start">396158 ms</span>
              </div> <!-- test-method -->
              <div class="test-method">
                <span class="method-name">correctGroupName</span>
                <span class="method-start">414623 ms</span>
              </div> <!-- test-method -->
              <div class="test-method">
                <span class="method-name">correctPageName</span>
                <span class="method-start">416465 ms</span>
              </div> <!-- test-method -->
              <div class="test-method">
                <span class="method-name">validGroupJournalTableHead</span>
                <span class="method-start">416542 ms</span>
              </div> <!-- test-method -->
              <div class="test-method">
                <span class="method-name">availableMentees</span>
                <span class="method-start">416690 ms</span>
              </div> <!-- test-method -->
              <div class="test-method">
                <span class="method-name">createGroupWithMentee([Anton Antonov,   ,   ,   ,   , My_New_Group, QA])</span>
                <span class="method-start">418237 ms</span>
              </div> <!-- test-method -->
              <div class="configuration-class after">
                <span class="method-name">logout</span>
                <span class="method-start">421260 ms</span>
              </div> <!-- configuration-class after -->
              <div class="configuration-class after">
                <span class="method-name">shutDown</span>
                <span class="method-start">421523 ms</span>
              </div> <!-- configuration-class after -->
          </div> <!-- main-panel-content rounded-window-bottom -->
        </div> <!-- panel -->
      </div> <!-- main-panel-root -->
    </div> <!-- wrapper -->
  </body>
</html>
