<?xml version="1.0" encoding="UTF-8"?>
<testsuite name="TestSuite" time="338.784" tests="52" errors="0" skipped="14" failures="6">
  <properties>
    <property name="idea.version" value="14.0.2"/>
    <property name="java.runtime.name" value="Java(TM) SE Runtime Environment"/>
    <property name="sun.boot.library.path" value="C:\Program Files\Java\jdk1.8.0_25\jre\bin"/>
    <property name="java.vm.version" value="25.25-b02"/>
    <property name="java.vm.vendor" value="Oracle Corporation"/>
    <property name="java.vendor.url" value="http://java.oracle.com/"/>
    <property name="path.separator" value=";"/>
    <property name="guice.disable.misplaced.annotation.check" value="true"/>
    <property name="java.vm.name" value="Java HotSpot(TM) 64-Bit Server VM"/>
    <property name="file.encoding.pkg" value="sun.io"/>
    <property name="idea.launcher.port" value="7532"/>
    <property name="user.script" value=""/>
    <property name="user.country" value="US"/>
    <property name="sun.java.launcher" value="SUN_STANDARD"/>
    <property name="sun.os.patch.level" value=""/>
    <property name="java.vm.specification.name" value="Java Virtual Machine Specification"/>
    <property name="user.dir" value="D:\khppp-test-framework\khppp"/>
    <property name="java.runtime.version" value="1.8.0_25-b18"/>
    <property name="java.awt.graphicsenv" value="sun.awt.Win32GraphicsEnvironment"/>
    <property name="java.endorsed.dirs" value="C:\Program Files\Java\jdk1.8.0_25\jre\lib\endorsed"/>
    <property name="os.arch" value="amd64"/>
    <property name="java.io.tmpdir" value="C:\Users\YEHOR_~1\AppData\Local\Temp\"/>
    <property name="line.separator" value="&#10;"/>
    <property name="java.vm.specification.vendor" value="Oracle Corporation"/>
    <property name="user.variant" value=""/>
    <property name="os.name" value="Windows 8.1"/>
    <property name="classworlds.conf" value="C:\Program Files\Java\apache-maven-3.2.3\bin\m2.conf"/>
    <property name="sun.jnu.encoding" value="Cp1251"/>
    <property name="java.library.path" value="C:\Program Files\Java\jdk1.8.0_25\bin;C:\WINDOWS\Sun\Java\bin;C:\WINDOWS\system32;C:\WINDOWS;C:\ProgramData\Oracle\Java\javapath;C:\WINDOWS\system32;C:\WINDOWS;C:\WINDOWS\System32\Wbem;C:\WINDOWS\System32\WindowsPowerShell\v1.0\;C:\WINDOWS\idmu\common;C:\Program Files\TortoiseSVN\bin;C:\Program Files\Microsoft\Web Platform Installer\;C:\Program Files (x86)\Microsoft ASP.NET\ASP.NET Web Pages\v1.0\;C:\Program Files\Microsoft SQL Server\110\Tools\Binn\;C:\Program Files (x86)\Windows Kits\8.1\Windows Performance Toolkit\;C:\Program Files\TortoiseGit\bin;c:\Program Files\Java\apache-maven-3.2.3\\bin;."/>
    <property name="java.specification.name" value="Java Platform API Specification"/>
    <property name="java.class.version" value="52.0"/>
    <property name="sun.management.compiler" value="HotSpot 64-Bit Tiered Compilers"/>
    <property name="os.version" value="6.3"/>
    <property name="user.home" value="C:\Users\Yehor_Yeshchenko"/>
    <property name="user.timezone" value="Europe/Helsinki"/>
    <property name="java.awt.printerjob" value="sun.awt.windows.WPrinterJob"/>
    <property name="java.specification.version" value="1.8"/>
    <property name="idea.launcher.bin.path" value="C:\Program Files (x86)\JetBrains\IntelliJ IDEA 14.0.2\bin"/>
    <property name="file.encoding" value="UTF-8"/>
    <property name="user.name" value="Yehor_Yeshchenko"/>
    <property name="java.class.path" value="C:\Program Files\Java\apache-maven-3.2.3\boot\plexus-classworlds-2.5.1.jar;C:\Program Files (x86)\JetBrains\IntelliJ IDEA 14.0.2\lib\idea_rt.jar"/>
    <property name="java.vm.specification.version" value="1.8"/>
    <property name="sun.arch.data.model" value="64"/>
    <property name="java.home" value="C:\Program Files\Java\jdk1.8.0_25\jre"/>
    <property name="sun.java.command" value="com.intellij.rt.execution.application.AppMain org.codehaus.classworlds.Launcher -Didea.version=14.0.2 clean test"/>
    <property name="java.specification.vendor" value="Oracle Corporation"/>
    <property name="user.language" value="en"/>
    <property name="awt.toolkit" value="sun.awt.windows.WToolkit"/>
    <property name="java.vm.info" value="mixed mode"/>
    <property name="java.version" value="1.8.0_25"/>
    <property name="java.ext.dirs" value="C:\Program Files\Java\jdk1.8.0_25\jre\lib\ext;C:\WINDOWS\Sun\Java\lib\ext"/>
    <property name="sun.boot.class.path" value="C:\Program Files\Java\jdk1.8.0_25\jre\lib\resources.jar;C:\Program Files\Java\jdk1.8.0_25\jre\lib\rt.jar;C:\Program Files\Java\jdk1.8.0_25\jre\lib\sunrsasign.jar;C:\Program Files\Java\jdk1.8.0_25\jre\lib\jsse.jar;C:\Program Files\Java\jdk1.8.0_25\jre\lib\jce.jar;C:\Program Files\Java\jdk1.8.0_25\jre\lib\charsets.jar;C:\Program Files\Java\jdk1.8.0_25\jre\lib\jfr.jar;C:\Program Files\Java\jdk1.8.0_25\jre\classes"/>
    <property name="java.vendor" value="Oracle Corporation"/>
    <property name="maven.home" value="C:\Program Files\Java\apache-maven-3.2.3"/>
    <property name="file.separator" value="\"/>
    <property name="java.vendor.url.bug" value="http://bugreport.sun.com/bugreport/"/>
    <property name="sun.cpu.endian" value="little"/>
    <property name="sun.io.unicode.encoding" value="UnicodeLittle"/>
    <property name="sun.desktop" value="windows"/>
    <property name="sun.cpu.isalist" value="amd64"/>
  </properties>
  <testcase name="userEmptyLogin" classname="khppp.tests.LoginTest" time="7.392"/>
  <testcase name="userEmptyPassword" classname="khppp.tests.LoginTest" time="0.83"/>
  <testcase name="userIncorrectLogin" classname="khppp.tests.LoginTest" time="0.798"/>
  <testcase name="userLogin" classname="khppp.tests.LoginTest" time="3.394"/>
  <testcase name="userLogin" classname="khppp.tests.LoginTest" time="1.137"/>
  <testcase name="userLogin" classname="khppp.tests.LoginTest" time="1.413"/>
  <testcase name="addUserCustomEmail" classname="khppp.tests.UsersTest" time="19.481"/>
  <testcase name="adminAddNewUser" classname="khppp.tests.UsersTest" time="13.14"/>
  <testcase name="adminAddNewUser" classname="khppp.tests.UsersTest" time="13.075"/>
  <testcase name="adminAddNewUser" classname="khppp.tests.UsersTest" time="12.67"/>
  <testcase name="adminAddNewUser" classname="khppp.tests.UsersTest" time="13.549"/>
  <testcase name="addUserWithoutName" classname="khppp.tests.UsersTest" time="2.545"/>
  <testcase name="addUserWithoutSurname" classname="khppp.tests.UsersTest" time="2.363"/>
  <testcase name="preConditions" classname="khppp.tests.GroupsTest" time="0">
    <skipped/>
    <system-out><![CDATA[Exception happens java.lang.NullPointerException
preConditions --- SKIPPED
]]></system-out>
  </testcase>
  <testcase name="addGroupBtnName" classname="khppp.tests.GroupsTest" time="34.541">
    <failure message="Timed out after 30 seconds waiting for visibility of element located by By.xpath: //a[contains(.,&apos;Groups&apos;)]&#10;Build info: version: &apos;2.44.0&apos;, revision: &apos;76d78cf323ce037c5f92db6c1bba601c2ac43ad8&apos;, time: &apos;2014-10-23 13:11:40&apos;&#10;System info: host: &apos;EPUAKHAW0662&apos;, ip: &apos;192.168.56.1&apos;, os.name: &apos;Windows 8.1&apos;, os.arch: &apos;amd64&apos;, os.version: &apos;6.3&apos;, java.version: &apos;1.8.0_25&apos;&#10;Driver info: org.openqa.selenium.remote.RemoteWebDriver&#10;Capabilities [{applicationCacheEnabled=true, rotatable=false, handlesAlerts=true, databaseEnabled=true, version=34.0.5, platform=WINDOWS, nativeEvents=false, acceptSslCerts=true, webdriver.remote.sessionid=35c93c1e-0cbc-4aa6-8453-e639dbabc83e, webStorageEnabled=true, locationContextEnabled=true, browserName=firefox, takesScreenshot=true, javascriptEnabled=true, cssSelectorsEnabled=true}]&#10;Session ID: 35c93c1e-0cbc-4aa6-8453-e639dbabc83e" type="org.openqa.selenium.TimeoutException"><![CDATA[org.openqa.selenium.TimeoutException: Timed out after 30 seconds waiting for visibility of element located by By.xpath: //a[contains(.,'Groups')]
Build info: version: '2.44.0', revision: '76d78cf323ce037c5f92db6c1bba601c2ac43ad8', time: '2014-10-23 13:11:40'
System info: host: 'EPUAKHAW0662', ip: '192.168.56.1', os.name: 'Windows 8.1', os.arch: 'amd64', os.version: '6.3', java.version: '1.8.0_25'
Driver info: org.openqa.selenium.remote.RemoteWebDriver
Capabilities [{applicationCacheEnabled=true, rotatable=false, handlesAlerts=true, databaseEnabled=true, version=34.0.5, platform=WINDOWS, nativeEvents=false, acceptSslCerts=true, webdriver.remote.sessionid=35c93c1e-0cbc-4aa6-8453-e639dbabc83e, webStorageEnabled=true, locationContextEnabled=true, browserName=firefox, takesScreenshot=true, javascriptEnabled=true, cssSelectorsEnabled=true}]
Session ID: 35c93c1e-0cbc-4aa6-8453-e639dbabc83e
	at org.openqa.selenium.remote.ErrorHandler.throwIfResponseFailed(ErrorHandler.java:136)
	at org.openqa.selenium.remote.RemoteWebDriver.execute(RemoteWebDriver.java:599)
	at org.openqa.selenium.remote.RemoteWebDriver.findElement(RemoteWebDriver.java:352)
	at org.openqa.selenium.remote.RemoteWebDriver.findElementByXPath(RemoteWebDriver.java:449)
	at org.openqa.selenium.By$ByXPath.findElement(By.java:357)
	at org.openqa.selenium.remote.RemoteWebDriver.findElement(RemoteWebDriver.java:344)
	at org.openqa.selenium.support.ui.ExpectedConditions.findElement(ExpectedConditions.java:730)
	at org.openqa.selenium.support.ui.ExpectedConditions.access$000(ExpectedConditions.java:39)
	at org.openqa.selenium.support.ui.ExpectedConditions$4.apply(ExpectedConditions.java:130)
	at org.openqa.selenium.support.ui.ExpectedConditions$4.apply(ExpectedConditions.java:126)
	at org.openqa.selenium.support.ui.FluentWait.until(FluentWait.java:208)
	at khppp.application.components.Component.waitFor(Component.java:73)
	at khppp.application.components.Component.waitFor(Component.java:83)
	at khppp.application.components.NavBar.getTab(NavBar.java:23)
	at khppp.application.steps.NavBarSteps.navigateToGroups(NavBarSteps.java:29)
	at khppp.tests.BaseCase.goToGroupsTab(BaseCase.java:67)
	at khppp.tests.GroupsTest.addGroupBtnName(GroupsTest.java:59)
Caused by: org.openqa.selenium.NoSuchElementException: Unable to locate element: {"method":"xpath","selector":"//a[contains(.,'Groups')]"}
For documentation on this error, please visit: http://seleniumhq.org/exceptions/no_such_element.html
Build info: version: '2.44.0', revision: '76d78cf', time: '2014-10-23 20:02:37'
System info: host: 'EPUAKHAW0662', ip: '192.168.56.1', os.name: 'Windows 8.1', os.arch: 'amd64', os.version: '6.3', java.version: '1.8.0_25'
Driver info: driver.version: unknown
For documentation on this error, please visit: http://seleniumhq.org/exceptions/no_such_element.html
Build info: version: '2.44.0', revision: '76d78cf323ce037c5f92db6c1bba601c2ac43ad8', time: '2014-10-23 13:11:40'
System info: host: 'EPUAKHAW0662', ip: '192.168.56.1', os.name: 'Windows 8.1', os.arch: 'amd64', os.version: '6.3', java.version: '1.8.0_25'
Driver info: driver.version: unknown
	at <anonymous class>.FirefoxDriver.prototype.findElementInternal_(file:///C:/Users/YEHOR_~1/AppData/Local/Temp/anonymous9033647809687997824webdriver-profile/extensions/fxdriver@googlecode.com/components/driver-component.js:9641:26)
	at <anonymous class>.fxdriver.Timer.prototype.setTimeout/<.notify(file:///C:/Users/YEHOR_~1/AppData/Local/Temp/anonymous9033647809687997824webdriver-profile/extensions/fxdriver@googlecode.com/components/driver-component.js:548:5)
]]></failure>
    <system-out><![CDATA[Test Started -> addGroupBtnName
Wait for By.xpath: //a[contains(.,'Groups')]
addGroupBtnName --- FAILED
org.openqa.selenium.TimeoutException: Timed out after 30 seconds waiting for visibility of element located by By.xpath: //a[contains(.,'Groups')]
Build info: version: '2.44.0', revision: '76d78cf323ce037c5f92db6c1bba601c2ac43ad8', time: '2014-10-23 13:11:40'
System info: host: 'EPUAKHAW0662', ip: '192.168.56.1', os.name: 'Windows 8.1', os.arch: 'amd64', os.version: '6.3', java.version: '1.8.0_25'
Driver info: org.openqa.selenium.remote.RemoteWebDriver
Capabilities [{applicationCacheEnabled=true, rotatable=false, handlesAlerts=true, databaseEnabled=true, version=34.0.5, platform=WINDOWS, nativeEvents=false, acceptSslCerts=true, webdriver.remote.sessionid=35c93c1e-0cbc-4aa6-8453-e639dbabc83e, webStorageEnabled=true, locationContextEnabled=true, browserName=firefox, takesScreenshot=true, javascriptEnabled=true, cssSelectorsEnabled=true}]
Session ID: 35c93c1e-0cbc-4aa6-8453-e639dbabc83e

]]></system-out>
  </testcase>
  <testcase name="exportBtnName" classname="khppp.tests.GroupsTest" time="18.882"/>
  <testcase name="validGroupsTableHead" classname="khppp.tests.GroupsTest" time="0.609"/>
  <testcase name="validTabName" classname="khppp.tests.GroupsTest" time="0.484"/>
  <testcase name="addEmptyGroup" classname="khppp.tests.GroupsTest" time="0">
    <skipped/>
    <system-out><![CDATA[Exception happens java.lang.NullPointerException
addEmptyGroup --- SKIPPED
]]></system-out>
  </testcase>
  <testcase name="addGroupWithoutDep" classname="khppp.tests.GroupsTest" time="0">
    <skipped/>
    <system-out><![CDATA[Exception happens java.lang.NullPointerException
addGroupWithoutDep --- SKIPPED
]]></system-out>
  </testcase>
  <testcase name="addGroupWithoutName" classname="khppp.tests.GroupsTest" time="0">
    <skipped/>
    <system-out><![CDATA[Exception happens java.lang.NullPointerException
addGroupWithoutName --- SKIPPED
]]></system-out>
  </testcase>
  <testcase name="groupNameFieldFromSpecialSymbol" classname="khppp.tests.GroupsTest" time="0">
    <skipped/>
    <system-out><![CDATA[Exception happens java.lang.NullPointerException
groupNameFieldFromSpecialSymbol --- SKIPPED
]]></system-out>
  </testcase>
  <testcase name="groupNameFieldOneSymbol" classname="khppp.tests.GroupsTest" time="0">
    <skipped/>
    <system-out><![CDATA[Exception happens java.lang.NullPointerException
groupNameFieldOneSymbol --- SKIPPED
]]></system-out>
  </testcase>
  <testcase name="validAddGroupTabName" classname="khppp.tests.GroupsTest" time="1.371"/>
  <testcase name="verifyButtonsDisplayed" classname="khppp.tests.GroupsTest" time="1.208"/>
  <testcase name="verifyGroupNameField" classname="khppp.tests.GroupsTest" time="1.2"/>
  <testcase name="verifyLabels" classname="khppp.tests.GroupsTest" time="1.686"/>
  <testcase name="creationOfMentee" classname="khppp.tests.GroupsTest" time="0">
    <skipped/>
    <system-out><![CDATA[creationOfMentee --- SKIPPED
]]></system-out>
  </testcase>
  <testcase name="displayGroupWithMentee" classname="khppp.tests.GroupsTest" time="0">
    <skipped/>
    <system-out><![CDATA[displayGroupWithMentee --- SKIPPED
]]></system-out>
  </testcase>
  <testcase name="menteeInAvailableMenteesField" classname="khppp.tests.GroupsTest" time="0">
    <skipped/>
    <system-out><![CDATA[menteeInAvailableMenteesField --- SKIPPED
]]></system-out>
  </testcase>
  <testcase name="createGroupWithMentee" classname="khppp.tests.GroupsTest" time="0">
    <skipped/>
    <system-out><![CDATA[createGroupWithMentee --- SKIPPED
]]></system-out>
  </testcase>
  <testcase name="removeMenteeFromGroup" classname="khppp.tests.GroupsTest" time="0">
    <skipped/>
    <system-out><![CDATA[removeMenteeFromGroup --- SKIPPED
]]></system-out>
  </testcase>
  <testcase name="preConditions" classname="khppp.tests.SubgroupTest" time="1.958"/>
  <testcase name="addNewEmptySubgroup" classname="khppp.tests.SubgroupTest" time="0">
    <skipped/>
    <system-out><![CDATA[addNewEmptySubgroup --- SKIPPED
]]></system-out>
  </testcase>
  <testcase name="addNewSubgroup" classname="khppp.tests.SubgroupTest" time="0">
    <skipped/>
    <system-out><![CDATA[addNewSubgroup --- SKIPPED
]]></system-out>
  </testcase>
  <testcase name="preConditionsMentee" classname="khppp.tests.StatusTest" time="1.842"/>
  <testcase name="preConditionsMentor" classname="khppp.tests.StatusTest" time="22.442"/>
  <testcase name="changeStatusByMentee" classname="khppp.tests.StatusTest" time="32.376">
    <failure message="Timed out after 30 seconds waiting for visibility of element located by By.xpath: .//*[@id=&apos;0&apos;]/td[1]&#10;Build info: version: &apos;2.44.0&apos;, revision: &apos;76d78cf323ce037c5f92db6c1bba601c2ac43ad8&apos;, time: &apos;2014-10-23 13:11:40&apos;&#10;System info: host: &apos;EPUAKHAW0662&apos;, ip: &apos;192.168.56.1&apos;, os.name: &apos;Windows 8.1&apos;, os.arch: &apos;amd64&apos;, os.version: &apos;6.3&apos;, java.version: &apos;1.8.0_25&apos;&#10;Driver info: org.openqa.selenium.remote.RemoteWebDriver&#10;Capabilities [{applicationCacheEnabled=true, rotatable=false, handlesAlerts=true, databaseEnabled=true, version=34.0.5, platform=WINDOWS, nativeEvents=false, acceptSslCerts=true, webdriver.remote.sessionid=bf3fe967-a367-4ba0-8363-c25053aef59d, webStorageEnabled=true, locationContextEnabled=true, browserName=firefox, takesScreenshot=true, javascriptEnabled=true, cssSelectorsEnabled=true}]&#10;Session ID: bf3fe967-a367-4ba0-8363-c25053aef59d" type="org.openqa.selenium.TimeoutException"><![CDATA[org.openqa.selenium.TimeoutException: Timed out after 30 seconds waiting for visibility of element located by By.xpath: .//*[@id='0']/td[1]
Build info: version: '2.44.0', revision: '76d78cf323ce037c5f92db6c1bba601c2ac43ad8', time: '2014-10-23 13:11:40'
System info: host: 'EPUAKHAW0662', ip: '192.168.56.1', os.name: 'Windows 8.1', os.arch: 'amd64', os.version: '6.3', java.version: '1.8.0_25'
Driver info: org.openqa.selenium.remote.RemoteWebDriver
Capabilities [{applicationCacheEnabled=true, rotatable=false, handlesAlerts=true, databaseEnabled=true, version=34.0.5, platform=WINDOWS, nativeEvents=false, acceptSslCerts=true, webdriver.remote.sessionid=bf3fe967-a367-4ba0-8363-c25053aef59d, webStorageEnabled=true, locationContextEnabled=true, browserName=firefox, takesScreenshot=true, javascriptEnabled=true, cssSelectorsEnabled=true}]
Session ID: bf3fe967-a367-4ba0-8363-c25053aef59d
	at org.openqa.selenium.remote.ErrorHandler.throwIfResponseFailed(ErrorHandler.java:136)
	at org.openqa.selenium.remote.RemoteWebDriver.execute(RemoteWebDriver.java:599)
	at org.openqa.selenium.remote.RemoteWebDriver.findElement(RemoteWebDriver.java:352)
	at org.openqa.selenium.remote.RemoteWebDriver.findElementByXPath(RemoteWebDriver.java:449)
	at org.openqa.selenium.By$ByXPath.findElement(By.java:357)
	at org.openqa.selenium.remote.RemoteWebDriver.findElement(RemoteWebDriver.java:344)
	at org.openqa.selenium.support.ui.ExpectedConditions.findElement(ExpectedConditions.java:730)
	at org.openqa.selenium.support.ui.ExpectedConditions.access$000(ExpectedConditions.java:39)
	at org.openqa.selenium.support.ui.ExpectedConditions$4.apply(ExpectedConditions.java:130)
	at org.openqa.selenium.support.ui.ExpectedConditions$4.apply(ExpectedConditions.java:126)
	at org.openqa.selenium.support.ui.FluentWait.until(FluentWait.java:208)
	at khppp.application.components.Component.waitFor(Component.java:73)
	at khppp.application.components.Component.waitFor(Component.java:83)
	at khppp.application.components.PersonalJournalPage.clickTaskName(PersonalJournalPage.java:19)
	at khppp.application.steps.StatusSteps.clickTaskNameStep(StatusSteps.java:21)
	at khppp.tests.StatusTest.changeStatusByMentee(StatusTest.java:64)
Caused by: org.openqa.selenium.NoSuchElementException: Unable to locate element: {"method":"xpath","selector":".//*[@id='0']/td[1]"}
For documentation on this error, please visit: http://seleniumhq.org/exceptions/no_such_element.html
Build info: version: '2.44.0', revision: '76d78cf', time: '2014-10-23 20:02:37'
System info: host: 'EPUAKHAW0662', ip: '192.168.56.1', os.name: 'Windows 8.1', os.arch: 'amd64', os.version: '6.3', java.version: '1.8.0_25'
Driver info: driver.version: unknown
For documentation on this error, please visit: http://seleniumhq.org/exceptions/no_such_element.html
Build info: version: '2.44.0', revision: '76d78cf323ce037c5f92db6c1bba601c2ac43ad8', time: '2014-10-23 13:11:40'
System info: host: 'EPUAKHAW0662', ip: '192.168.56.1', os.name: 'Windows 8.1', os.arch: 'amd64', os.version: '6.3', java.version: '1.8.0_25'
Driver info: driver.version: unknown
	at <anonymous class>.FirefoxDriver.prototype.findElementInternal_(file:///C:/Users/YEHOR_~1/AppData/Local/Temp/anonymous1182964102041632494webdriver-profile/extensions/fxdriver@googlecode.com/components/driver-component.js:9641:26)
	at <anonymous class>.fxdriver.Timer.prototype.setTimeout/<.notify(file:///C:/Users/YEHOR_~1/AppData/Local/Temp/anonymous1182964102041632494webdriver-profile/extensions/fxdriver@googlecode.com/components/driver-component.js:548:5)
]]></failure>
    <system-out><![CDATA[Test Started -> changeStatusByMentee
Wait for By.xpath: .//*[@id='0']/td[1]
changeStatusByMentee --- FAILED
org.openqa.selenium.TimeoutException: Timed out after 30 seconds waiting for visibility of element located by By.xpath: .//*[@id='0']/td[1]
Build info: version: '2.44.0', revision: '76d78cf323ce037c5f92db6c1bba601c2ac43ad8', time: '2014-10-23 13:11:40'
System info: host: 'EPUAKHAW0662', ip: '192.168.56.1', os.name: 'Windows 8.1', os.arch: 'amd64', os.version: '6.3', java.version: '1.8.0_25'
Driver info: org.openqa.selenium.remote.RemoteWebDriver
Capabilities [{applicationCacheEnabled=true, rotatable=false, handlesAlerts=true, databaseEnabled=true, version=34.0.5, platform=WINDOWS, nativeEvents=false, acceptSslCerts=true, webdriver.remote.sessionid=bf3fe967-a367-4ba0-8363-c25053aef59d, webStorageEnabled=true, locationContextEnabled=true, browserName=firefox, takesScreenshot=true, javascriptEnabled=true, cssSelectorsEnabled=true}]
Session ID: bf3fe967-a367-4ba0-8363-c25053aef59d

]]></system-out>
  </testcase>
  <testcase name="changeStatusByMentor" classname="khppp.tests.StatusTest" time="0">
    <skipped/>
    <system-out><![CDATA[changeStatusByMentor --- SKIPPED
]]></system-out>
  </testcase>
  <testcase name="preConditions" classname="khppp.tests.GroupJournalTests" time="1.507"/>
  <testcase name="validWithoutSubgroupTitle" classname="khppp.tests.GroupJournalTests" time="1.215">
    <failure message="&#10;Expected: is &lt;true&gt;&#10;     but: was &lt;false&gt;" type="java.lang.AssertionError"><![CDATA[java.lang.AssertionError: 
Expected: is <true>
     but: was <false>
	at org.hamcrest.MatcherAssert.assertThat(MatcherAssert.java:20)
	at org.hamcrest.MatcherAssert.assertThat(MatcherAssert.java:8)
	at khppp.tests.GroupJournalTests.validWithoutSubgroupTitle(GroupJournalTests.java:117)
]]></failure>
    <system-out><![CDATA[Test Started -> validWithoutSubgroupTitle
Wait for By.xpath: //a[contains(.,'Groups')]
Wait for By.xpath: .//*[@id='table_group_journal']/tbody/tr/td[2][text()!=0]
Wait for By.xpath:  //*[@id='table_body']/tr[1]/td[2]
validWithoutSubgroupTitle --- FAILED
java.lang.AssertionError: 
Expected: is <true>
     but: was <false>

]]></system-out>
  </testcase>
  <testcase name="workOfBackButton" classname="khppp.tests.GroupJournalTests" time="1.317"/>
  <testcase name="creationOfMentee" classname="khppp.tests.GroupJournalTests" time="2.435"/>
  <testcase name="correctAddSubgroupBtnName" classname="khppp.tests.GroupJournalTests" time="32.139">
    <failure message="Timed out after 30 seconds waiting for visibility of element located by By.xpath: //div[@class=&apos;submenu&apos;]/a[text()=&apos;Add Subgroup&apos;]&#10;Build info: version: &apos;2.44.0&apos;, revision: &apos;76d78cf323ce037c5f92db6c1bba601c2ac43ad8&apos;, time: &apos;2014-10-23 13:11:40&apos;&#10;System info: host: &apos;EPUAKHAW0662&apos;, ip: &apos;192.168.56.1&apos;, os.name: &apos;Windows 8.1&apos;, os.arch: &apos;amd64&apos;, os.version: &apos;6.3&apos;, java.version: &apos;1.8.0_25&apos;&#10;Driver info: org.openqa.selenium.remote.RemoteWebDriver&#10;Capabilities [{applicationCacheEnabled=true, rotatable=false, handlesAlerts=true, databaseEnabled=true, version=34.0.5, platform=WINDOWS, nativeEvents=false, acceptSslCerts=true, webdriver.remote.sessionid=dd32a7a8-bfdb-4842-9d30-47ff41b73d7a, webStorageEnabled=true, locationContextEnabled=true, browserName=firefox, takesScreenshot=true, javascriptEnabled=true, cssSelectorsEnabled=true}]&#10;Session ID: dd32a7a8-bfdb-4842-9d30-47ff41b73d7a" type="org.openqa.selenium.TimeoutException"><![CDATA[org.openqa.selenium.TimeoutException: Timed out after 30 seconds waiting for visibility of element located by By.xpath: //div[@class='submenu']/a[text()='Add Subgroup']
Build info: version: '2.44.0', revision: '76d78cf323ce037c5f92db6c1bba601c2ac43ad8', time: '2014-10-23 13:11:40'
System info: host: 'EPUAKHAW0662', ip: '192.168.56.1', os.name: 'Windows 8.1', os.arch: 'amd64', os.version: '6.3', java.version: '1.8.0_25'
Driver info: org.openqa.selenium.remote.RemoteWebDriver
Capabilities [{applicationCacheEnabled=true, rotatable=false, handlesAlerts=true, databaseEnabled=true, version=34.0.5, platform=WINDOWS, nativeEvents=false, acceptSslCerts=true, webdriver.remote.sessionid=dd32a7a8-bfdb-4842-9d30-47ff41b73d7a, webStorageEnabled=true, locationContextEnabled=true, browserName=firefox, takesScreenshot=true, javascriptEnabled=true, cssSelectorsEnabled=true}]
Session ID: dd32a7a8-bfdb-4842-9d30-47ff41b73d7a
	at org.openqa.selenium.remote.ErrorHandler.throwIfResponseFailed(ErrorHandler.java:136)
	at org.openqa.selenium.remote.RemoteWebDriver.execute(RemoteWebDriver.java:599)
	at org.openqa.selenium.remote.RemoteWebDriver.findElement(RemoteWebDriver.java:352)
	at org.openqa.selenium.remote.RemoteWebDriver.findElementByXPath(RemoteWebDriver.java:449)
	at org.openqa.selenium.By$ByXPath.findElement(By.java:357)
	at org.openqa.selenium.remote.RemoteWebDriver.findElement(RemoteWebDriver.java:344)
	at org.openqa.selenium.support.ui.ExpectedConditions.findElement(ExpectedConditions.java:730)
	at org.openqa.selenium.support.ui.ExpectedConditions.access$000(ExpectedConditions.java:39)
	at org.openqa.selenium.support.ui.ExpectedConditions$4.apply(ExpectedConditions.java:130)
	at org.openqa.selenium.support.ui.ExpectedConditions$4.apply(ExpectedConditions.java:126)
	at org.openqa.selenium.support.ui.FluentWait.until(FluentWait.java:208)
	at khppp.application.components.Component.waitFor(Component.java:73)
	at khppp.application.components.Component.waitFor(Component.java:83)
	at khppp.application.components.GroupJournalPage.isBtnAddSubgroupDisplayed(GroupJournalPage.java:31)
	at khppp.application.steps.GroupJournalSteps.isAddSubgroupDisplayed(GroupJournalSteps.java:45)
	at khppp.tests.GroupJournalTests.correctAddSubgroupBtnName(GroupJournalTests.java:85)
Caused by: org.openqa.selenium.NoSuchElementException: Unable to locate element: {"method":"xpath","selector":"//div[@class='submenu']/a[text()='Add Subgroup']"}
For documentation on this error, please visit: http://seleniumhq.org/exceptions/no_such_element.html
Build info: version: '2.44.0', revision: '76d78cf', time: '2014-10-23 20:02:37'
System info: host: 'EPUAKHAW0662', ip: '192.168.56.1', os.name: 'Windows 8.1', os.arch: 'amd64', os.version: '6.3', java.version: '1.8.0_25'
Driver info: driver.version: unknown
For documentation on this error, please visit: http://seleniumhq.org/exceptions/no_such_element.html
Build info: version: '2.44.0', revision: '76d78cf323ce037c5f92db6c1bba601c2ac43ad8', time: '2014-10-23 13:11:40'
System info: host: 'EPUAKHAW0662', ip: '192.168.56.1', os.name: 'Windows 8.1', os.arch: 'amd64', os.version: '6.3', java.version: '1.8.0_25'
Driver info: driver.version: unknown
	at <anonymous class>.FirefoxDriver.prototype.findElementInternal_(file:///C:/Users/YEHOR_~1/AppData/Local/Temp/anonymous8143357805961477093webdriver-profile/extensions/fxdriver@googlecode.com/components/driver-component.js:9641:26)
	at <anonymous class>.fxdriver.Timer.prototype.setTimeout/<.notify(file:///C:/Users/YEHOR_~1/AppData/Local/Temp/anonymous8143357805961477093webdriver-profile/extensions/fxdriver@googlecode.com/components/driver-component.js:548:5)
]]></failure>
    <system-out><![CDATA[Test Started -> correctAddSubgroupBtnName
Wait for By.xpath: //div[@class='submenu']/a[text()='Add Subgroup']
correctAddSubgroupBtnName --- FAILED
org.openqa.selenium.TimeoutException: Timed out after 30 seconds waiting for visibility of element located by By.xpath: //div[@class='submenu']/a[text()='Add Subgroup']
Build info: version: '2.44.0', revision: '76d78cf323ce037c5f92db6c1bba601c2ac43ad8', time: '2014-10-23 13:11:40'
System info: host: 'EPUAKHAW0662', ip: '192.168.56.1', os.name: 'Windows 8.1', os.arch: 'amd64', os.version: '6.3', java.version: '1.8.0_25'
Driver info: org.openqa.selenium.remote.RemoteWebDriver
Capabilities [{applicationCacheEnabled=true, rotatable=false, handlesAlerts=true, databaseEnabled=true, version=34.0.5, platform=WINDOWS, nativeEvents=false, acceptSslCerts=true, webdriver.remote.sessionid=dd32a7a8-bfdb-4842-9d30-47ff41b73d7a, webStorageEnabled=true, locationContextEnabled=true, browserName=firefox, takesScreenshot=true, javascriptEnabled=true, cssSelectorsEnabled=true}]
Session ID: dd32a7a8-bfdb-4842-9d30-47ff41b73d7a

]]></system-out>
  </testcase>
  <testcase name="correctAssignBtnName" classname="khppp.tests.GroupJournalTests" time="32.729">
    <failure message="Timed out after 30 seconds waiting for visibility of element located by By.xpath: //a[@class=&apos;btn btn-success&apos;][2]&#10;Build info: version: &apos;2.44.0&apos;, revision: &apos;76d78cf323ce037c5f92db6c1bba601c2ac43ad8&apos;, time: &apos;2014-10-23 13:11:40&apos;&#10;System info: host: &apos;EPUAKHAW0662&apos;, ip: &apos;192.168.56.1&apos;, os.name: &apos;Windows 8.1&apos;, os.arch: &apos;amd64&apos;, os.version: &apos;6.3&apos;, java.version: &apos;1.8.0_25&apos;&#10;Driver info: org.openqa.selenium.remote.RemoteWebDriver&#10;Capabilities [{applicationCacheEnabled=true, rotatable=false, handlesAlerts=true, databaseEnabled=true, version=34.0.5, platform=WINDOWS, nativeEvents=false, acceptSslCerts=true, webdriver.remote.sessionid=dd32a7a8-bfdb-4842-9d30-47ff41b73d7a, webStorageEnabled=true, locationContextEnabled=true, browserName=firefox, takesScreenshot=true, javascriptEnabled=true, cssSelectorsEnabled=true}]&#10;Session ID: dd32a7a8-bfdb-4842-9d30-47ff41b73d7a" type="org.openqa.selenium.TimeoutException"><![CDATA[org.openqa.selenium.TimeoutException: Timed out after 30 seconds waiting for visibility of element located by By.xpath: //a[@class='btn btn-success'][2]
Build info: version: '2.44.0', revision: '76d78cf323ce037c5f92db6c1bba601c2ac43ad8', time: '2014-10-23 13:11:40'
System info: host: 'EPUAKHAW0662', ip: '192.168.56.1', os.name: 'Windows 8.1', os.arch: 'amd64', os.version: '6.3', java.version: '1.8.0_25'
Driver info: org.openqa.selenium.remote.RemoteWebDriver
Capabilities [{applicationCacheEnabled=true, rotatable=false, handlesAlerts=true, databaseEnabled=true, version=34.0.5, platform=WINDOWS, nativeEvents=false, acceptSslCerts=true, webdriver.remote.sessionid=dd32a7a8-bfdb-4842-9d30-47ff41b73d7a, webStorageEnabled=true, locationContextEnabled=true, browserName=firefox, takesScreenshot=true, javascriptEnabled=true, cssSelectorsEnabled=true}]
Session ID: dd32a7a8-bfdb-4842-9d30-47ff41b73d7a
	at org.openqa.selenium.remote.ErrorHandler.throwIfResponseFailed(ErrorHandler.java:136)
	at org.openqa.selenium.remote.RemoteWebDriver.execute(RemoteWebDriver.java:599)
	at org.openqa.selenium.remote.RemoteWebDriver.findElement(RemoteWebDriver.java:352)
	at org.openqa.selenium.remote.RemoteWebDriver.findElementByXPath(RemoteWebDriver.java:449)
	at org.openqa.selenium.By$ByXPath.findElement(By.java:357)
	at org.openqa.selenium.remote.RemoteWebDriver.findElement(RemoteWebDriver.java:344)
	at org.openqa.selenium.support.ui.ExpectedConditions.findElement(ExpectedConditions.java:730)
	at org.openqa.selenium.support.ui.ExpectedConditions.access$000(ExpectedConditions.java:39)
	at org.openqa.selenium.support.ui.ExpectedConditions$4.apply(ExpectedConditions.java:130)
	at org.openqa.selenium.support.ui.ExpectedConditions$4.apply(ExpectedConditions.java:126)
	at org.openqa.selenium.support.ui.FluentWait.until(FluentWait.java:208)
	at khppp.application.components.Component.waitFor(Component.java:73)
	at khppp.application.components.Component.waitFor(Component.java:83)
	at khppp.application.components.GroupJournalPage.isBtnAssignDisplayed(GroupJournalPage.java:35)
	at khppp.application.steps.GroupJournalSteps.isAssignDisplayed(GroupJournalSteps.java:49)
	at khppp.tests.GroupJournalTests.correctAssignBtnName(GroupJournalTests.java:91)
Caused by: org.openqa.selenium.NoSuchElementException: Unable to locate element: {"method":"xpath","selector":"//a[@class='btn btn-success'][2]"}
For documentation on this error, please visit: http://seleniumhq.org/exceptions/no_such_element.html
Build info: version: '2.44.0', revision: '76d78cf', time: '2014-10-23 20:02:37'
System info: host: 'EPUAKHAW0662', ip: '192.168.56.1', os.name: 'Windows 8.1', os.arch: 'amd64', os.version: '6.3', java.version: '1.8.0_25'
Driver info: driver.version: unknown
For documentation on this error, please visit: http://seleniumhq.org/exceptions/no_such_element.html
Build info: version: '2.44.0', revision: '76d78cf323ce037c5f92db6c1bba601c2ac43ad8', time: '2014-10-23 13:11:40'
System info: host: 'EPUAKHAW0662', ip: '192.168.56.1', os.name: 'Windows 8.1', os.arch: 'amd64', os.version: '6.3', java.version: '1.8.0_25'
Driver info: driver.version: unknown
	at <anonymous class>.FirefoxDriver.prototype.findElementInternal_(file:///C:/Users/YEHOR_~1/AppData/Local/Temp/anonymous8143357805961477093webdriver-profile/extensions/fxdriver@googlecode.com/components/driver-component.js:9641:26)
	at <anonymous class>.fxdriver.Timer.prototype.setTimeout/<.notify(file:///C:/Users/YEHOR_~1/AppData/Local/Temp/anonymous8143357805961477093webdriver-profile/extensions/fxdriver@googlecode.com/components/driver-component.js:548:5)
]]></failure>
    <system-out><![CDATA[Test Started -> correctAssignBtnName
Wait for By.xpath: //a[@class='btn btn-success'][2]
correctAssignBtnName --- FAILED
org.openqa.selenium.TimeoutException: Timed out after 30 seconds waiting for visibility of element located by By.xpath: //a[@class='btn btn-success'][2]
Build info: version: '2.44.0', revision: '76d78cf323ce037c5f92db6c1bba601c2ac43ad8', time: '2014-10-23 13:11:40'
System info: host: 'EPUAKHAW0662', ip: '192.168.56.1', os.name: 'Windows 8.1', os.arch: 'amd64', os.version: '6.3', java.version: '1.8.0_25'
Driver info: org.openqa.selenium.remote.RemoteWebDriver
Capabilities [{applicationCacheEnabled=true, rotatable=false, handlesAlerts=true, databaseEnabled=true, version=34.0.5, platform=WINDOWS, nativeEvents=false, acceptSslCerts=true, webdriver.remote.sessionid=dd32a7a8-bfdb-4842-9d30-47ff41b73d7a, webStorageEnabled=true, locationContextEnabled=true, browserName=firefox, takesScreenshot=true, javascriptEnabled=true, cssSelectorsEnabled=true}]
Session ID: dd32a7a8-bfdb-4842-9d30-47ff41b73d7a

]]></system-out>
  </testcase>
  <testcase name="correctBackBtnName" classname="khppp.tests.GroupJournalTests" time="32.344">
    <failure message="Timed out after 30 seconds waiting for visibility of element located by By.xpath:  .//*[@id=&apos;group_journal_submit&apos;]/div[2]/a&#10;Build info: version: &apos;2.44.0&apos;, revision: &apos;76d78cf323ce037c5f92db6c1bba601c2ac43ad8&apos;, time: &apos;2014-10-23 13:11:40&apos;&#10;System info: host: &apos;EPUAKHAW0662&apos;, ip: &apos;192.168.56.1&apos;, os.name: &apos;Windows 8.1&apos;, os.arch: &apos;amd64&apos;, os.version: &apos;6.3&apos;, java.version: &apos;1.8.0_25&apos;&#10;Driver info: org.openqa.selenium.remote.RemoteWebDriver&#10;Capabilities [{applicationCacheEnabled=true, rotatable=false, handlesAlerts=true, databaseEnabled=true, version=34.0.5, platform=WINDOWS, nativeEvents=false, acceptSslCerts=true, webdriver.remote.sessionid=dd32a7a8-bfdb-4842-9d30-47ff41b73d7a, webStorageEnabled=true, locationContextEnabled=true, browserName=firefox, takesScreenshot=true, javascriptEnabled=true, cssSelectorsEnabled=true}]&#10;Session ID: dd32a7a8-bfdb-4842-9d30-47ff41b73d7a" type="org.openqa.selenium.TimeoutException"><![CDATA[org.openqa.selenium.TimeoutException: Timed out after 30 seconds waiting for visibility of element located by By.xpath:  .//*[@id='group_journal_submit']/div[2]/a
Build info: version: '2.44.0', revision: '76d78cf323ce037c5f92db6c1bba601c2ac43ad8', time: '2014-10-23 13:11:40'
System info: host: 'EPUAKHAW0662', ip: '192.168.56.1', os.name: 'Windows 8.1', os.arch: 'amd64', os.version: '6.3', java.version: '1.8.0_25'
Driver info: org.openqa.selenium.remote.RemoteWebDriver
Capabilities [{applicationCacheEnabled=true, rotatable=false, handlesAlerts=true, databaseEnabled=true, version=34.0.5, platform=WINDOWS, nativeEvents=false, acceptSslCerts=true, webdriver.remote.sessionid=dd32a7a8-bfdb-4842-9d30-47ff41b73d7a, webStorageEnabled=true, locationContextEnabled=true, browserName=firefox, takesScreenshot=true, javascriptEnabled=true, cssSelectorsEnabled=true}]
Session ID: dd32a7a8-bfdb-4842-9d30-47ff41b73d7a
	at org.openqa.selenium.remote.ErrorHandler.throwIfResponseFailed(ErrorHandler.java:136)
	at org.openqa.selenium.remote.RemoteWebDriver.execute(RemoteWebDriver.java:599)
	at org.openqa.selenium.remote.RemoteWebDriver.findElement(RemoteWebDriver.java:352)
	at org.openqa.selenium.remote.RemoteWebDriver.findElementByXPath(RemoteWebDriver.java:449)
	at org.openqa.selenium.By$ByXPath.findElement(By.java:357)
	at org.openqa.selenium.remote.RemoteWebDriver.findElement(RemoteWebDriver.java:344)
	at org.openqa.selenium.support.ui.ExpectedConditions.findElement(ExpectedConditions.java:730)
	at org.openqa.selenium.support.ui.ExpectedConditions.access$000(ExpectedConditions.java:39)
	at org.openqa.selenium.support.ui.ExpectedConditions$4.apply(ExpectedConditions.java:130)
	at org.openqa.selenium.support.ui.ExpectedConditions$4.apply(ExpectedConditions.java:126)
	at org.openqa.selenium.support.ui.FluentWait.until(FluentWait.java:208)
	at khppp.application.components.Component.waitFor(Component.java:73)
	at khppp.application.components.Component.waitFor(Component.java:83)
	at khppp.application.components.GroupJournalPage.isBtnBackDisplayed(GroupJournalPage.java:45)
	at khppp.application.steps.GroupJournalSteps.isBackDisplayed(GroupJournalSteps.java:57)
	at khppp.tests.GroupJournalTests.correctBackBtnName(GroupJournalTests.java:103)
Caused by: org.openqa.selenium.NoSuchElementException: Unable to locate element: {"method":"xpath","selector":" .//*[@id='group_journal_submit']/div[2]/a"}
For documentation on this error, please visit: http://seleniumhq.org/exceptions/no_such_element.html
Build info: version: '2.44.0', revision: '76d78cf', time: '2014-10-23 20:02:37'
System info: host: 'EPUAKHAW0662', ip: '192.168.56.1', os.name: 'Windows 8.1', os.arch: 'amd64', os.version: '6.3', java.version: '1.8.0_25'
Driver info: driver.version: unknown
For documentation on this error, please visit: http://seleniumhq.org/exceptions/no_such_element.html
Build info: version: '2.44.0', revision: '76d78cf323ce037c5f92db6c1bba601c2ac43ad8', time: '2014-10-23 13:11:40'
System info: host: 'EPUAKHAW0662', ip: '192.168.56.1', os.name: 'Windows 8.1', os.arch: 'amd64', os.version: '6.3', java.version: '1.8.0_25'
Driver info: driver.version: unknown
	at <anonymous class>.FirefoxDriver.prototype.findElementInternal_(file:///C:/Users/YEHOR_~1/AppData/Local/Temp/anonymous8143357805961477093webdriver-profile/extensions/fxdriver@googlecode.com/components/driver-component.js:9641:26)
	at <anonymous class>.fxdriver.Timer.prototype.setTimeout/<.notify(file:///C:/Users/YEHOR_~1/AppData/Local/Temp/anonymous8143357805961477093webdriver-profile/extensions/fxdriver@googlecode.com/components/driver-component.js:548:5)
]]></failure>
    <system-out><![CDATA[Test Started -> correctBackBtnName
Wait for By.xpath:  .//*[@id='group_journal_submit']/div[2]/a
correctBackBtnName --- FAILED
org.openqa.selenium.TimeoutException: Timed out after 30 seconds waiting for visibility of element located by By.xpath:  .//*[@id='group_journal_submit']/div[2]/a
Build info: version: '2.44.0', revision: '76d78cf323ce037c5f92db6c1bba601c2ac43ad8', time: '2014-10-23 13:11:40'
System info: host: 'EPUAKHAW0662', ip: '192.168.56.1', os.name: 'Windows 8.1', os.arch: 'amd64', os.version: '6.3', java.version: '1.8.0_25'
Driver info: org.openqa.selenium.remote.RemoteWebDriver
Capabilities [{applicationCacheEnabled=true, rotatable=false, handlesAlerts=true, databaseEnabled=true, version=34.0.5, platform=WINDOWS, nativeEvents=false, acceptSslCerts=true, webdriver.remote.sessionid=dd32a7a8-bfdb-4842-9d30-47ff41b73d7a, webStorageEnabled=true, locationContextEnabled=true, browserName=firefox, takesScreenshot=true, javascriptEnabled=true, cssSelectorsEnabled=true}]
Session ID: dd32a7a8-bfdb-4842-9d30-47ff41b73d7a

]]></system-out>
  </testcase>
  <testcase name="correctExportBtnName" classname="khppp.tests.GroupJournalTests" time="18.464"/>
  <testcase name="correctGroupName" classname="khppp.tests.GroupJournalTests" time="1.842"/>
  <testcase name="correctPageName" classname="khppp.tests.GroupJournalTests" time="0.075"/>
  <testcase name="validGroupJournalTableHead" classname="khppp.tests.GroupJournalTests" time="0.147"/>
  <testcase name="availableMentees" classname="khppp.tests.GroupJournalTests" time="1.162"/>
  <testcase name="createGroupWithMentee" classname="khppp.tests.GroupJournalTests" time="3.022"/>
</testsuite>